New log file opened at Sun Oct 02 12:28:33 COT 2016 by 4056@andres-PC
Sending msg to client play-fork-run-2f193486-5c79-42ca-977c-651fde4a9815: DetachedLogEvent(LogMessage(debug,sbt server socket logs are in: /home/andres/Instalaciones/BiciPlay5/.sbtserver/connections/master.log))
Sending msg to client play-fork-run-2f193486-5c79-42ca-977c-651fde4a9815: DetachedLogEvent(LogMessage(debug,sbt client logs are in: /home/andres/Instalaciones/BiciPlay5/.sbtserver/connections/play-fork-run-2f193486-5c79-42ca-977c-651fde4a9815.log))
Sending msg to client play-fork-run-2f193486-5c79-42ca-977c-651fde4a9815: DetachedLogEvent(LogMessage(debug,sbt general server logs are in: /home/andres/Instalaciones/BiciPlay5/.sbtserver/master.log))
Reading next message from client.
Got request: DaemonRequest(true)
Reading next message from client.
Sending msg to client play-fork-run-2f193486-5c79-42ca-977c-651fde4a9815: (3,ReceivedResponse())
Got request: ListenToEvents()
Reading next message from client.
Sending msg to client play-fork-run-2f193486-5c79-42ca-977c-651fde4a9815: ExecutionWaiting(458,test,ClientInfo(34513b66-b931-4098-ad44-efcb4b07fa18,activator,Activator,3,Vector()))
Sending msg to client play-fork-run-2f193486-5c79-42ca-977c-651fde4a9815: ExecutionStarting(458)
Sending msg to client play-fork-run-2f193486-5c79-42ca-977c-651fde4a9815: TaskStarted(458,62654,Some(AttributeKey[sbt.Tests$Output]("executeTests") in Scope(Build: file:/home/andres/Instalaciones/BiciPlay5/, , Project: ProjectReference(file:/home/andres/Instalaciones/BiciPlay5/,root), Config: test)))
Sending msg to client play-fork-run-2f193486-5c79-42ca-977c-651fde4a9815: TaskStarted(458,62987,None)
Sending msg to client play-fork-run-2f193486-5c79-42ca-977c-651fde4a9815: TaskStarted(458,62986,None)
Sending msg to client play-fork-run-2f193486-5c79-42ca-977c-651fde4a9815: TaskStarted(458,62514,Some(AttributeKey[scala.Tuple2[scala.Enumeration$Value,scala.collection.immutable.Map[java.lang.String,sbt.SuiteResult]]]("mochaExecuteTests") in Scope(Build: file:/home/andres/Instalaciones/BiciPlay5/, , Project: ProjectReference(file:/home/andres/Instalaciones/BiciPlay5/,root))))
Sending msg to client play-fork-run-2f193486-5c79-42ca-977c-651fde4a9815: BackgroundJobStarted(457,BackgroundJobInfo(64,backgroundRun,AttributeKey[sbt.BackgroundJobHandle]("backgroundRun") in Scope(Build: file:/home/andres/Instalaciones/BiciPlay5/, , Project: ProjectReference(file:/home/andres/Instalaciones/BiciPlay5/,root), Config: compile)))
Sending msg to client play-fork-run-2f193486-5c79-42ca-977c-651fde4a9815: (4,ReceivedResponse())
Got request: KeyLookupRequest(root/playForkConfig)
Reading next message from client.
Sending msg to client play-fork-run-2f193486-5c79-42ca-977c-651fde4a9815: DetachedLogEvent(LogMessage(debug,Create a single-thread test executor))
Sending msg to client play-fork-run-2f193486-5c79-42ca-977c-651fde4a9815: DetachedLogEvent(LogMessage(debug,Runner for com.novocode.junit.JUnitFramework produced 2 initial tasks for 2 tests.))
Sending msg to client play-fork-run-2f193486-5c79-42ca-977c-651fde4a9815: DetachedLogEvent(LogMessage(debug,  Running TaskDef(ApplicationTest, sbt.ForkMain$AnnotatedFingerscan@564f1a8d, false, [SuiteSelector])))
Sending msg to client play-fork-run-2f193486-5c79-42ca-977c-651fde4a9815: (5,KeyLookupResponse(root/playForkConfig,Vector(AttributeKey[play.forkrun.protocol.ForkConfig]("playForkConfig") in Scope(Build: file:/home/andres/Instalaciones/BiciPlay5/, , Project: ProjectReference(file:/home/andres/Instalaciones/BiciPlay5/,root)))))
Sending msg to client play-fork-run-2f193486-5c79-42ca-977c-651fde4a9815: DetachedLogEvent(LogMessage(debug,Test run started))
Sending msg to client play-fork-run-2f193486-5c79-42ca-977c-651fde4a9815: DetachedLogEvent(LogMessage(debug,Test ApplicationTest.simpleCheck started))
Sending msg to client play-fork-run-2f193486-5c79-42ca-977c-651fde4a9815: DetachedLogEvent(LogMessage(debug,Test ApplicationTest.simpleCheck finished, took 0.002 sec))
Sending msg to client play-fork-run-2f193486-5c79-42ca-977c-651fde4a9815: DetachedLogEvent(LogMessage(debug,Test ApplicationTest.renderTemplate started))
Got request: ListenToValue(AttributeKey[play.forkrun.protocol.ForkConfig]("playForkConfig") in Scope(Build: file:/home/andres/Instalaciones/BiciPlay5/, , Project: ProjectReference(file:/home/andres/Instalaciones/BiciPlay5/,root)))
Reading next message from client.
Sending msg to client play-fork-run-2f193486-5c79-42ca-977c-651fde4a9815: (6,ReceivedResponse())
Got request: KeyExecutionRequest(AttributeKey[play.forkrun.protocol.ForkConfig]("playForkConfig") in Scope(Build: file:/home/andres/Instalaciones/BiciPlay5/, , Project: ProjectReference(file:/home/andres/Instalaciones/BiciPlay5/,root)))
Reading next message from client.
Sending msg to client play-fork-run-2f193486-5c79-42ca-977c-651fde4a9815: (7,ExecutionRequestReceived(459))
Sending msg to client play-fork-run-2f193486-5c79-42ca-977c-651fde4a9815: ExecutionWaiting(459,{file:/home/andres/Instalaciones/BiciPlay5/}root/*:playForkConfig,ClientInfo(2f193486-5c79-42ca-977c-651fde4a9815,play-fork-run,Play Fork Run,1,Vector()))
Sending msg to client play-fork-run-2f193486-5c79-42ca-977c-651fde4a9815: DetachedLogEvent(LogMessage(error,Read from stdout: Test ApplicationTest.renderTemplate failed: null, took 0.244 sec))
Sending msg to client play-fork-run-2f193486-5c79-42ca-977c-651fde4a9815: DetachedLogEvent(LogMessage(error,Test ApplicationTest.renderTemplate failed: null, took 0.244 sec))
Sending msg to client play-fork-run-2f193486-5c79-42ca-977c-651fde4a9815: DetachedLogEvent(LogMessage(debug,Test ApplicationTest.renderTemplate finished, took 0.245 sec))
Sending msg to client play-fork-run-2f193486-5c79-42ca-977c-651fde4a9815: DetachedLogEvent(LogMessage(debug,Test run finished: 1 failed, 0 ignored, 2 total, 0.253s))
Sending msg to client play-fork-run-2f193486-5c79-42ca-977c-651fde4a9815: DetachedLogEvent(LogMessage(debug,    Produced 0 nested tasks and 2 events.))
Sending msg to client play-fork-run-2f193486-5c79-42ca-977c-651fde4a9815: TaskEvent(0,LazyValue(TestGroupStarted(ApplicationTest),sbt.protocol.TestGroupStar$$$$a1c43a69e6d69fc565aebe15e13b1a1$$$$tedPickler1$2$@63306a37))
Sending msg to client play-fork-run-2f193486-5c79-42ca-977c-651fde4a9815: TaskEvent(0,LazyValue(TestEvent(ApplicationTest.simpleCheck,None,passed,None,2),sbt.protocol.TestEvent$SbtProtocolTestEventPickler1$2$@5eccf050))
Sending msg to client play-fork-run-2f193486-5c79-42ca-977c-651fde4a9815: TaskEvent(0,LazyValue(TestEvent(ApplicationTest.renderTemplate,None,failed,Some(sbt.ForkMain$ForkError),244),sbt.protocol.TestEvent$SbtProtocolTestEventPickler1$2$@5eccf050))
Sending msg to client play-fork-run-2f193486-5c79-42ca-977c-651fde4a9815: TaskEvent(0,LazyValue(TestGroupFinished(ApplicationTest,failed,None),sbt.protocol.TestGroupFini$$$$c8161fda9fde24be4dd9f5afdb23f2e6$$$$hedPickler1$2$@6f501264))
Sending msg to client play-fork-run-2f193486-5c79-42ca-977c-651fde4a9815: DetachedLogEvent(LogMessage(debug,  Running TaskDef(IntegrationTest, sbt.ForkMain$AnnotatedFingerscan@35ecc026, false, [SuiteSelector])))
Sending msg to client play-fork-run-2f193486-5c79-42ca-977c-651fde4a9815: DetachedLogEvent(LogMessage(debug,Test run started))
Sending msg to client play-fork-run-2f193486-5c79-42ca-977c-651fde4a9815: DetachedLogEvent(LogMessage(debug,Test IntegrationTest.test started))
Sending msg to client play-fork-run-2f193486-5c79-42ca-977c-651fde4a9815: TaskFinished(458,62514,Some(AttributeKey[scala.Tuple2[scala.Enumeration$Value,scala.collection.immutable.Map[java.lang.String,sbt.SuiteResult]]]("mochaExecuteTests") in Scope(Build: file:/home/andres/Instalaciones/BiciPlay5/, , Project: ProjectReference(file:/home/andres/Instalaciones/BiciPlay5/,root))),true,None)
Sending msg to client play-fork-run-2f193486-5c79-42ca-977c-651fde4a9815: TaskLogEvent(62987,LogStdOut([info] application - Creating Pool for datasource 'default'))
Sending msg to client play-fork-run-2f193486-5c79-42ca-977c-651fde4a9815: TaskLogEvent(62987,LogStdOut([info] p.a.d.HikariCPConnectionPool - datasource [default] bound to JNDI as DefaultDS))
Sending msg to client play-fork-run-2f193486-5c79-42ca-977c-651fde4a9815: TaskLogEvent(62987,LogStdOut([warn] application - application.conf @ file:/home/andres/Instalaciones/BiciPlay5/target/scala-2.11/classes/application.conf: 373: applyEvolutions.default is deprecated, use play.evolutions.db.default.autoApply instead))
Sending msg to client play-fork-run-2f193486-5c79-42ca-977c-651fde4a9815: TaskLogEvent(62987,LogStdOut([error] o.j.StatementLogger - java.sql.Statement.executeQuery: select id, hash, apply_script, revert_script, state, last_problem from play_evolutions where state like 'applying_%';))
Sending msg to client play-fork-run-2f193486-5c79-42ca-977c-651fde4a9815: TaskLogEvent(62987,LogStdOut(throws exception: org.h2.jdbc.JdbcSQLException: Tabla "PLAY_EVOLUTIONS" no encontrada))
Sending msg to client play-fork-run-2f193486-5c79-42ca-977c-651fde4a9815: TaskLogEvent(62987,LogStdOut(Table "PLAY_EVOLUTIONS" not found; SQL statement:))
Sending msg to client play-fork-run-2f193486-5c79-42ca-977c-651fde4a9815: TaskLogEvent(62987,LogStdOut(select id, hash, apply_script, revert_script, state, last_problem from play_evolutions where state like 'applying_%' [42102-192]))
Sending msg to client play-fork-run-2f193486-5c79-42ca-977c-651fde4a9815: TaskLogEvent(62987,LogStdOut(org.h2.jdbc.JdbcSQLException: Tabla "PLAY_EVOLUTIONS" no encontrada))
Sending msg to client play-fork-run-2f193486-5c79-42ca-977c-651fde4a9815: TaskLogEvent(62987,LogStdOut(Table "PLAY_EVOLUTIONS" not found; SQL statement:))
Sending msg to client play-fork-run-2f193486-5c79-42ca-977c-651fde4a9815: TaskLogEvent(62987,LogStdOut(select id, hash, apply_script, revert_script, state, last_problem from play_evolutions where state like 'applying_%' [42102-192]))
Sending msg to client play-fork-run-2f193486-5c79-42ca-977c-651fde4a9815: TaskLogEvent(62987,LogStdOut(	at org.h2.message.DbException.getJdbcSQLException(DbException.java:345)))
Sending msg to client play-fork-run-2f193486-5c79-42ca-977c-651fde4a9815: TaskLogEvent(62987,LogStdOut(	at org.h2.message.DbException.get(DbException.java:179)))
Sending msg to client play-fork-run-2f193486-5c79-42ca-977c-651fde4a9815: TaskLogEvent(62987,LogStdOut(	at org.h2.message.DbException.get(DbException.java:155)))
Sending msg to client play-fork-run-2f193486-5c79-42ca-977c-651fde4a9815: TaskLogEvent(62987,LogStdOut(	at org.h2.command.Parser.readTableOrView(Parser.java:5388)))
Sending msg to client play-fork-run-2f193486-5c79-42ca-977c-651fde4a9815: TaskLogEvent(62987,LogStdOut(	at org.h2.command.Parser.readTableFilter(Parser.java:1257)))
Sending msg to client play-fork-run-2f193486-5c79-42ca-977c-651fde4a9815: TaskLogEvent(62987,LogStdOut(	at org.h2.command.Parser.parseSelectSimpleFromPart(Parser.java:1896)))
Sending msg to client play-fork-run-2f193486-5c79-42ca-977c-651fde4a9815: TaskLogEvent(62987,LogStdOut(	at org.h2.command.Parser.parseSelectSimple(Parser.java:2044)))
Sending msg to client play-fork-run-2f193486-5c79-42ca-977c-651fde4a9815: TaskLogEvent(62987,LogStdOut(	at org.h2.command.Parser.parseSelectSub(Parser.java:1890)))
Sending msg to client play-fork-run-2f193486-5c79-42ca-977c-651fde4a9815: TaskLogEvent(62987,LogStdOut(	at org.h2.command.Parser.parseSelectUnion(Parser.java:1711)))
Sending msg to client play-fork-run-2f193486-5c79-42ca-977c-651fde4a9815: TaskLogEvent(62987,LogStdOut(	at org.h2.command.Parser.parseSelect(Parser.java:1699)))
Sending msg to client play-fork-run-2f193486-5c79-42ca-977c-651fde4a9815: TaskLogEvent(62987,LogStdOut([info] application - ApplicationTimer demo: Starting application at 2016-10-02T17:28:37.108Z))
Sending msg to client play-fork-run-2f193486-5c79-42ca-977c-651fde4a9815: TaskLogEvent(62987,LogStdOut([warn] c.g.h.IncorrectnessListenerImpl - Obsolete content type encountered: 'text/javascript'.))
Sending msg to client play-fork-run-2f193486-5c79-42ca-977c-651fde4a9815: TaskLogEvent(62987,LogStdOut([info] application - ApplicationTimer demo: Stopping application at 2016-10-02T17:28:41.350Z after 4s.))
Sending msg to client play-fork-run-2f193486-5c79-42ca-977c-651fde4a9815: TaskLogEvent(62987,LogStdOut([info] application - Shutting down connection pool.))
Sending msg to client play-fork-run-2f193486-5c79-42ca-977c-651fde4a9815: TaskLogEvent(62987,LogMessage(error,Read from stdout: Test IntegrationTest.test failed: null, took 7.18 sec))
Sending msg to client play-fork-run-2f193486-5c79-42ca-977c-651fde4a9815: TaskLogEvent(62987,LogMessage(error,Test IntegrationTest.test failed: null, took 7.18 sec))
Sending msg to client play-fork-run-2f193486-5c79-42ca-977c-651fde4a9815: TaskLogEvent(62987,LogMessage(debug,Test IntegrationTest.test finished, took 7.18 sec))
Sending msg to client play-fork-run-2f193486-5c79-42ca-977c-651fde4a9815: TaskLogEvent(62987,LogMessage(debug,Test run finished: 1 failed, 0 ignored, 1 total, 7.181s))
Sending msg to client play-fork-run-2f193486-5c79-42ca-977c-651fde4a9815: TaskLogEvent(62987,LogMessage(debug,    Produced 0 nested tasks and 1 events.))
Sending msg to client play-fork-run-2f193486-5c79-42ca-977c-651fde4a9815: TaskEvent(62987,LazyValue(TestGroupStarted(IntegrationTest),sbt.protocol.TestGroupStar$$$$a1c43a69e6d69fc565aebe15e13b1a1$$$$tedPickler1$2$@63306a37))
Sending msg to client play-fork-run-2f193486-5c79-42ca-977c-651fde4a9815: TaskEvent(62987,LazyValue(TestEvent(IntegrationTest.test,None,failed,Some(sbt.ForkMain$ForkError),7180),sbt.protocol.TestEvent$SbtProtocolTestEventPickler1$2$@5eccf050))
Sending msg to client play-fork-run-2f193486-5c79-42ca-977c-651fde4a9815: BackgroundJobLogEvent(64,LogMessage(error,Test IntegrationTest.test failed: null, took 7.18 sec))
Sending msg to client play-fork-run-2f193486-5c79-42ca-977c-651fde4a9815: TaskEvent(62987,LazyValue(TestGroupFinished(IntegrationTest,failed,None),sbt.protocol.TestGroupFini$$$$c8161fda9fde24be4dd9f5afdb23f2e6$$$$hedPickler1$2$@6f501264))
Sending msg to client play-fork-run-2f193486-5c79-42ca-977c-651fde4a9815: TaskFinished(458,62987,None,true,None)
Sending msg to client play-fork-run-2f193486-5c79-42ca-977c-651fde4a9815: TaskFinished(458,62986,None,true,None)
Sending msg to client play-fork-run-2f193486-5c79-42ca-977c-651fde4a9815: TaskStarted(458,62985,None)
Sending msg to client play-fork-run-2f193486-5c79-42ca-977c-651fde4a9815: TaskStarted(458,62989,None)
Sending msg to client play-fork-run-2f193486-5c79-42ca-977c-651fde4a9815: TaskFinished(458,62989,None,true,None)
Sending msg to client play-fork-run-2f193486-5c79-42ca-977c-651fde4a9815: TaskStarted(458,62988,None)
Sending msg to client play-fork-run-2f193486-5c79-42ca-977c-651fde4a9815: TaskFinished(458,62988,None,true,None)
Sending msg to client play-fork-run-2f193486-5c79-42ca-977c-651fde4a9815: TaskFinished(458,62985,None,true,None)
Sending msg to client play-fork-run-2f193486-5c79-42ca-977c-651fde4a9815: TaskStarted(458,62984,None)
Sending msg to client play-fork-run-2f193486-5c79-42ca-977c-651fde4a9815: TaskStarted(458,62990,None)
Sending msg to client play-fork-run-2f193486-5c79-42ca-977c-651fde4a9815: TaskFinished(458,62990,None,true,None)
Sending msg to client play-fork-run-2f193486-5c79-42ca-977c-651fde4a9815: TaskFinished(458,62984,None,true,None)
Sending msg to client play-fork-run-2f193486-5c79-42ca-977c-651fde4a9815: TaskStarted(458,62983,None)
Sending msg to client play-fork-run-2f193486-5c79-42ca-977c-651fde4a9815: TaskFinished(458,62983,None,true,None)
Sending msg to client play-fork-run-2f193486-5c79-42ca-977c-651fde4a9815: TaskStarted(458,62982,None)
Sending msg to client play-fork-run-2f193486-5c79-42ca-977c-651fde4a9815: TaskFinished(458,62982,None,true,None)
Sending msg to client play-fork-run-2f193486-5c79-42ca-977c-651fde4a9815: TaskFinished(458,62654,Some(AttributeKey[sbt.Tests$Output]("executeTests") in Scope(Build: file:/home/andres/Instalaciones/BiciPlay5/, , Project: ProjectReference(file:/home/andres/Instalaciones/BiciPlay5/,root), Config: test)),true,None)
Sending msg to client play-fork-run-2f193486-5c79-42ca-977c-651fde4a9815: TaskStarted(458,62513,Some(AttributeKey[sbt.Tests$Output]("executeTests") in Scope(Build: file:/home/andres/Instalaciones/BiciPlay5/, , Project: ProjectReference(file:/home/andres/Instalaciones/BiciPlay5/,root), Config: test)))
Sending msg to client play-fork-run-2f193486-5c79-42ca-977c-651fde4a9815: TaskFinished(458,62513,Some(AttributeKey[sbt.Tests$Output]("executeTests") in Scope(Build: file:/home/andres/Instalaciones/BiciPlay5/, , Project: ProjectReference(file:/home/andres/Instalaciones/BiciPlay5/,root), Config: test)),true,None)
Sending msg to client play-fork-run-2f193486-5c79-42ca-977c-651fde4a9815: TaskStarted(458,62512,Some(AttributeKey[void]("test") in Scope(Build: file:/home/andres/Instalaciones/BiciPlay5/, , Project: ProjectReference(file:/home/andres/Instalaciones/BiciPlay5/,root), Config: test)))
Sending msg to client play-fork-run-2f193486-5c79-42ca-977c-651fde4a9815: TaskLogEvent(62512,LogMessage(debug,Summary for JUnit not available.))
Sending msg to client play-fork-run-2f193486-5c79-42ca-977c-651fde4a9815: TaskLogEvent(62512,LogMessage(error,Read from stdout: Failed: Total 3, Failed 2, Errors 0, Passed 1))
Sending msg to client play-fork-run-2f193486-5c79-42ca-977c-651fde4a9815: TaskLogEvent(62512,LogMessage(error,Failed: Total 3, Failed 2, Errors 0, Passed 1))
Sending msg to client play-fork-run-2f193486-5c79-42ca-977c-651fde4a9815: TaskLogEvent(62512,LogMessage(error,Read from stdout: Failed tests:))
Sending msg to client play-fork-run-2f193486-5c79-42ca-977c-651fde4a9815: TaskLogEvent(62512,LogMessage(error,Failed tests:))
Sending msg to client play-fork-run-2f193486-5c79-42ca-977c-651fde4a9815: TaskLogEvent(62512,LogMessage(error,Read from stdout: 	ApplicationTest))
Sending msg to client play-fork-run-2f193486-5c79-42ca-977c-651fde4a9815: TaskLogEvent(62512,LogMessage(error,Read from stdout: 	IntegrationTest))
Sending msg to client play-fork-run-2f193486-5c79-42ca-977c-651fde4a9815: TaskLogEvent(62512,LogMessage(error,	ApplicationTest
	IntegrationTest))
Sending msg to client play-fork-run-2f193486-5c79-42ca-977c-651fde4a9815: TaskFinished(458,62512,Some(AttributeKey[void]("test") in Scope(Build: file:/home/andres/Instalaciones/BiciPlay5/, , Project: ProjectReference(file:/home/andres/Instalaciones/BiciPlay5/,root), Config: test)),false,None)
Sending msg to client play-fork-run-2f193486-5c79-42ca-977c-651fde4a9815: TaskStarted(458,62511,None)
Sending msg to client play-fork-run-2f193486-5c79-42ca-977c-651fde4a9815: TaskFinished(458,62511,None,false,None)
Sending msg to client play-fork-run-2f193486-5c79-42ca-977c-651fde4a9815: TaskStarted(458,62510,None)
Sending msg to client play-fork-run-2f193486-5c79-42ca-977c-651fde4a9815: TaskFinished(458,62510,None,false,None)
Sending msg to client play-fork-run-2f193486-5c79-42ca-977c-651fde4a9815: DetachedLogEvent(LogMessage(error,Read from stdout: (test:test) sbt.TestsFailedException: Tests unsuccessful))
Sending msg to client play-fork-run-2f193486-5c79-42ca-977c-651fde4a9815: DetachedLogEvent(LogMessage(error,(test:test) sbt.TestsFailedException: Tests unsuccessful))
Sending msg to client play-fork-run-2f193486-5c79-42ca-977c-651fde4a9815: DetachedLogEvent(LogMessage(debug,cancel strategy finish enabled=false lastCommand=Some(LastCommand(CommandExecutionWork(ExecutionId(458),test,Set(LiveClient(activator 34513b66-b931-4098-ad44-efcb4b07fa18)),sbt.server.WorkCancellationStatus$$anon$1@b89b3ec)))))
Sending msg to client play-fork-run-2f193486-5c79-42ca-977c-651fde4a9815: DetachedLogEvent(LogMessage(error,Total time: 21 s, completed 2/10/2016 12:28:41 PM))
Sending msg to client play-fork-run-2f193486-5c79-42ca-977c-651fde4a9815: DetachedLogEvent(LogMessage(debug,> server-post-command-error-handler))
Sending msg to client play-fork-run-2f193486-5c79-42ca-977c-651fde4a9815: ExecutionFailure(458)
Sending msg to client play-fork-run-2f193486-5c79-42ca-977c-651fde4a9815: DetachedLogEvent(LogMessage(debug,> server-post-command-cleanup))
Sending msg to client play-fork-run-2f193486-5c79-42ca-977c-651fde4a9815: DetachedLogEvent(LogMessage(debug,> server-handle-next-server-request))
Sending msg to client play-fork-run-2f193486-5c79-42ca-977c-651fde4a9815: ExecutionStarting(459)
Sending msg to client play-fork-run-2f193486-5c79-42ca-977c-651fde4a9815: DetachedLogEvent(LogMessage(debug,> {file:/home/andres/Instalaciones/BiciPlay5/}root/*:playForkConfig))
Sending msg to client play-fork-run-2f193486-5c79-42ca-977c-651fde4a9815: BackgroundJobLogEvent(64,LogMessage(error,Failed: Total 3, Failed 2, Errors 0, Passed 1))
Sending msg to client play-fork-run-2f193486-5c79-42ca-977c-651fde4a9815: DetachedLogEvent(LogMessage(debug,Evaluating tasks: *:playForkConfig))
Sending msg to client play-fork-run-2f193486-5c79-42ca-977c-651fde4a9815: BackgroundJobLogEvent(64,LogMessage(error,Failed tests:))
Sending msg to client play-fork-run-2f193486-5c79-42ca-977c-651fde4a9815: DetachedLogEvent(LogMessage(debug,Running task... Cancel: sbt.server.ServerTaskCancellation@73f63f71, check cycles: false))
Sending msg to client play-fork-run-2f193486-5c79-42ca-977c-651fde4a9815: DetachedLogEvent(LogMessage(debug,cancel strategy start enabled=true lastCommand=Some(LastCommand(CommandExecutionWork(ExecutionId(459),{file:/home/andres/Instalaciones/BiciPlay5/}root/*:playForkConfig,Set(LiveClient(play-fork-run 2f193486-5c79-42ca-977c-651fde4a9815)),sbt.server.WorkCancellationStatus$$anon$1@a4a5bb2)))))
Sending msg to client play-fork-run-2f193486-5c79-42ca-977c-651fde4a9815: TaskStarted(459,62998,None)
Sending msg to client play-fork-run-2f193486-5c79-42ca-977c-651fde4a9815: TaskStarted(459,63000,Some(AttributeKey[java.lang.String]("updateCacheName") in Scope(Build: file:/home/andres/Instalaciones/BiciPlay5/, , Project: ProjectReference(file:/home/andres/Instalaciones/BiciPlay5/,root))))
Sending msg to client play-fork-run-2f193486-5c79-42ca-977c-651fde4a9815: TaskStarted(459,63007,None)
Sending msg to client play-fork-run-2f193486-5c79-42ca-977c-651fde4a9815: BackgroundJobLogEvent(64,LogMessage(error,	ApplicationTest))
Sending msg to client play-fork-run-2f193486-5c79-42ca-977c-651fde4a9815: BackgroundJobLogEvent(64,LogMessage(error,	IntegrationTest))
Sending msg to client play-fork-run-2f193486-5c79-42ca-977c-651fde4a9815: TaskStarted(459,63009,Some(AttributeKey[scala.collection.Seq[sbt.Credentials]]("credentials") in Scope(Global)))
Sending msg to client play-fork-run-2f193486-5c79-42ca-977c-651fde4a9815: TaskStarted(459,63015,Some(AttributeKey[scala.collection.Seq[sbt.Resolver]]("externalResolvers") in Scope(Build: file:/home/andres/Instalaciones/BiciPlay5/, , Project: ProjectReference(file:/home/andres/Instalaciones/BiciPlay5/,root))))
Sending msg to client play-fork-run-2f193486-5c79-42ca-977c-651fde4a9815: TaskStarted(459,63016,Some(AttributeKey[scala.Option[scala.collection.Seq[sbt.Resolver]]]("bootResolvers") in Scope(Build: file:/home/andres/Instalaciones/BiciPlay5/, , Project: ProjectReference(file:/home/andres/Instalaciones/BiciPlay5/,root))))
Sending msg to client play-fork-run-2f193486-5c79-42ca-977c-651fde4a9815: TaskStarted(459,63023,None)
Sending msg to client play-fork-run-2f193486-5c79-42ca-977c-651fde4a9815: TaskStarted(459,63024,Some(AttributeKey[boolean]("skip") in Scope(Global)))
Sending msg to client play-fork-run-2f193486-5c79-42ca-977c-651fde4a9815: TaskStarted(459,63026,None)
Sending msg to client play-fork-run-2f193486-5c79-42ca-977c-651fde4a9815: TaskStarted(459,63028,None)
Sending msg to client play-fork-run-2f193486-5c79-42ca-977c-651fde4a9815: TaskStarted(459,63029,None)
Sending msg to client play-fork-run-2f193486-5c79-42ca-977c-651fde4a9815: TaskStarted(459,63031,Some(AttributeKey[scala.Tuple2[java.lang.String,java.io.File]]("playPrefixAndAssets") in Scope(Build: file:/home/andres/Instalaciones/BiciPlay5/, , Project: ProjectReference(file:/home/andres/Instalaciones/BiciPlay5/,root))))
Sending msg to client play-fork-run-2f193486-5c79-42ca-977c-651fde4a9815: TaskStarted(459,63042,None)
Sending msg to client play-fork-run-2f193486-5c79-42ca-977c-651fde4a9815: TaskStarted(459,63046,None)
Sending msg to client play-fork-run-2f193486-5c79-42ca-977c-651fde4a9815: TaskStarted(459,63048,Some(AttributeKey[scala.collection.Seq[java.lang.String]]("javaOptions") in Scope(Global)))
Sending msg to client play-fork-run-2f193486-5c79-42ca-977c-651fde4a9815: TaskStarted(459,63049,None)
Sending msg to client play-fork-run-2f193486-5c79-42ca-977c-651fde4a9815: TaskStarted(459,63050,Some(AttributeKey[scala.Option[java.lang.String]]("mainClass") in Scope(Build: file:/home/andres/Instalaciones/BiciPlay5/, , Project: ProjectReference(file:/home/andres/Instalaciones/BiciPlay5/,root), Config: compile, Task: AttributeKey[void]("run"))))
Sending msg to client play-fork-run-2f193486-5c79-42ca-977c-651fde4a9815: TaskFinished(459,63000,Some(AttributeKey[java.lang.String]("updateCacheName") in Scope(Build: file:/home/andres/Instalaciones/BiciPlay5/, , Project: ProjectReference(file:/home/andres/Instalaciones/BiciPlay5/,root))),true,None)
Sending msg to client play-fork-run-2f193486-5c79-42ca-977c-651fde4a9815: TaskFinished(459,62998,None,true,None)
Sending msg to client play-fork-run-2f193486-5c79-42ca-977c-651fde4a9815: TaskStarted(459,62997,None)
Sending msg to client play-fork-run-2f193486-5c79-42ca-977c-651fde4a9815: TaskStarted(459,63014,None)
Sending msg to client play-fork-run-2f193486-5c79-42ca-977c-651fde4a9815: TaskStarted(459,63017,None)
Sending msg to client play-fork-run-2f193486-5c79-42ca-977c-651fde4a9815: TaskStarted(459,63018,None)
Sending msg to client play-fork-run-2f193486-5c79-42ca-977c-651fde4a9815: TaskStarted(459,63021,None)
Sending msg to client play-fork-run-2f193486-5c79-42ca-977c-651fde4a9815: TaskStarted(459,63035,None)
Sending msg to client play-fork-run-2f193486-5c79-42ca-977c-651fde4a9815: TaskStarted(459,63043,None)
Sending msg to client play-fork-run-2f193486-5c79-42ca-977c-651fde4a9815: TaskStarted(459,63044,None)
Sending msg to client play-fork-run-2f193486-5c79-42ca-977c-651fde4a9815: TaskFinished(459,63007,None,true,None)
Sending msg to client play-fork-run-2f193486-5c79-42ca-977c-651fde4a9815: TaskStarted(459,63006,Some(AttributeKey[sbt.BuildStructure]("buildStructure") in Scope(Global)))
Sending msg to client play-fork-run-2f193486-5c79-42ca-977c-651fde4a9815: TaskStarted(459,63025,Some(AttributeKey[java.io.File]("dependencyCacheDirectory") in Scope(Build: file:/home/andres/Instalaciones/BiciPlay5/, , Project: ProjectReference(file:/home/andres/Instalaciones/BiciPlay5/,root))))
Sending msg to client play-fork-run-2f193486-5c79-42ca-977c-651fde4a9815: TaskFinished(459,63009,Some(AttributeKey[scala.collection.Seq[sbt.Credentials]]("credentials") in Scope(Global)),true,None)
Sending msg to client play-fork-run-2f193486-5c79-42ca-977c-651fde4a9815: TaskFinished(459,63015,Some(AttributeKey[scala.collection.Seq[sbt.Resolver]]("externalResolvers") in Scope(Build: file:/home/andres/Instalaciones/BiciPlay5/, , Project: ProjectReference(file:/home/andres/Instalaciones/BiciPlay5/,root))),true,None)
Sending msg to client play-fork-run-2f193486-5c79-42ca-977c-651fde4a9815: TaskFinished(459,63016,Some(AttributeKey[scala.Option[scala.collection.Seq[sbt.Resolver]]]("bootResolvers") in Scope(Build: file:/home/andres/Instalaciones/BiciPlay5/, , Project: ProjectReference(file:/home/andres/Instalaciones/BiciPlay5/,root))),true,None)
Sending msg to client play-fork-run-2f193486-5c79-42ca-977c-651fde4a9815: TaskFinished(459,63023,None,true,None)
Sending msg to client play-fork-run-2f193486-5c79-42ca-977c-651fde4a9815: TaskFinished(459,63024,Some(AttributeKey[boolean]("skip") in Scope(Global)),true,None)
Sending msg to client play-fork-run-2f193486-5c79-42ca-977c-651fde4a9815: TaskFinished(459,63026,None,true,None)
Sending msg to client play-fork-run-2f193486-5c79-42ca-977c-651fde4a9815: TaskFinished(459,63028,None,true,None)
Sending msg to client play-fork-run-2f193486-5c79-42ca-977c-651fde4a9815: TaskFinished(459,63029,None,true,None)
Sending msg to client play-fork-run-2f193486-5c79-42ca-977c-651fde4a9815: TaskStarted(459,63027,Some(AttributeKey[scala.collection.Seq[sbt.UpdateReport]]("transitiveUpdate") in Scope(Build: file:/home/andres/Instalaciones/BiciPlay5/, , Project: ProjectReference(file:/home/andres/Instalaciones/BiciPlay5/,root))))
Sending msg to client play-fork-run-2f193486-5c79-42ca-977c-651fde4a9815: TaskFinished(459,63031,Some(AttributeKey[scala.Tuple2[java.lang.String,java.io.File]]("playPrefixAndAssets") in Scope(Build: file:/home/andres/Instalaciones/BiciPlay5/, , Project: ProjectReference(file:/home/andres/Instalaciones/BiciPlay5/,root))),true,None)
Sending msg to client play-fork-run-2f193486-5c79-42ca-977c-651fde4a9815: TaskStarted(459,63030,Some(AttributeKey[scala.collection.Seq[scala.Tuple2[java.lang.String,java.io.File]]]("playAllAssets") in Scope(Build: file:/home/andres/Instalaciones/BiciPlay5/, , Project: ProjectReference(file:/home/andres/Instalaciones/BiciPlay5/,root))))
Sending msg to client play-fork-run-2f193486-5c79-42ca-977c-651fde4a9815: TaskFinished(459,63042,None,true,None)
Sending msg to client play-fork-run-2f193486-5c79-42ca-977c-651fde4a9815: TaskFinished(459,63046,None,true,None)
Sending msg to client play-fork-run-2f193486-5c79-42ca-977c-651fde4a9815: TaskFinished(459,63048,Some(AttributeKey[scala.collection.Seq[java.lang.String]]("javaOptions") in Scope(Global)),true,None)
Sending msg to client play-fork-run-2f193486-5c79-42ca-977c-651fde4a9815: TaskFinished(459,63049,None,true,None)
Sending msg to client play-fork-run-2f193486-5c79-42ca-977c-651fde4a9815: TaskStarted(459,63047,Some(AttributeKey[scala.collection.Seq[java.lang.String]]("javaOptions") in Scope(Build: file:/home/andres/Instalaciones/BiciPlay5/, )))
Sending msg to client play-fork-run-2f193486-5c79-42ca-977c-651fde4a9815: TaskFinished(459,63050,Some(AttributeKey[scala.Option[java.lang.String]]("mainClass") in Scope(Build: file:/home/andres/Instalaciones/BiciPlay5/, , Project: ProjectReference(file:/home/andres/Instalaciones/BiciPlay5/,root), Config: compile, Task: AttributeKey[void]("run"))),true,None)
Sending msg to client play-fork-run-2f193486-5c79-42ca-977c-651fde4a9815: TaskFinished(459,62997,None,true,None)
Sending msg to client play-fork-run-2f193486-5c79-42ca-977c-651fde4a9815: TaskFinished(459,63014,None,true,None)
Sending msg to client play-fork-run-2f193486-5c79-42ca-977c-651fde4a9815: TaskFinished(459,63017,None,true,None)
Sending msg to client play-fork-run-2f193486-5c79-42ca-977c-651fde4a9815: TaskFinished(459,63018,None,true,None)
Sending msg to client play-fork-run-2f193486-5c79-42ca-977c-651fde4a9815: TaskFinished(459,63035,None,true,None)
Sending msg to client play-fork-run-2f193486-5c79-42ca-977c-651fde4a9815: TaskFinished(459,63043,None,true,None)
Sending msg to client play-fork-run-2f193486-5c79-42ca-977c-651fde4a9815: TaskFinished(459,63044,None,true,None)
Sending msg to client play-fork-run-2f193486-5c79-42ca-977c-651fde4a9815: TaskFinished(459,63006,Some(AttributeKey[sbt.BuildStructure]("buildStructure") in Scope(Global)),true,None)
Sending msg to client play-fork-run-2f193486-5c79-42ca-977c-651fde4a9815: TaskStarted(459,63005,Some(AttributeKey[sbt.Settings[sbt.Scope]]("settingsData") in Scope(Global)))
Sending msg to client play-fork-run-2f193486-5c79-42ca-977c-651fde4a9815: TaskFinished(459,63025,Some(AttributeKey[java.io.File]("dependencyCacheDirectory") in Scope(Build: file:/home/andres/Instalaciones/BiciPlay5/, , Project: ProjectReference(file:/home/andres/Instalaciones/BiciPlay5/,root))),true,None)
Sending msg to client play-fork-run-2f193486-5c79-42ca-977c-651fde4a9815: TaskFinished(459,63027,Some(AttributeKey[scala.collection.Seq[sbt.UpdateReport]]("transitiveUpdate") in Scope(Build: file:/home/andres/Instalaciones/BiciPlay5/, , Project: ProjectReference(file:/home/andres/Instalaciones/BiciPlay5/,root))),true,None)
Sending msg to client play-fork-run-2f193486-5c79-42ca-977c-651fde4a9815: TaskFinished(459,63030,Some(AttributeKey[scala.collection.Seq[scala.Tuple2[java.lang.String,java.io.File]]]("playAllAssets") in Scope(Build: file:/home/andres/Instalaciones/BiciPlay5/, , Project: ProjectReference(file:/home/andres/Instalaciones/BiciPlay5/,root))),true,None)
Sending msg to client play-fork-run-2f193486-5c79-42ca-977c-651fde4a9815: TaskFinished(459,63047,Some(AttributeKey[scala.collection.Seq[java.lang.String]]("javaOptions") in Scope(Build: file:/home/andres/Instalaciones/BiciPlay5/, )),true,None)
Sending msg to client play-fork-run-2f193486-5c79-42ca-977c-651fde4a9815: TaskFinished(459,63005,Some(AttributeKey[sbt.Settings[sbt.Scope]]("settingsData") in Scope(Global)),true,None)
Sending msg to client play-fork-run-2f193486-5c79-42ca-977c-651fde4a9815: TaskStarted(459,63004,Some(AttributeKey[scala.collection.Seq[sbt.ModuleID]]("projectDependencies") in Scope(Build: file:/home/andres/Instalaciones/BiciPlay5/, , Project: ProjectReference(file:/home/andres/Instalaciones/BiciPlay5/,root))))
Sending msg to client play-fork-run-2f193486-5c79-42ca-977c-651fde4a9815: TaskStarted(459,63013,Some(AttributeKey[scala.collection.immutable.Map[org.apache.ivy.core.module.id.ModuleRevisionId,org.apache.ivy.core.module.descriptor.ModuleDescriptor]]("projectDescriptors") in Scope(Build: file:/home/andres/Instalaciones/BiciPlay5/, , Project: ProjectReference(file:/home/andres/Instalaciones/BiciPlay5/,root))))
Sending msg to client play-fork-run-2f193486-5c79-42ca-977c-651fde4a9815: TaskStarted(459,63022,None)
Sending msg to client play-fork-run-2f193486-5c79-42ca-977c-651fde4a9815: TaskStarted(459,63036,None)
Sending msg to client play-fork-run-2f193486-5c79-42ca-977c-651fde4a9815: TaskStarted(459,63045,Some(AttributeKey[scala.collection.Seq[java.io.File]]("playMonitoredFiles") in Scope(Build: file:/home/andres/Instalaciones/BiciPlay5/, , Project: ProjectReference(file:/home/andres/Instalaciones/BiciPlay5/,root))))
Sending msg to client play-fork-run-2f193486-5c79-42ca-977c-651fde4a9815: TaskFinished(459,63004,Some(AttributeKey[scala.collection.Seq[sbt.ModuleID]]("projectDependencies") in Scope(Build: file:/home/andres/Instalaciones/BiciPlay5/, , Project: ProjectReference(file:/home/andres/Instalaciones/BiciPlay5/,root))),true,None)
Sending msg to client play-fork-run-2f193486-5c79-42ca-977c-651fde4a9815: TaskStarted(459,63003,Some(AttributeKey[scala.collection.Seq[sbt.ModuleID]]("allDependencies") in Scope(Build: file:/home/andres/Instalaciones/BiciPlay5/, , Project: ProjectReference(file:/home/andres/Instalaciones/BiciPlay5/,root))))
Sending msg to client play-fork-run-2f193486-5c79-42ca-977c-651fde4a9815: TaskStarted(459,63052,None)
Sending msg to client play-fork-run-2f193486-5c79-42ca-977c-651fde4a9815: TaskFinished(459,63021,None,true,None)
Sending msg to client play-fork-run-2f193486-5c79-42ca-977c-651fde4a9815: TaskStarted(459,63020,Some(AttributeKey[scala.collection.immutable.Map[sbt.ModuleID,sbt.SourcePosition]]("dependencyPositions") in Scope(Build: file:/home/andres/Instalaciones/BiciPlay5/, , Project: ProjectReference(file:/home/andres/Instalaciones/BiciPlay5/,root))))
Sending msg to client play-fork-run-2f193486-5c79-42ca-977c-651fde4a9815: TaskStarted(459,63053,None)
Sending msg to client play-fork-run-2f193486-5c79-42ca-977c-651fde4a9815: TaskFinished(459,63003,Some(AttributeKey[scala.collection.Seq[sbt.ModuleID]]("allDependencies") in Scope(Build: file:/home/andres/Instalaciones/BiciPlay5/, , Project: ProjectReference(file:/home/andres/Instalaciones/BiciPlay5/,root))),true,None)
Sending msg to client play-fork-run-2f193486-5c79-42ca-977c-651fde4a9815: TaskStarted(459,63002,Some(AttributeKey[sbt.ModuleSettings]("moduleSettings") in Scope(Build: file:/home/andres/Instalaciones/BiciPlay5/, , Project: ProjectReference(file:/home/andres/Instalaciones/BiciPlay5/,root))))
Sending msg to client play-fork-run-2f193486-5c79-42ca-977c-651fde4a9815: TaskFinished(459,63052,None,true,None)
Sending msg to client play-fork-run-2f193486-5c79-42ca-977c-651fde4a9815: TaskStarted(459,63051,None)
Sending msg to client play-fork-run-2f193486-5c79-42ca-977c-651fde4a9815: TaskFinished(459,63020,Some(AttributeKey[scala.collection.immutable.Map[sbt.ModuleID,sbt.SourcePosition]]("dependencyPositions") in Scope(Build: file:/home/andres/Instalaciones/BiciPlay5/, , Project: ProjectReference(file:/home/andres/Instalaciones/BiciPlay5/,root))),true,None)
Sending msg to client play-fork-run-2f193486-5c79-42ca-977c-651fde4a9815: TaskStarted(459,63019,Some(AttributeKey[sbt.UnresolvedWarningConfiguration]("unresolvedWarningConfiguration") in Scope(Build: file:/home/andres/Instalaciones/BiciPlay5/, , Project: ProjectReference(file:/home/andres/Instalaciones/BiciPlay5/,root), Task: AttributeKey[sbt.UpdateReport]("update"))))
Sending msg to client play-fork-run-2f193486-5c79-42ca-977c-651fde4a9815: TaskFinished(459,63002,Some(AttributeKey[sbt.ModuleSettings]("moduleSettings") in Scope(Build: file:/home/andres/Instalaciones/BiciPlay5/, , Project: ProjectReference(file:/home/andres/Instalaciones/BiciPlay5/,root))),true,None)
Sending msg to client play-fork-run-2f193486-5c79-42ca-977c-651fde4a9815: TaskFinished(459,63051,None,true,None)
Sending msg to client play-fork-run-2f193486-5c79-42ca-977c-651fde4a9815: TaskFinished(459,63013,Some(AttributeKey[scala.collection.immutable.Map[org.apache.ivy.core.module.id.ModuleRevisionId,org.apache.ivy.core.module.descriptor.ModuleDescriptor]]("projectDescriptors") in Scope(Build: file:/home/andres/Instalaciones/BiciPlay5/, , Project: ProjectReference(file:/home/andres/Instalaciones/BiciPlay5/,root))),true,None)
Sending msg to client play-fork-run-2f193486-5c79-42ca-977c-651fde4a9815: TaskStarted(459,63012,Some(AttributeKey[sbt.Resolver]("projectResolver") in Scope(Build: file:/home/andres/Instalaciones/BiciPlay5/, , Project: ProjectReference(file:/home/andres/Instalaciones/BiciPlay5/,root))))
Sending msg to client play-fork-run-2f193486-5c79-42ca-977c-651fde4a9815: TaskStarted(459,63054,None)
Sending msg to client play-fork-run-2f193486-5c79-42ca-977c-651fde4a9815: TaskStarted(459,63059,None)
Sending msg to client play-fork-run-2f193486-5c79-42ca-977c-651fde4a9815: TaskStarted(459,63060,None)
Sending msg to client play-fork-run-2f193486-5c79-42ca-977c-651fde4a9815: TaskStarted(459,63062,None)
Sending msg to client play-fork-run-2f193486-5c79-42ca-977c-651fde4a9815: TaskStarted(459,63064,None)
Sending msg to client play-fork-run-2f193486-5c79-42ca-977c-651fde4a9815: TaskStarted(459,63065,None)
Sending msg to client play-fork-run-2f193486-5c79-42ca-977c-651fde4a9815: TaskFinished(459,63019,Some(AttributeKey[sbt.UnresolvedWarningConfiguration]("unresolvedWarningConfiguration") in Scope(Build: file:/home/andres/Instalaciones/BiciPlay5/, , Project: ProjectReference(file:/home/andres/Instalaciones/BiciPlay5/,root), Task: AttributeKey[sbt.UpdateReport]("update"))),true,None)
Sending msg to client play-fork-run-2f193486-5c79-42ca-977c-651fde4a9815: TaskFinished(459,63059,None,true,None)
Sending msg to client play-fork-run-2f193486-5c79-42ca-977c-651fde4a9815: TaskFinished(459,63060,None,true,None)
Sending msg to client play-fork-run-2f193486-5c79-42ca-977c-651fde4a9815: TaskStarted(459,63058,Some(AttributeKey[scala.collection.Seq[sbt.Attributed[java.io.File]]]("unmanagedJars") in Scope(Build: file:/home/andres/Instalaciones/BiciPlay5/, , Project: ProjectReference(file:/home/andres/Instalaciones/BiciPlay5/,root), Config: compile)))
Sending msg to client play-fork-run-2f193486-5c79-42ca-977c-651fde4a9815: TaskFinished(459,63062,None,true,None)
Sending msg to client play-fork-run-2f193486-5c79-42ca-977c-651fde4a9815: TaskStarted(459,63061,None)
Sending msg to client play-fork-run-2f193486-5c79-42ca-977c-651fde4a9815: TaskFinished(459,63065,None,true,None)
Sending msg to client play-fork-run-2f193486-5c79-42ca-977c-651fde4a9815: TaskFinished(459,63064,None,true,None)
Sending msg to client play-fork-run-2f193486-5c79-42ca-977c-651fde4a9815: TaskStarted(459,63063,Some(AttributeKey[scala.collection.Seq[sbt.Attributed[java.io.File]]]("unmanagedJars") in Scope(Build: file:/home/andres/Instalaciones/BiciPlay5/, , Project: ProjectReference(file:/home/andres/Instalaciones/BiciPlay5/,root), Config: runtime)))
Sending msg to client play-fork-run-2f193486-5c79-42ca-977c-651fde4a9815: TaskStarted(459,63066,None)
Sending msg to client play-fork-run-2f193486-5c79-42ca-977c-651fde4a9815: TaskFinished(459,63012,Some(AttributeKey[sbt.Resolver]("projectResolver") in Scope(Build: file:/home/andres/Instalaciones/BiciPlay5/, , Project: ProjectReference(file:/home/andres/Instalaciones/BiciPlay5/,root))),true,None)
Sending msg to client play-fork-run-2f193486-5c79-42ca-977c-651fde4a9815: TaskStarted(459,63011,Some(AttributeKey[scala.collection.Seq[sbt.Resolver]]("fullResolvers") in Scope(Build: file:/home/andres/Instalaciones/BiciPlay5/, , Project: ProjectReference(file:/home/andres/Instalaciones/BiciPlay5/,root))))
Sending msg to client play-fork-run-2f193486-5c79-42ca-977c-651fde4a9815: TaskFinished(459,63054,None,true,None)
Sending msg to client play-fork-run-2f193486-5c79-42ca-977c-651fde4a9815: TaskFinished(459,63045,Some(AttributeKey[scala.collection.Seq[java.io.File]]("playMonitoredFiles") in Scope(Build: file:/home/andres/Instalaciones/BiciPlay5/, , Project: ProjectReference(file:/home/andres/Instalaciones/BiciPlay5/,root))),true,None)
Sending msg to client play-fork-run-2f193486-5c79-42ca-977c-651fde4a9815: TaskFinished(459,63058,Some(AttributeKey[scala.collection.Seq[sbt.Attributed[java.io.File]]]("unmanagedJars") in Scope(Build: file:/home/andres/Instalaciones/BiciPlay5/, , Project: ProjectReference(file:/home/andres/Instalaciones/BiciPlay5/,root), Config: compile)),true,None)
Sending msg to client play-fork-run-2f193486-5c79-42ca-977c-651fde4a9815: TaskFinished(459,63063,Some(AttributeKey[scala.collection.Seq[sbt.Attributed[java.io.File]]]("unmanagedJars") in Scope(Build: file:/home/andres/Instalaciones/BiciPlay5/, , Project: ProjectReference(file:/home/andres/Instalaciones/BiciPlay5/,root), Config: runtime)),true,None)
Sending msg to client play-fork-run-2f193486-5c79-42ca-977c-651fde4a9815: TaskFinished(459,63053,None,true,None)
Sending msg to client play-fork-run-2f193486-5c79-42ca-977c-651fde4a9815: TaskFinished(459,63022,None,true,None)
Sending msg to client play-fork-run-2f193486-5c79-42ca-977c-651fde4a9815: TaskFinished(459,63011,Some(AttributeKey[scala.collection.Seq[sbt.Resolver]]("fullResolvers") in Scope(Build: file:/home/andres/Instalaciones/BiciPlay5/, , Project: ProjectReference(file:/home/andres/Instalaciones/BiciPlay5/,root))),true,None)
Sending msg to client play-fork-run-2f193486-5c79-42ca-977c-651fde4a9815: TaskStarted(459,63010,Some(AttributeKey[sbt.IvyConfiguration]("ivyConfiguration") in Scope(Build: file:/home/andres/Instalaciones/BiciPlay5/, , Project: ProjectReference(file:/home/andres/Instalaciones/BiciPlay5/,root))))
Sending msg to client play-fork-run-2f193486-5c79-42ca-977c-651fde4a9815: TaskFinished(459,63010,Some(AttributeKey[sbt.IvyConfiguration]("ivyConfiguration") in Scope(Build: file:/home/andres/Instalaciones/BiciPlay5/, , Project: ProjectReference(file:/home/andres/Instalaciones/BiciPlay5/,root))),true,None)
Sending msg to client play-fork-run-2f193486-5c79-42ca-977c-651fde4a9815: TaskStarted(459,63008,Some(AttributeKey[sbt.IvySbt]("ivySbt") in Scope(Build: file:/home/andres/Instalaciones/BiciPlay5/, , Project: ProjectReference(file:/home/andres/Instalaciones/BiciPlay5/,root))))
Sending msg to client play-fork-run-2f193486-5c79-42ca-977c-651fde4a9815: TaskFinished(459,63008,Some(AttributeKey[sbt.IvySbt]("ivySbt") in Scope(Build: file:/home/andres/Instalaciones/BiciPlay5/, , Project: ProjectReference(file:/home/andres/Instalaciones/BiciPlay5/,root))),true,None)
Sending msg to client play-fork-run-2f193486-5c79-42ca-977c-651fde4a9815: TaskStarted(459,63001,Some(AttributeKey[sbt.IvySbt$Module]("ivyModule") in Scope(Build: file:/home/andres/Instalaciones/BiciPlay5/, , Project: ProjectReference(file:/home/andres/Instalaciones/BiciPlay5/,root))))
Sending msg to client play-fork-run-2f193486-5c79-42ca-977c-651fde4a9815: TaskFinished(459,63001,Some(AttributeKey[sbt.IvySbt$Module]("ivyModule") in Scope(Build: file:/home/andres/Instalaciones/BiciPlay5/, , Project: ProjectReference(file:/home/andres/Instalaciones/BiciPlay5/,root))),true,None)
Sending msg to client play-fork-run-2f193486-5c79-42ca-977c-651fde4a9815: TaskStarted(459,62999,Some(AttributeKey[sbt.UpdateReport]("update") in Scope(Build: file:/home/andres/Instalaciones/BiciPlay5/, , Project: ProjectReference(file:/home/andres/Instalaciones/BiciPlay5/,root))))
Sending msg to client play-fork-run-2f193486-5c79-42ca-977c-651fde4a9815: TaskFinished(459,63066,None,true,None)
Sending msg to client play-fork-run-2f193486-5c79-42ca-977c-651fde4a9815: TaskFinished(459,63061,None,true,None)
Sending msg to client play-fork-run-2f193486-5c79-42ca-977c-651fde4a9815: TaskStarted(459,63057,Some(AttributeKey[scala.collection.Seq[sbt.Attributed[java.io.File]]]("unmanagedJars") in Scope(Build: file:/home/andres/Instalaciones/BiciPlay5/, , Project: ProjectReference(file:/home/andres/Instalaciones/BiciPlay5/,root), Config: compile)))
Sending msg to client play-fork-run-2f193486-5c79-42ca-977c-651fde4a9815: TaskFinished(459,63057,Some(AttributeKey[scala.collection.Seq[sbt.Attributed[java.io.File]]]("unmanagedJars") in Scope(Build: file:/home/andres/Instalaciones/BiciPlay5/, , Project: ProjectReference(file:/home/andres/Instalaciones/BiciPlay5/,root), Config: compile)),true,None)
Sending msg to client play-fork-run-2f193486-5c79-42ca-977c-651fde4a9815: TaskStarted(459,63056,None)
Sending msg to client play-fork-run-2f193486-5c79-42ca-977c-651fde4a9815: TaskFinished(459,63056,None,true,None)
Sending msg to client play-fork-run-2f193486-5c79-42ca-977c-651fde4a9815: TaskStarted(459,63055,None)
Sending msg to client play-fork-run-2f193486-5c79-42ca-977c-651fde4a9815: TaskFinished(459,63055,None,true,None)
Sending msg to client play-fork-run-2f193486-5c79-42ca-977c-651fde4a9815: TaskFinished(459,63036,None,true,None)
Sending msg to client play-fork-run-2f193486-5c79-42ca-977c-651fde4a9815: TaskStarted(459,63034,Some(AttributeKey[scala.collection.Seq[sbt.Attributed[java.io.File]]]("unmanagedClasspath") in Scope(Build: file:/home/andres/Instalaciones/BiciPlay5/, , Project: ProjectReference(file:/home/andres/Instalaciones/BiciPlay5/,root), Config: runtime)))
Sending msg to client play-fork-run-2f193486-5c79-42ca-977c-651fde4a9815: TaskFinished(459,63034,Some(AttributeKey[scala.collection.Seq[sbt.Attributed[java.io.File]]]("unmanagedClasspath") in Scope(Build: file:/home/andres/Instalaciones/BiciPlay5/, , Project: ProjectReference(file:/home/andres/Instalaciones/BiciPlay5/,root), Config: runtime)),true,None)
Sending msg to client play-fork-run-2f193486-5c79-42ca-977c-651fde4a9815: TaskFinished(459,62999,Some(AttributeKey[sbt.UpdateReport]("update") in Scope(Build: file:/home/andres/Instalaciones/BiciPlay5/, , Project: ProjectReference(file:/home/andres/Instalaciones/BiciPlay5/,root))),true,None)
Sending msg to client play-fork-run-2f193486-5c79-42ca-977c-651fde4a9815: TaskStarted(459,62996,Some(AttributeKey[sbt.UpdateReport]("update") in Scope(Build: file:/home/andres/Instalaciones/BiciPlay5/, , Project: ProjectReference(file:/home/andres/Instalaciones/BiciPlay5/,root))))
Sending msg to client play-fork-run-2f193486-5c79-42ca-977c-651fde4a9815: TaskFinished(459,62996,Some(AttributeKey[sbt.UpdateReport]("update") in Scope(Build: file:/home/andres/Instalaciones/BiciPlay5/, , Project: ProjectReference(file:/home/andres/Instalaciones/BiciPlay5/,root))),true,None)
Sending msg to client play-fork-run-2f193486-5c79-42ca-977c-651fde4a9815: TaskStarted(459,62995,Some(AttributeKey[scala.collection.Seq[sbt.Attributed[java.io.File]]]("managedClasspath") in Scope(Build: file:/home/andres/Instalaciones/BiciPlay5/, , Project: ProjectReference(file:/home/andres/Instalaciones/BiciPlay5/,root), Config: docs)))
Sending msg to client play-fork-run-2f193486-5c79-42ca-977c-651fde4a9815: TaskStarted(459,63041,Some(AttributeKey[sbt.Configuration]("classpathConfiguration") in Scope(Build: file:/home/andres/Instalaciones/BiciPlay5/, , Project: ProjectReference(file:/home/andres/Instalaciones/BiciPlay5/,root), Config: compile)))
Sending msg to client play-fork-run-2f193486-5c79-42ca-977c-651fde4a9815: TaskFinished(459,63041,Some(AttributeKey[sbt.Configuration]("classpathConfiguration") in Scope(Build: file:/home/andres/Instalaciones/BiciPlay5/, , Project: ProjectReference(file:/home/andres/Instalaciones/BiciPlay5/,root), Config: compile)),true,None)
Sending msg to client play-fork-run-2f193486-5c79-42ca-977c-651fde4a9815: TaskStarted(459,63040,None)
Sending msg to client play-fork-run-2f193486-5c79-42ca-977c-651fde4a9815: TaskFinished(459,62995,Some(AttributeKey[scala.collection.Seq[sbt.Attributed[java.io.File]]]("managedClasspath") in Scope(Build: file:/home/andres/Instalaciones/BiciPlay5/, , Project: ProjectReference(file:/home/andres/Instalaciones/BiciPlay5/,root), Config: docs)),true,None)
Sending msg to client play-fork-run-2f193486-5c79-42ca-977c-651fde4a9815: TaskStarted(459,62994,Some(AttributeKey[scala.Option[java.io.File]]("playDocsJar") in Scope(Build: file:/home/andres/Instalaciones/BiciPlay5/, , Project: ProjectReference(file:/home/andres/Instalaciones/BiciPlay5/,root))))
Sending msg to client play-fork-run-2f193486-5c79-42ca-977c-651fde4a9815: TaskFinished(459,63040,None,true,None)
Sending msg to client play-fork-run-2f193486-5c79-42ca-977c-651fde4a9815: TaskStarted(459,63039,Some(AttributeKey[sbt.Configuration]("classpathConfiguration") in Scope(Build: file:/home/andres/Instalaciones/BiciPlay5/, , Project: ProjectReference(file:/home/andres/Instalaciones/BiciPlay5/,root), Config: runtime)))
Sending msg to client play-fork-run-2f193486-5c79-42ca-977c-651fde4a9815: TaskFinished(459,62994,Some(AttributeKey[scala.Option[java.io.File]]("playDocsJar") in Scope(Build: file:/home/andres/Instalaciones/BiciPlay5/, , Project: ProjectReference(file:/home/andres/Instalaciones/BiciPlay5/,root))),true,None)
Sending msg to client play-fork-run-2f193486-5c79-42ca-977c-651fde4a9815: TaskFinished(459,63039,Some(AttributeKey[sbt.Configuration]("classpathConfiguration") in Scope(Build: file:/home/andres/Instalaciones/BiciPlay5/, , Project: ProjectReference(file:/home/andres/Instalaciones/BiciPlay5/,root), Config: runtime)),true,None)
Sending msg to client play-fork-run-2f193486-5c79-42ca-977c-651fde4a9815: TaskStarted(459,63038,None)
Sending msg to client play-fork-run-2f193486-5c79-42ca-977c-651fde4a9815: TaskFinished(459,63038,None,true,None)
Sending msg to client play-fork-run-2f193486-5c79-42ca-977c-651fde4a9815: TaskStarted(459,63037,Some(AttributeKey[scala.collection.Seq[sbt.Attributed[java.io.File]]]("managedClasspath") in Scope(Build: file:/home/andres/Instalaciones/BiciPlay5/, , Project: ProjectReference(file:/home/andres/Instalaciones/BiciPlay5/,root), Config: runtime)))
Sending msg to client play-fork-run-2f193486-5c79-42ca-977c-651fde4a9815: TaskFinished(459,63037,Some(AttributeKey[scala.collection.Seq[sbt.Attributed[java.io.File]]]("managedClasspath") in Scope(Build: file:/home/andres/Instalaciones/BiciPlay5/, , Project: ProjectReference(file:/home/andres/Instalaciones/BiciPlay5/,root), Config: runtime)),true,None)
Sending msg to client play-fork-run-2f193486-5c79-42ca-977c-651fde4a9815: TaskStarted(459,63033,None)
Sending msg to client play-fork-run-2f193486-5c79-42ca-977c-651fde4a9815: TaskFinished(459,63033,None,true,None)
Sending msg to client play-fork-run-2f193486-5c79-42ca-977c-651fde4a9815: TaskStarted(459,63032,Some(AttributeKey[scala.collection.Seq[sbt.Attributed[java.io.File]]]("playDependencyClasspath") in Scope(Build: file:/home/andres/Instalaciones/BiciPlay5/, , Project: ProjectReference(file:/home/andres/Instalaciones/BiciPlay5/,root))))
Sending msg to client play-fork-run-2f193486-5c79-42ca-977c-651fde4a9815: TaskFinished(459,63032,Some(AttributeKey[scala.collection.Seq[sbt.Attributed[java.io.File]]]("playDependencyClasspath") in Scope(Build: file:/home/andres/Instalaciones/BiciPlay5/, , Project: ProjectReference(file:/home/andres/Instalaciones/BiciPlay5/,root))),true,None)
Sending msg to client play-fork-run-2f193486-5c79-42ca-977c-651fde4a9815: TaskStarted(459,62993,Some(AttributeKey[play.forkrun.protocol.ForkConfig]("playForkConfig") in Scope(Build: file:/home/andres/Instalaciones/BiciPlay5/, , Project: ProjectReference(file:/home/andres/Instalaciones/BiciPlay5/,root))))
Sending msg to client play-fork-run-2f193486-5c79-42ca-977c-651fde4a9815: TaskFinished(459,62993,Some(AttributeKey[play.forkrun.protocol.ForkConfig]("playForkConfig") in Scope(Build: file:/home/andres/Instalaciones/BiciPlay5/, , Project: ProjectReference(file:/home/andres/Instalaciones/BiciPlay5/,root))),true,None)
Sending msg to client play-fork-run-2f193486-5c79-42ca-977c-651fde4a9815: ValueChanged(AttributeKey[play.forkrun.protocol.ForkConfig]("playForkConfig") in Scope(Build: file:/home/andres/Instalaciones/BiciPlay5/, , Project: ProjectReference(file:/home/andres/Instalaciones/BiciPlay5/,root)),TaskSuccess(BuildValue(LazyValue(ForkConfig(/home/andres/Instalaciones/BiciPlay5,List(-Djna.nosys=true),List(/home/andres/.ivy2/cache/org.scala-lang/scala-library/jars/scala-library-2.11.7.jar, /home/andres/.ivy2/cache/com.typesafe.play/play-enhancer/jars/play-enhancer-1.1.0.jar, /home/andres/.ivy2/cache/com.typesafe.play/twirl-api_2.11/jars/twirl-api_2.11-1.1.1.jar, /home/andres/.ivy2/cache/org.apache.commons/commons-lang3/jars/commons-lang3-3.4.jar, /home/andres/.ivy2/cache/org.scala-lang.modules/scala-xml_2.11/bundles/scala-xml_2.11-1.0.1.jar, /home/andres/.ivy2/cache/com.typesafe.play/play-ebean_2.11/jars/play-ebean_2.11-3.0.0.jar, /home/andres/.ivy2/cache/com.typesafe.play/play-java-jdbc_2.11/jars/play-java-jdbc_2.11-2.5.6.jar, /home/andres/.ivy2/cache/com.typesafe.play/play-jdbc_2.11/jars/play-jdbc_2.11-2.5.6.jar, /home/andres/.ivy2/cache/com.typesafe.play/play-jdbc-api_2.11/jars/play-jdbc-api_2.11-2.5.6.jar, /home/andres/.ivy2/cache/com.typesafe.play/play_2.11/jars/play_2.11-2.5.6.jar, /home/andres/.ivy2/cache/com.typesafe.play/build-link/jars/build-link-2.5.6.jar, /home/andres/.ivy2/cache/com.typesafe.play/play-exceptions/jars/play-exceptions-2.5.6.jar, /home/andres/.ivy2/cache/com.typesafe.play/play-iteratees_2.11/jars/play-iteratees_2.11-2.5.6.jar, /home/andres/.ivy2/cache/org.scala-stm/scala-stm_2.11/jars/scala-stm_2.11-0.7.jar, /home/andres/.ivy2/cache/com.typesafe/config/bundles/config-1.3.0.jar, /home/andres/.ivy2/cache/com.typesafe.play/play-json_2.11/jars/play-json_2.11-2.5.6.jar, /home/andres/.ivy2/cache/com.typesafe.play/play-functional_2.11/jars/play-functional_2.11-2.5.6.jar, /home/andres/.ivy2/cache/com.typesafe.play/play-datacommons_2.11/jars/play-datacommons_2.11-2.5.6.jar, /home/andres/.ivy2/cache/joda-time/joda-time/jars/joda-time-2.9.4.jar, /home/andres/.ivy2/cache/org.joda/joda-convert/jars/joda-convert-1.8.1.jar, /home/andres/.ivy2/cache/org.scala-lang/scala-reflect/jars/scala-reflect-2.11.7.jar, /home/andres/.ivy2/cache/com.fasterxml.jackson.core/jackson-core/bundles/jackson-core-2.7.6.jar, /home/andres/.ivy2/cache/com.fasterxml.jackson.core/jackson-annotations/bundles/jackson-annotations-2.7.6.jar, /home/andres/.ivy2/cache/com.fasterxml.jackson.core/jackson-databind/bundles/jackson-databind-2.7.6.jar, /home/andres/.ivy2/cache/com.fasterxml.jackson.datatype/jackson-datatype-jdk8/bundles/jackson-datatype-jdk8-2.7.6.jar, /home/andres/.ivy2/cache/com.fasterxml.jackson.datatype/jackson-datatype-jsr310/bundles/jackson-datatype-jsr310-2.7.6.jar, /home/andres/.ivy2/cache/com.typesafe.play/play-netty-utils/jars/play-netty-utils-2.5.6.jar, /home/andres/.ivy2/cache/org.slf4j/slf4j-api/jars/slf4j-api-1.7.21.jar, /home/andres/.ivy2/cache/org.slf4j/jul-to-slf4j/jars/jul-to-slf4j-1.7.21.jar, /home/andres/.ivy2/cache/org.slf4j/jcl-over-slf4j/jars/jcl-over-slf4j-1.7.21.jar, /home/andres/.ivy2/cache/com.typesafe.play/play-streams_2.11/jars/play-streams_2.11-2.5.6.jar, /home/andres/.ivy2/cache/org.reactivestreams/reactive-streams/jars/reactive-streams-1.0.0.jar, /home/andres/.ivy2/cache/com.typesafe.akka/akka-stream_2.11/jars/akka-stream_2.11-2.4.9.jar, /home/andres/.ivy2/cache/com.typesafe.akka/akka-actor_2.11/jars/akka-actor_2.11-2.4.9.jar, /home/andres/.ivy2/cache/org.scala-lang.modules/scala-java8-compat_2.11/bundles/scala-java8-compat_2.11-0.7.0.jar, /home/andres/.ivy2/cache/com.typesafe/ssl-config-akka_2.11/bundles/ssl-config-akka_2.11-0.2.1.jar, /home/andres/.ivy2/cache/com.typesafe/ssl-config-core_2.11/bundles/ssl-config-core_2.11-0.2.1.jar, /home/andres/.ivy2/cache/org.scala-lang.modules/scala-parser-combinators_2.11/bundles/scala-parser-combinators_2.11-1.0.4.jar, /home/andres/.ivy2/cache/com.typesafe.akka/akka-slf4j_2.11/jars/akka-slf4j_2.11-2.4.9.jar, /home/andres/.ivy2/cache/commons-codec/commons-codec/jars/commons-codec-1.10.jar, /home/andres/.ivy2/cache/xerces/xercesImpl/jars/xercesImpl-2.11.0.jar, /home/andres/.ivy2/cache/xml-apis/xml-apis/jars/xml-apis-1.4.01.jar, /home/andres/.ivy2/cache/javax.transaction/jta/jars/jta-1.1.jar, /home/andres/.ivy2/cache/com.google.inject/guice/jars/guice-4.0.jar, /home/andres/.ivy2/cache/javax.inject/javax.inject/jars/javax.inject-1.jar, /home/andres/.ivy2/cache/aopalliance/aopalliance/jars/aopalliance-1.0.jar, /home/andres/.ivy2/cache/com.google.inject.extensions/guice-assistedinject/jars/guice-assistedinject-4.0.jar, /home/andres/.ivy2/cache/com.jolbox/bonecp/bundles/bonecp-0.8.0.RELEASE.jar, /home/andres/.ivy2/cache/com.zaxxer/HikariCP/bundles/HikariCP-2.4.7.jar, /home/andres/.ivy2/cache/com.googlecode.usc/jdbcdslog/jars/jdbcdslog-1.0.6.2.jar, /home/andres/.ivy2/cache/com.h2database/h2/jars/h2-1.4.192.jar, /home/andres/.ivy2/cache/tyrex/tyrex/jars/tyrex-1.0.1.jar, /home/andres/.ivy2/cache/com.typesafe.play/play-java_2.11/jars/play-java_2.11-2.5.6.jar, /home/andres/.ivy2/cache/org.yaml/snakeyaml/bundles/snakeyaml-1.16.jar, /home/andres/.ivy2/cache/org.hibernate/hibernate-validator/jars/hibernate-validator-5.2.4.Final.jar, /home/andres/.ivy2/cache/javax.validation/validation-api/jars/validation-api-1.1.0.Final.jar, /home/andres/.ivy2/cache/javax.el/javax.el-api/jars/javax.el-api-3.0.0.jar, /home/andres/.ivy2/cache/org.springframework/spring-context/jars/spring-context-4.2.7.RELEASE.jar, /home/andres/.ivy2/cache/org.springframework/spring-core/jars/spring-core-4.2.7.RELEASE.jar, /home/andres/.ivy2/cache/org.springframework/spring-beans/jars/spring-beans-4.2.7.RELEASE.jar, /home/andres/.ivy2/cache/org.reflections/reflections/jars/reflections-0.9.10.jar, /home/andres/.ivy2/cache/com.google.guava/guava/bundles/guava-19.0.jar, /home/andres/.ivy2/cache/net.jodah/typetools/bundles/typetools-0.4.4.jar, /home/andres/.ivy2/cache/com.google.code.findbugs/jsr305/jars/jsr305-3.0.1.jar, /home/andres/.ivy2/cache/org.apache.tomcat/tomcat-servlet-api/jars/tomcat-servlet-api-8.0.33.jar, /home/andres/.ivy2/cache/com.typesafe.play/play-jdbc-evolutions_2.11/jars/play-jdbc-evolutions_2.11-2.5.0.jar, /home/andres/.ivy2/cache/org.avaje.ebeanorm/avaje-ebeanorm/jars/avaje-ebeanorm-6.18.1.jar, /home/andres/.ivy2/cache/org.jetbrains/annotations/jars/annotations-13.0.jar, /home/andres/.ivy2/cache/javax.persistence/persistence-api/jars/persistence-api-1.0.jar, /home/andres/.ivy2/cache/org.avaje.ebeanorm/avaje-ebeanorm-agent/jars/avaje-ebeanorm-agent-4.9.1.jar, /home/andres/.ivy2/cache/com.typesafe.play/play-server_2.11/jars/play-server_2.11-2.5.6.jar, /home/andres/.ivy2/cache/com.typesafe.play/play-netty-server_2.11/jars/play-netty-server_2.11-2.5.6.jar, /home/andres/.ivy2/cache/com.typesafe.netty/netty-reactive-streams-http/jars/netty-reactive-streams-http-1.0.7.jar, /home/andres/.ivy2/cache/com.typesafe.netty/netty-reactive-streams/jars/netty-reactive-streams-1.0.7.jar, /home/andres/.ivy2/cache/io.netty/netty-handler/jars/netty-handler-4.0.39.Final.jar, /home/andres/.ivy2/cache/io.netty/netty-buffer/jars/netty-buffer-4.0.39.Final.jar, /home/andres/.ivy2/cache/io.netty/netty-common/jars/netty-common-4.0.39.Final.jar, /home/andres/.ivy2/cache/io.netty/netty-transport/jars/netty-transport-4.0.39.Final.jar, /home/andres/.ivy2/cache/io.netty/netty-codec/jars/netty-codec-4.0.39.Final.jar, /home/andres/.ivy2/cache/io.netty/netty-codec-http/jars/netty-codec-http-4.0.39.Final.jar, /home/andres/.ivy2/cache/io.netty/netty-transport-native-epoll/jars/netty-transport-native-epoll-4.0.39.Final-linux-x86_64.jar, /home/andres/.ivy2/cache/com.typesafe.play/play-logback_2.11/jars/play-logback_2.11-2.5.6.jar, /home/andres/.ivy2/cache/ch.qos.logback/logback-classic/jars/logback-classic-1.1.7.jar, /home/andres/.ivy2/cache/ch.qos.logback/logback-core/jars/logback-core-1.1.7.jar, /home/andres/.ivy2/cache/com.typesafe.play/play-cache_2.11/jars/play-cache_2.11-2.5.6.jar, /home/andres/.ivy2/cache/net.sf.ehcache/ehcache-core/jars/ehcache-core-2.6.11.jar, /home/andres/.ivy2/cache/com.typesafe.play/play-java-ws_2.11/jars/play-java-ws_2.11-2.5.6.jar, /home/andres/.ivy2/cache/com.typesafe.play/play-ws_2.11/jars/play-ws_2.11-2.5.6.jar, /home/andres/.ivy2/cache/org.asynchttpclient/async-http-client/jars/async-http-client-2.0.11.jar, /home/andres/.ivy2/cache/org.asynchttpclient/netty-resolver-dns/jars/netty-resolver-dns-2.0.11.jar, /home/andres/.ivy2/cache/org.asynchttpclient/netty-resolver/jars/netty-resolver-2.0.11.jar, /home/andres/.ivy2/cache/org.asynchttpclient/netty-codec-dns/jars/netty-codec-dns-2.0.11.jar, /home/andres/.ivy2/cache/org.javassist/javassist/bundles/javassist-3.20.0-GA.jar, /home/andres/.ivy2/cache/oauth.signpost/signpost-core/jars/signpost-core-1.2.1.2.jar, /home/andres/.ivy2/cache/oauth.signpost/signpost-commonshttp4/jars/signpost-commonshttp4-1.2.1.2.jar, /home/andres/.ivy2/cache/org.apache.httpcomponents/httpcore/jars/httpcore-4.0.1.jar, /home/andres/.ivy2/cache/org.apache.httpcomponents/httpclient/jars/httpclient-4.0.1.jar, /home/andres/.ivy2/cache/commons-logging/commons-logging/jars/commons-logging-1.1.1.jar, /home/andres/.ivy2/cache/com.typesafe.play/play-java-jpa_2.11/jars/play-java-jpa_2.11-2.5.6.jar, /home/andres/.ivy2/cache/org.hibernate.javax.persistence/hibernate-jpa-2.1-api/jars/hibernate-jpa-2.1-api-1.0.0.Final.jar, /home/andres/.ivy2/cache/org.hibernate/hibernate-entitymanager/jars/hibernate-entitymanager-5.1.0.Final.jar, /home/andres/.ivy2/cache/org.jboss.logging/jboss-logging/jars/jboss-logging-3.3.0.Final.jar, /home/andres/.ivy2/cache/org.hibernate/hibernate-core/jars/hibernate-core-5.1.0.Final.jar, /home/andres/.ivy2/cache/antlr/antlr/jars/antlr-2.7.7.jar, /home/andres/.ivy2/cache/org.apache.geronimo.specs/geronimo-jta_1.1_spec/jars/geronimo-jta_1.1_spec-1.1.1.jar, /home/andres/.ivy2/cache/org.jboss/jandex/bundles/jandex-2.0.0.Final.jar, /home/andres/.ivy2/cache/com.fasterxml/classmate/bundles/classmate-1.3.0.jar, /home/andres/.ivy2/cache/dom4j/dom4j/jars/dom4j-1.6.1.jar, /home/andres/.ivy2/cache/org.hibernate.common/hibernate-commons-annotations/jars/hibernate-commons-annotations-5.0.1.Final.jar, /home/andres/.ivy2/cache/com.typesafe.play/filters-helpers_2.11/jars/filters-helpers_2.11-2.5.6.jar, /home/andres/.ivy2/cache/org.postgresql/postgresql/jars/postgresql-9.4-1206-jdbc42.jar, /home/andres/.ivy2/cache/com.google.code.gson/gson/jars/gson-2.7.jar),List((public/,/home/andres/Instalaciones/BiciPlay5/target/web/public/main)),List(/home/andres/.ivy2/cache/com.typesafe.play/play-omnidoc_2.11/jars/play-omnidoc_2.11-2.5.6.jar, /home/andres/.ivy2/cache/org.scala-lang/scala-library/jars/scala-library-2.11.7.jar, /home/andres/.ivy2/cache/com.typesafe.play/play-docs_2.11/jars/play-docs_2.11-2.5.6.jar, /home/andres/.ivy2/cache/com.typesafe.play/play-netty-server_2.11/jars/play-netty-server_2.11-2.5.6.jar, /home/andres/.ivy2/cache/com.typesafe.play/play-server_2.11/jars/play-server_2.11-2.5.6.jar, /home/andres/.ivy2/cache/com.typesafe.play/play_2.11/jars/play_2.11-2.5.6.jar, /home/andres/.ivy2/cache/com.typesafe.play/build-link/jars/build-link-2.5.6.jar, /home/andres/.ivy2/cache/com.typesafe.play/play-exceptions/jars/play-exceptions-2.5.6.jar, /home/andres/.ivy2/cache/com.typesafe.play/play-iteratees_2.11/jars/play-iteratees_2.11-2.5.6.jar, /home/andres/.ivy2/cache/org.scala-stm/scala-stm_2.11/jars/scala-stm_2.11-0.7.jar, /home/andres/.ivy2/cache/com.typesafe/config/bundles/config-1.3.0.jar, /home/andres/.ivy2/cache/com.typesafe.play/play-json_2.11/jars/play-json_2.11-2.5.6.jar, /home/andres/.ivy2/cache/com.typesafe.play/play-functional_2.11/jars/play-functional_2.11-2.5.6.jar, /home/andres/.ivy2/cache/com.typesafe.play/play-datacommons_2.11/jars/play-datacommons_2.11-2.5.6.jar, /home/andres/.ivy2/cache/joda-time/joda-time/jars/joda-time-2.9.4.jar, /home/andres/.ivy2/cache/org.joda/joda-convert/jars/joda-convert-1.8.1.jar, /home/andres/.ivy2/cache/org.scala-lang/scala-reflect/jars/scala-reflect-2.11.7.jar, /home/andres/.ivy2/cache/com.fasterxml.jackson.core/jackson-core/bundles/jackson-core-2.7.6.jar, /home/andres/.ivy2/cache/com.fasterxml.jackson.core/jackson-annotations/bundles/jackson-annotations-2.7.6.jar, /home/andres/.ivy2/cache/com.fasterxml.jackson.core/jackson-databind/bundles/jackson-databind-2.7.6.jar, /home/andres/.ivy2/cache/com.fasterxml.jackson.datatype/jackson-datatype-jdk8/bundles/jackson-datatype-jdk8-2.7.6.jar, /home/andres/.ivy2/cache/com.fasterxml.jackson.datatype/jackson-datatype-jsr310/bundles/jackson-datatype-jsr310-2.7.6.jar, /home/andres/.ivy2/cache/com.typesafe.play/play-netty-utils/jars/play-netty-utils-2.5.6.jar, /home/andres/.ivy2/cache/org.slf4j/slf4j-api/jars/slf4j-api-1.7.21.jar, /home/andres/.ivy2/cache/org.slf4j/jul-to-slf4j/jars/jul-to-slf4j-1.7.21.jar, /home/andres/.ivy2/cache/org.slf4j/jcl-over-slf4j/jars/jcl-over-slf4j-1.7.21.jar, /home/andres/.ivy2/cache/com.typesafe.play/play-streams_2.11/jars/play-streams_2.11-2.5.6.jar, /home/andres/.ivy2/cache/org.reactivestreams/reactive-streams/jars/reactive-streams-1.0.0.jar, /home/andres/.ivy2/cache/com.typesafe.akka/akka-stream_2.11/jars/akka-stream_2.11-2.4.9.jar, /home/andres/.ivy2/cache/com.typesafe.akka/akka-actor_2.11/jars/akka-actor_2.11-2.4.9.jar, /home/andres/.ivy2/cache/org.scala-lang.modules/scala-java8-compat_2.11/bundles/scala-java8-compat_2.11-0.7.0.jar, /home/andres/.ivy2/cache/com.typesafe/ssl-config-akka_2.11/bundles/ssl-config-akka_2.11-0.2.1.jar, /home/andres/.ivy2/cache/com.typesafe/ssl-config-core_2.11/bundles/ssl-config-core_2.11-0.2.1.jar, /home/andres/.ivy2/cache/org.scala-lang.modules/scala-parser-combinators_2.11/bundles/scala-parser-combinators_2.11-1.0.4.jar, /home/andres/.ivy2/cache/com.typesafe.play/twirl-api_2.11/jars/twirl-api_2.11-1.1.1.jar, /home/andres/.ivy2/cache/org.apache.commons/commons-lang3/jars/commons-lang3-3.4.jar, /home/andres/.ivy2/cache/org.scala-lang.modules/scala-xml_2.11/bundles/scala-xml_2.11-1.0.1.jar, /home/andres/.ivy2/cache/com.typesafe.akka/akka-slf4j_2.11/jars/akka-slf4j_2.11-2.4.9.jar, /home/andres/.ivy2/cache/commons-codec/commons-codec/jars/commons-codec-1.10.jar, /home/andres/.ivy2/cache/xerces/xercesImpl/jars/xercesImpl-2.11.0.jar, /home/andres/.ivy2/cache/xml-apis/xml-apis/jars/xml-apis-1.4.01.jar, /home/andres/.ivy2/cache/javax.transaction/jta/jars/jta-1.1.jar, /home/andres/.ivy2/cache/com.google.inject/guice/jars/guice-4.0.jar, /home/andres/.ivy2/cache/javax.inject/javax.inject/jars/javax.inject-1.jar, /home/andres/.ivy2/cache/aopalliance/aopalliance/jars/aopalliance-1.0.jar, /home/andres/.ivy2/cache/com.google.guava/guava/bundles/guava-16.0.1.jar, /home/andres/.ivy2/cache/com.google.inject.extensions/guice-assistedinject/jars/guice-assistedinject-4.0.jar, /home/andres/.ivy2/cache/com.typesafe.netty/netty-reactive-streams-http/jars/netty-reactive-streams-http-1.0.7.jar, /home/andres/.ivy2/cache/com.typesafe.netty/netty-reactive-streams/jars/netty-reactive-streams-1.0.7.jar, /home/andres/.ivy2/cache/io.netty/netty-handler/jars/netty-handler-4.0.39.Final.jar, /home/andres/.ivy2/cache/io.netty/netty-buffer/jars/netty-buffer-4.0.39.Final.jar, /home/andres/.ivy2/cache/io.netty/netty-common/jars/netty-common-4.0.39.Final.jar, /home/andres/.ivy2/cache/io.netty/netty-transport/jars/netty-transport-4.0.39.Final.jar, /home/andres/.ivy2/cache/io.netty/netty-codec/jars/netty-codec-4.0.39.Final.jar, /home/andres/.ivy2/cache/io.netty/netty-codec-http/jars/netty-codec-http-4.0.39.Final.jar, /home/andres/.ivy2/cache/io.netty/netty-transport-native-epoll/jars/netty-transport-native-epoll-4.0.39.Final-linux-x86_64.jar, /home/andres/.ivy2/cache/com.typesafe.play/play-doc_2.11/jars/play-doc_2.11-1.2.2.jar, /home/andres/.ivy2/cache/org.pegdown/pegdown/jars/pegdown-1.4.0.jar, /home/andres/.ivy2/cache/org.parboiled/parboiled-java/bundles/parboiled-java-1.1.5.jar, /home/andres/.ivy2/cache/org.parboiled/parboiled-core/bundles/parboiled-core-1.1.5.jar, /home/andres/.ivy2/cache/org.ow2.asm/asm/jars/asm-4.1.jar, /home/andres/.ivy2/cache/org.ow2.asm/asm-tree/jars/asm-tree-4.1.jar, /home/andres/.ivy2/cache/org.ow2.asm/asm-analysis/jars/asm-analysis-4.1.jar, /home/andres/.ivy2/cache/org.ow2.asm/asm-util/jars/asm-util-4.1.jar, /home/andres/.ivy2/cache/commons-io/commons-io/jars/commons-io-2.4.jar),Some(/home/andres/.ivy2/cache/com.typesafe.play/play-omnidoc_2.11/jars/play-omnidoc_2.11-2.5.6.jar),List(),9000,0.0.0.0,DefaultWatchService,List(/home/andres/Instalaciones/BiciPlay5/public, /home/andres/Instalaciones/BiciPlay5/conf, /home/andres/Instalaciones/BiciPlay5/app),/home/andres/Instalaciones/BiciPlay5/target,500,root/playForkNotifyStart,root/playForkReload,300000,play.core.server.DevServerStart),scala.pickling.PicklerUnpickler$DelegatingPicklerUnpickler@d400c46),ForkConfig(/home/andres/Instalaciones/BiciPlay5,List(-Djna.nosys=true),List(/home/andres/.ivy2/cache/org.scala-lang/scala-library/jars/scala-library-2.11.7.jar, /home/andres/.ivy2/cache/com.typesafe.play/play-enhancer/jars/play-enhancer-1.1.0.jar, /home/andres/.ivy2/cache/com.typesafe.play/twirl-api_2.11/jars/twirl-api_2.11-1.1.1.jar, /home/andres/.ivy2/cache/org.apache.commons/commons-lang3/jars/commons-lang3-3.4.jar, /home/andres/.ivy2/cache/org.scala-lang.modules/scala-xml_2.11/bundles/scala-xml_2.11-1.0.1.jar, /home/andres/.ivy2/cache/com.typesafe.play/play-ebean_2.11/jars/play-ebean_2.11-3.0.0.jar, /home/andres/.ivy2/cache/com.typesafe.play/play-java-jdbc_2.11/jars/play-java-jdbc_2.11-2.5.6.jar, /home/andres/.ivy2/cache/com.typesafe.play/play-jdbc_2.11/jars/play-jdbc_2.11-2.5.6.jar, /home/andres/.ivy2/cache/com.typesafe.play/play-jdbc-api_2.11/jars/play-jdbc-api_2.11-2.5.6.jar, /home/andres/.ivy2/cache/com.typesafe.play/play_2.11/jars/play_2.11-2.5.6.jar, /home/andres/.ivy2/cache/com.typesafe.play/build-link/jars/build-link-2.5.6.jar, /home/andres/.ivy2/cache/com.typesafe.play/play-exceptions/jars/play-exceptions-2.5.6.jar, /home/andres/.ivy2/cache/com.typesafe.play/play-iteratees_2.11/jars/play-iteratees_2.11-2.5.6.jar, /home/andres/.ivy2/cache/org.scala-stm/scala-stm_2.11/jars/scala-stm_2.11-0.7.jar, /home/andres/.ivy2/cache/com.typesafe/config/bundles/config-1.3.0.jar, /home/andres/.ivy2/cache/com.typesafe.play/play-json_2.11/jars/play-json_2.11-2.5.6.jar, /home/andres/.ivy2/cache/com.typesafe.play/play-functional_2.11/jars/play-functional_2.11-2.5.6.jar, /home/andres/.ivy2/cache/com.typesafe.play/play-datacommons_2.11/jars/play-datacommons_2.11-2.5.6.jar, /home/andres/.ivy2/cache/joda-time/joda-time/jars/joda-time-2.9.4.jar, /home/andres/.ivy2/cache/org.joda/joda-convert/jars/joda-convert-1.8.1.jar, /home/andres/.ivy2/cache/org.scala-lang/scala-reflect/jars/scala-reflect-2.11.7.jar, /home/andres/.ivy2/cache/com.fasterxml.jackson.core/jackson-core/bundles/jackson-core-2.7.6.jar, /home/andres/.ivy2/cache/com.fasterxml.jackson.core/jackson-annotations/bundles/jackson-annotations-2.7.6.jar, /home/andres/.ivy2/cache/com.fasterxml.jackson.core/jackson-databind/bundles/jackson-databind-2.7.6.jar, /home/andres/.ivy2/cache/com.fasterxml.jackson.datatype/jackson-datatype-jdk8/bundles/jackson-datatype-jdk8-2.7.6.jar, /home/andres/.ivy2/cache/com.fasterxml.jackson.datatype/jackson-datatype-jsr310/bundles/jackson-datatype-jsr310-2.7.6.jar, /home/andres/.ivy2/cache/com.typesafe.play/play-netty-utils/jars/play-netty-utils-2.5.6.jar, /home/andres/.ivy2/cache/org.slf4j/slf4j-api/jars/slf4j-api-1.7.21.jar, /home/andres/.ivy2/cache/org.slf4j/jul-to-slf4j/jars/jul-to-slf4j-1.7.21.jar, /home/andres/.ivy2/cache/org.slf4j/jcl-over-slf4j/jars/jcl-over-slf4j-1.7.21.jar, /home/andres/.ivy2/cache/com.typesafe.play/play-streams_2.11/jars/play-streams_2.11-2.5.6.jar, /home/andres/.ivy2/cache/org.reactivestreams/reactive-streams/jars/reactive-streams-1.0.0.jar, /home/andres/.ivy2/cache/com.typesafe.akka/akka-stream_2.11/jars/akka-stream_2.11-2.4.9.jar, /home/andres/.ivy2/cache/com.typesafe.akka/akka-actor_2.11/jars/akka-actor_2.11-2.4.9.jar, /home/andres/.ivy2/cache/org.scala-lang.modules/scala-java8-compat_2.11/bundles/scala-java8-compat_2.11-0.7.0.jar, /home/andres/.ivy2/cache/com.typesafe/ssl-config-akka_2.11/bundles/ssl-config-akka_2.11-0.2.1.jar, /home/andres/.ivy2/cache/com.typesafe/ssl-config-core_2.11/bundles/ssl-config-core_2.11-0.2.1.jar, /home/andres/.ivy2/cache/org.scala-lang.modules/scala-parser-combinators_2.11/bundles/scala-parser-combinators_2.11-1.0.4.jar, /home/andres/.ivy2/cache/com.typesafe.akka/akka-slf4j_2.11/jars/akka-slf4j_2.11-2.4.9.jar, /home/andres/.ivy2/cache/commons-codec/commons-codec/jars/commons-codec-1.10.jar, /home/andres/.ivy2/cache/xerces/xercesImpl/jars/xercesImpl-2.11.0.jar, /home/andres/.ivy2/cache/xml-apis/xml-apis/jars/xml-apis-1.4.01.jar, /home/andres/.ivy2/cache/javax.transaction/jta/jars/jta-1.1.jar, /home/andres/.ivy2/cache/com.google.inject/guice/jars/guice-4.0.jar, /home/andres/.ivy2/cache/javax.inject/javax.inject/jars/javax.inject-1.jar, /home/andres/.ivy2/cache/aopalliance/aopalliance/jars/aopalliance-1.0.jar, /home/andres/.ivy2/cache/com.google.inject.extensions/guice-assistedinject/jars/guice-assistedinject-4.0.jar, /home/andres/.ivy2/cache/com.jolbox/bonecp/bundles/bonecp-0.8.0.RELEASE.jar, /home/andres/.ivy2/cache/com.zaxxer/HikariCP/bundles/HikariCP-2.4.7.jar, /home/andres/.ivy2/cache/com.googlecode.usc/jdbcdslog/jars/jdbcdslog-1.0.6.2.jar, /home/andres/.ivy2/cache/com.h2database/h2/jars/h2-1.4.192.jar, /home/andres/.ivy2/cache/tyrex/tyrex/jars/tyrex-1.0.1.jar, /home/andres/.ivy2/cache/com.typesafe.play/play-java_2.11/jars/play-java_2.11-2.5.6.jar, /home/andres/.ivy2/cache/org.yaml/snakeyaml/bundles/snakeyaml-1.16.jar, /home/andres/.ivy2/cache/org.hibernate/hibernate-validator/jars/hibernate-validator-5.2.4.Final.jar, /home/andres/.ivy2/cache/javax.validation/validation-api/jars/validation-api-1.1.0.Final.jar, /home/andres/.ivy2/cache/javax.el/javax.el-api/jars/javax.el-api-3.0.0.jar, /home/andres/.ivy2/cache/org.springframework/spring-context/jars/spring-context-4.2.7.RELEASE.jar, /home/andres/.ivy2/cache/org.springframework/spring-core/jars/spring-core-4.2.7.RELEASE.jar, /home/andres/.ivy2/cache/org.springframework/spring-beans/jars/spring-beans-4.2.7.RELEASE.jar, /home/andres/.ivy2/cache/org.reflections/reflections/jars/reflections-0.9.10.jar, /home/andres/.ivy2/cache/com.google.guava/guava/bundles/guava-19.0.jar, /home/andres/.ivy2/cache/net.jodah/typetools/bundles/typetools-0.4.4.jar, /home/andres/.ivy2/cache/com.google.code.findbugs/jsr305/jars/jsr305-3.0.1.jar, /home/andres/.ivy2/cache/org.apache.tomcat/tomcat-servlet-api/jars/tomcat-servlet-api-8.0.33.jar, /home/andres/.ivy2/cache/com.typesafe.play/play-jdbc-evolutions_2.11/jars/play-jdbc-evolutions_2.11-2.5.0.jar, /home/andres/.ivy2/cache/org.avaje.ebeanorm/avaje-ebeanorm/jars/avaje-ebeanorm-6.18.1.jar, /home/andres/.ivy2/cache/org.jetbrains/annotations/jars/annotations-13.0.jar, /home/andres/.ivy2/cache/javax.persistence/persistence-api/jars/persistence-api-1.0.jar, /home/andres/.ivy2/cache/org.avaje.ebeanorm/avaje-ebeanorm-agent/jars/avaje-ebeanorm-agent-4.9.1.jar, /home/andres/.ivy2/cache/com.typesafe.play/play-server_2.11/jars/play-server_2.11-2.5.6.jar, /home/andres/.ivy2/cache/com.typesafe.play/play-netty-server_2.11/jars/play-netty-server_2.11-2.5.6.jar, /home/andres/.ivy2/cache/com.typesafe.netty/netty-reactive-streams-http/jars/netty-reactive-streams-http-1.0.7.jar, /home/andres/.ivy2/cache/com.typesafe.netty/netty-reactive-streams/jars/netty-reactive-streams-1.0.7.jar, /home/andres/.ivy2/cache/io.netty/netty-handler/jars/netty-handler-4.0.39.Final.jar, /home/andres/.ivy2/cache/io.netty/netty-buffer/jars/netty-buffer-4.0.39.Final.jar, /home/andres/.ivy2/cache/io.netty/netty-common/jars/netty-common-4.0.39.Final.jar, /home/andres/.ivy2/cache/io.netty/netty-transport/jars/netty-transport-4.0.39.Final.jar, /home/andres/.ivy2/cache/io.netty/netty-codec/jars/netty-codec-4.0.39.Final.jar, /home/andres/.ivy2/cache/io.netty/netty-codec-http/jars/netty-codec-http-4.0.39.Final.jar, /home/andres/.ivy2/cache/io.netty/netty-transport-native-epoll/jars/netty-transport-native-epoll-4.0.39.Final-linux-x86_64.jar, /home/andres/.ivy2/cache/com.typesafe.play/play-logback_2.11/jars/play-logback_2.11-2.5.6.jar, /home/andres/.ivy2/cache/ch.qos.logback/logback-classic/jars/logback-classic-1.1.7.jar, /home/andres/.ivy2/cache/ch.qos.logback/logback-core/jars/logback-core-1.1.7.jar, /home/andres/.ivy2/cache/com.typesafe.play/play-cache_2.11/jars/play-cache_2.11-2.5.6.jar, /home/andres/.ivy2/cache/net.sf.ehcache/ehcache-core/jars/ehcache-core-2.6.11.jar, /home/andres/.ivy2/cache/com.typesafe.play/play-java-ws_2.11/jars/play-java-ws_2.11-2.5.6.jar, /home/andres/.ivy2/cache/com.typesafe.play/play-ws_2.11/jars/play-ws_2.11-2.5.6.jar, /home/andres/.ivy2/cache/org.asynchttpclient/async-http-client/jars/async-http-client-2.0.11.jar, /home/andres/.ivy2/cache/org.asynchttpclient/netty-resolver-dns/jars/netty-resolver-dns-2.0.11.jar, /home/andres/.ivy2/cache/org.asynchttpclient/netty-resolver/jars/netty-resolver-2.0.11.jar, /home/andres/.ivy2/cache/org.asynchttpclient/netty-codec-dns/jars/netty-codec-dns-2.0.11.jar, /home/andres/.ivy2/cache/org.javassist/javassist/bundles/javassist-3.20.0-GA.jar, /home/andres/.ivy2/cache/oauth.signpost/signpost-core/jars/signpost-core-1.2.1.2.jar, /home/andres/.ivy2/cache/oauth.signpost/signpost-commonshttp4/jars/signpost-commonshttp4-1.2.1.2.jar, /home/andres/.ivy2/cache/org.apache.httpcomponents/httpcore/jars/httpcore-4.0.1.jar, /home/andres/.ivy2/cache/org.apache.httpcomponents/httpclient/jars/httpclient-4.0.1.jar, /home/andres/.ivy2/cache/commons-logging/commons-logging/jars/commons-logging-1.1.1.jar, /home/andres/.ivy2/cache/com.typesafe.play/play-java-jpa_2.11/jars/play-java-jpa_2.11-2.5.6.jar, /home/andres/.ivy2/cache/org.hibernate.javax.persistence/hibernate-jpa-2.1-api/jars/hibernate-jpa-2.1-api-1.0.0.Final.jar, /home/andres/.ivy2/cache/org.hibernate/hibernate-entitymanager/jars/hibernate-entitymanager-5.1.0.Final.jar, /home/andres/.ivy2/cache/org.jboss.logging/jboss-logging/jars/jboss-logging-3.3.0.Final.jar, /home/andres/.ivy2/cache/org.hibernate/hibernate-core/jars/hibernate-core-5.1.0.Final.jar, /home/andres/.ivy2/cache/antlr/antlr/jars/antlr-2.7.7.jar, /home/andres/.ivy2/cache/org.apache.geronimo.specs/geronimo-jta_1.1_spec/jars/geronimo-jta_1.1_spec-1.1.1.jar, /home/andres/.ivy2/cache/org.jboss/jandex/bundles/jandex-2.0.0.Final.jar, /home/andres/.ivy2/cache/com.fasterxml/classmate/bundles/classmate-1.3.0.jar, /home/andres/.ivy2/cache/dom4j/dom4j/jars/dom4j-1.6.1.jar, /home/andres/.ivy2/cache/org.hibernate.common/hibernate-commons-annotations/jars/hibernate-commons-annotations-5.0.1.Final.jar, /home/andres/.ivy2/cache/com.typesafe.play/filters-helpers_2.11/jars/filters-helpers_2.11-2.5.6.jar, /home/andres/.ivy2/cache/org.postgresql/postgresql/jars/postgresql-9.4-1206-jdbc42.jar, /home/andres/.ivy2/cache/com.google.code.gson/gson/jars/gson-2.7.jar),List((public/,/home/andres/Instalaciones/BiciPlay5/target/web/public/main)),List(/home/andres/.ivy2/cache/com.typesafe.play/play-omnidoc_2.11/jars/play-omnidoc_2.11-2.5.6.jar, /home/andres/.ivy2/cache/org.scala-lang/scala-library/jars/scala-library-2.11.7.jar, /home/andres/.ivy2/cache/com.typesafe.play/play-docs_2.11/jars/play-docs_2.11-2.5.6.jar, /home/andres/.ivy2/cache/com.typesafe.play/play-netty-server_2.11/jars/play-netty-server_2.11-2.5.6.jar, /home/andres/.ivy2/cache/com.typesafe.play/play-server_2.11/jars/play-server_2.11-2.5.6.jar, /home/andres/.ivy2/cache/com.typesafe.play/play_2.11/jars/play_2.11-2.5.6.jar, /home/andres/.ivy2/cache/com.typesafe.play/build-link/jars/build-link-2.5.6.jar, /home/andres/.ivy2/cache/com.typesafe.play/play-exceptions/jars/play-exceptions-2.5.6.jar, /home/andres/.ivy2/cache/com.typesafe.play/play-iteratees_2.11/jars/play-iteratees_2.11-2.5.6.jar, /home/andres/.ivy2/cache/org.scala-stm/scala-stm_2.11/jars/scala-stm_2.11-0.7.jar, /home/andres/.ivy2/cache/com.typesafe/config/bundles/config-1.3.0.jar, /home/andres/.ivy2/cache/com.typesafe.play/play-json_2.11/jars/play-json_2.11-2.5.6.jar, /home/andres/.ivy2/cache/com.typesafe.play/play-functional_2.11/jars/play-functional_2.11-2.5.6.jar, /home/andres/.ivy2/cache/com.typesafe.play/play-datacommons_2.11/jars/play-datacommons_2.11-2.5.6.jar, /home/andres/.ivy2/cache/joda-time/joda-time/jars/joda-time-2.9.4.jar, /home/andres/.ivy2/cache/org.joda/joda-convert/jars/joda-convert-1.8.1.jar, /home/andres/.ivy2/cache/org.scala-lang/scala-reflect/jars/scala-reflect-2.11.7.jar, /home/andres/.ivy2/cache/com.fasterxml.jackson.core/jackson-core/bundles/jackson-core-2.7.6.jar, /home/andres/.ivy2/cache/com.fasterxml.jackson.core/jackson-annotations/bundles/jackson-annotations-2.7.6.jar, /home/andres/.ivy2/cache/com.fasterxml.jackson.core/jackson-databind/bundles/jackson-databind-2.7.6.jar, /home/andres/.ivy2/cache/com.fasterxml.jackson.datatype/jackson-datatype-jdk8/bundles/jackson-datatype-jdk8-2.7.6.jar, /home/andres/.ivy2/cache/com.fasterxml.jackson.datatype/jackson-datatype-jsr310/bundles/jackson-datatype-jsr310-2.7.6.jar, /home/andres/.ivy2/cache/com.typesafe.play/play-netty-utils/jars/play-netty-utils-2.5.6.jar, /home/andres/.ivy2/cache/org.slf4j/slf4j-api/jars/slf4j-api-1.7.21.jar, /home/andres/.ivy2/cache/org.slf4j/jul-to-slf4j/jars/jul-to-slf4j-1.7.21.jar, /home/andres/.ivy2/cache/org.slf4j/jcl-over-slf4j/jars/jcl-over-slf4j-1.7.21.jar, /home/andres/.ivy2/cache/com.typesafe.play/play-streams_2.11/jars/play-streams_2.11-2.5.6.jar, /home/andres/.ivy2/cache/org.reactivestreams/reactive-streams/jars/reactive-streams-1.0.0.jar, /home/andres/.ivy2/cache/com.typesafe.akka/akka-stream_2.11/jars/akka-stream_2.11-2.4.9.jar, /home/andres/.ivy2/cache/com.typesafe.akka/akka-actor_2.11/jars/akka-actor_2.11-2.4.9.jar, /home/andres/.ivy2/cache/org.scala-lang.modules/scala-java8-compat_2.11/bundles/scala-java8-compat_2.11-0.7.0.jar, /home/andres/.ivy2/cache/com.typesafe/ssl-config-akka_2.11/bundles/ssl-config-akka_2.11-0.2.1.jar, /home/andres/.ivy2/cache/com.typesafe/ssl-config-core_2.11/bundles/ssl-config-core_2.11-0.2.1.jar, /home/andres/.ivy2/cache/org.scala-lang.modules/scala-parser-combinators_2.11/bundles/scala-parser-combinators_2.11-1.0.4.jar, /home/andres/.ivy2/cache/com.typesafe.play/twirl-api_2.11/jars/twirl-api_2.11-1.1.1.jar, /home/andres/.ivy2/cache/org.apache.commons/commons-lang3/jars/commons-lang3-3.4.jar, /home/andres/.ivy2/cache/org.scala-lang.modules/scala-xml_2.11/bundles/scala-xml_2.11-1.0.1.jar, /home/andres/.ivy2/cache/com.typesafe.akka/akka-slf4j_2.11/jars/akka-slf4j_2.11-2.4.9.jar, /home/andres/.ivy2/cache/commons-codec/commons-codec/jars/commons-codec-1.10.jar, /home/andres/.ivy2/cache/xerces/xercesImpl/jars/xercesImpl-2.11.0.jar, /home/andres/.ivy2/cache/xml-apis/xml-apis/jars/xml-apis-1.4.01.jar, /home/andres/.ivy2/cache/javax.transaction/jta/jars/jta-1.1.jar, /home/andres/.ivy2/cache/com.google.inject/guice/jars/guice-4.0.jar, /home/andres/.ivy2/cache/javax.inject/javax.inject/jars/javax.inject-1.jar, /home/andres/.ivy2/cache/aopalliance/aopalliance/jars/aopalliance-1.0.jar, /home/andres/.ivy2/cache/com.google.guava/guava/bundles/guava-16.0.1.jar, /home/andres/.ivy2/cache/com.google.inject.extensions/guice-assistedinject/jars/guice-assistedinject-4.0.jar, /home/andres/.ivy2/cache/com.typesafe.netty/netty-reactive-streams-http/jars/netty-reactive-streams-http-1.0.7.jar, /home/andres/.ivy2/cache/com.typesafe.netty/netty-reactive-streams/jars/netty-reactive-streams-1.0.7.jar, /home/andres/.ivy2/cache/io.netty/netty-handler/jars/netty-handler-4.0.39.Final.jar, /home/andres/.ivy2/cache/io.netty/netty-buffer/jars/netty-buffer-4.0.39.Final.jar, /home/andres/.ivy2/cache/io.netty/netty-common/jars/netty-common-4.0.39.Final.jar, /home/andres/.ivy2/cache/io.netty/netty-transport/jars/netty-transport-4.0.39.Final.jar, /home/andres/.ivy2/cache/io.netty/netty-codec/jars/netty-codec-4.0.39.Final.jar, /home/andres/.ivy2/cache/io.netty/netty-codec-http/jars/netty-codec-http-4.0.39.Final.jar, /home/andres/.ivy2/cache/io.netty/netty-transport-native-epoll/jars/netty-transport-native-epoll-4.0.39.Final-linux-x86_64.jar, /home/andres/.ivy2/cache/com.typesafe.play/play-doc_2.11/jars/play-doc_2.11-1.2.2.jar, /home/andres/.ivy2/cache/org.pegdown/pegdown/jars/pegdown-1.4.0.jar, /home/andres/.ivy2/cache/org.parboiled/parboiled-java/bundles/parboiled-java-1.1.5.jar, /home/andres/.ivy2/cache/org.parboiled/parboiled-core/bundles/parboiled-core-1.1.5.jar, /home/andres/.ivy2/cache/org.ow2.asm/asm/jars/asm-4.1.jar, /home/andres/.ivy2/cache/org.ow2.asm/asm-tree/jars/asm-tree-4.1.jar, /home/andres/.ivy2/cache/org.ow2.asm/asm-analysis/jars/asm-analysis-4.1.jar, /home/andres/.ivy2/cache/org.ow2.asm/asm-util/jars/asm-util-4.1.jar, /home/andres/.ivy2/cache/commons-io/commons-io/jars/commons-io-2.4.jar),Some(/home/andres/.ivy2/cache/com.typesafe.play/play-omnidoc_2.11/jars/play-omnidoc_2.11-2.5.6.jar),List(),9000,0.0.0.0,DefaultWatchService,List(/home/andres/Instalaciones/BiciPlay5/public, /home/andres/Instalaciones/BiciPlay5/conf, /home/andres/Instalaciones/BiciPlay5/app),/home/andres/Instalaciones/BiciPlay5/target,500,root/playForkNotifyStart,root/playForkReload,300000,play.core.server.DevServerStart))))
Sending msg to client play-fork-run-2f193486-5c79-42ca-977c-651fde4a9815: TaskStarted(459,62992,None)
Sending msg to client play-fork-run-2f193486-5c79-42ca-977c-651fde4a9815: TaskFinished(459,62992,None,true,None)
Sending msg to client play-fork-run-2f193486-5c79-42ca-977c-651fde4a9815: TaskStarted(459,62991,None)
Sending msg to client play-fork-run-2f193486-5c79-42ca-977c-651fde4a9815: TaskFinished(459,62991,None,true,None)
Sending msg to client play-fork-run-2f193486-5c79-42ca-977c-651fde4a9815: DetachedLogEvent(LogMessage(debug,cancel strategy finish enabled=false lastCommand=Some(LastCommand(CommandExecutionWork(ExecutionId(459),{file:/home/andres/Instalaciones/BiciPlay5/}root/*:playForkConfig,Set(LiveClient(play-fork-run 2f193486-5c79-42ca-977c-651fde4a9815)),sbt.server.WorkCancellationStatus$$anon$1@a4a5bb2)))))
Sending msg to client play-fork-run-2f193486-5c79-42ca-977c-651fde4a9815: DetachedLogEvent(LogSuccess(Total time: 0 s, completed 2/10/2016 12:28:41 PM))
Sending msg to client play-fork-run-2f193486-5c79-42ca-977c-651fde4a9815: DetachedLogEvent(LogMessage(debug,> server-post-command-cleanup))
Sending msg to client play-fork-run-2f193486-5c79-42ca-977c-651fde4a9815: ExecutionSuccess(459)
Sending msg to client play-fork-run-2f193486-5c79-42ca-977c-651fde4a9815: DetachedLogEvent(LogMessage(debug,> server-handle-next-server-request))
Sending msg to client play-fork-run-2f193486-5c79-42ca-977c-651fde4a9815: BackgroundJobLogEvent(64,LogMessage(info,))
Sending msg to client play-fork-run-2f193486-5c79-42ca-977c-651fde4a9815: BackgroundJobLogEvent(64,LogMessage(info,[35m--- (Running the application, auto-reloading is enabled) ---[0m))
Sending msg to client play-fork-run-2f193486-5c79-42ca-977c-651fde4a9815: BackgroundJobLogEvent(64,LogMessage(info,))
Sending msg to client play-fork-run-2f193486-5c79-42ca-977c-651fde4a9815: BackgroundJobLogEvent(64,LogMessage(info,p.c.s.NettyServer - Listening for HTTP on /0:0:0:0:0:0:0:0:9000))
Sending msg to client play-fork-run-2f193486-5c79-42ca-977c-651fde4a9815: BackgroundJobLogEvent(64,LogMessage(info,))
Sending msg to client play-fork-run-2f193486-5c79-42ca-977c-651fde4a9815: BackgroundJobLogEvent(64,LogMessage(info,[32m(Server started, use Ctrl+D to stop and go back to the console...)[0m))
Sending msg to client play-fork-run-2f193486-5c79-42ca-977c-651fde4a9815: BackgroundJobLogEvent(64,LogMessage(info,))
Got request: ExecutionRequest(root/playForkNotifyStart http://localhost:9000)
Reading next message from client.
Sending msg to client play-fork-run-2f193486-5c79-42ca-977c-651fde4a9815: (8,ExecutionRequestReceived(460))
Sending msg to client play-fork-run-2f193486-5c79-42ca-977c-651fde4a9815: ExecutionWaiting(460,root/playForkNotifyStart http://localhost:9000,ClientInfo(2f193486-5c79-42ca-977c-651fde4a9815,play-fork-run,Play Fork Run,1,Vector()))
Sending msg to client play-fork-run-2f193486-5c79-42ca-977c-651fde4a9815: ExecutionStarting(460)
Sending msg to client play-fork-run-2f193486-5c79-42ca-977c-651fde4a9815: DetachedLogEvent(LogMessage(debug,> root/playForkNotifyStart http://localhost:9000))
Sending msg to client play-fork-run-2f193486-5c79-42ca-977c-651fde4a9815: DetachedLogEvent(LogMessage(debug,Evaluating tasks: *:playForkNotifyStart))
Sending msg to client play-fork-run-2f193486-5c79-42ca-977c-651fde4a9815: DetachedLogEvent(LogMessage(debug,Running task... Cancel: sbt.server.ServerTaskCancellation@32b8222c, check cycles: false))
Sending msg to client play-fork-run-2f193486-5c79-42ca-977c-651fde4a9815: DetachedLogEvent(LogMessage(debug,cancel strategy start enabled=true lastCommand=Some(LastCommand(CommandExecutionWork(ExecutionId(460),root/playForkNotifyStart http://localhost:9000,Set(LiveClient(play-fork-run 2f193486-5c79-42ca-977c-651fde4a9815)),sbt.server.WorkCancellationStatus$$anon$1@598cdc25)))))
Sending msg to client play-fork-run-2f193486-5c79-42ca-977c-651fde4a9815: TaskStarted(460,63071,Some(AttributeKey[sbt.SendEventService]("sendEventService") in Scope(Global)))
Sending msg to client play-fork-run-2f193486-5c79-42ca-977c-651fde4a9815: TaskFinished(460,63071,Some(AttributeKey[sbt.SendEventService]("sendEventService") in Scope(Global)),true,None)
Sending msg to client play-fork-run-2f193486-5c79-42ca-977c-651fde4a9815: TaskStarted(460,63070,Some(AttributeKey[scala.Function1[java.lang.String,void]]("playForkStarted") in Scope(Build: file:/home/andres/Instalaciones/BiciPlay5/, , Project: ProjectReference(file:/home/andres/Instalaciones/BiciPlay5/,root))))
Sending msg to client play-fork-run-2f193486-5c79-42ca-977c-651fde4a9815: TaskFinished(460,63070,Some(AttributeKey[scala.Function1[java.lang.String,void]]("playForkStarted") in Scope(Build: file:/home/andres/Instalaciones/BiciPlay5/, , Project: ProjectReference(file:/home/andres/Instalaciones/BiciPlay5/,root))),true,None)
Sending msg to client play-fork-run-2f193486-5c79-42ca-977c-651fde4a9815: TaskStarted(460,63069,Some(AttributeKey[void]("playForkNotifyStart") in Scope(Build: file:/home/andres/Instalaciones/BiciPlay5/, , Project: ProjectReference(file:/home/andres/Instalaciones/BiciPlay5/,root))))
Sending msg to client play-fork-run-2f193486-5c79-42ca-977c-651fde4a9815: TaskEvent(63069,LazyValue(PlayServerStarted(http://localhost:9000),play.forkrun.protocol.Serializers$PlayForkrunProtocolPlayServerStartedPickler1$2$@35c8052c))
Sending msg to client play-fork-run-2f193486-5c79-42ca-977c-651fde4a9815: TaskFinished(460,63069,Some(AttributeKey[void]("playForkNotifyStart") in Scope(Build: file:/home/andres/Instalaciones/BiciPlay5/, , Project: ProjectReference(file:/home/andres/Instalaciones/BiciPlay5/,root))),true,None)
Sending msg to client play-fork-run-2f193486-5c79-42ca-977c-651fde4a9815: TaskStarted(460,63068,None)
Sending msg to client play-fork-run-2f193486-5c79-42ca-977c-651fde4a9815: TaskFinished(460,63068,None,true,None)
Sending msg to client play-fork-run-2f193486-5c79-42ca-977c-651fde4a9815: TaskStarted(460,63067,None)
Sending msg to client play-fork-run-2f193486-5c79-42ca-977c-651fde4a9815: TaskFinished(460,63067,None,true,None)
Sending msg to client play-fork-run-2f193486-5c79-42ca-977c-651fde4a9815: DetachedLogEvent(LogMessage(debug,cancel strategy finish enabled=false lastCommand=Some(LastCommand(CommandExecutionWork(ExecutionId(460),root/playForkNotifyStart http://localhost:9000,Set(LiveClient(play-fork-run 2f193486-5c79-42ca-977c-651fde4a9815)),sbt.server.WorkCancellationStatus$$anon$1@598cdc25)))))
Sending msg to client play-fork-run-2f193486-5c79-42ca-977c-651fde4a9815: DetachedLogEvent(LogSuccess(Total time: 0 s, completed 2/10/2016 12:28:43 PM))
Sending msg to client play-fork-run-2f193486-5c79-42ca-977c-651fde4a9815: DetachedLogEvent(LogMessage(debug,> server-post-command-cleanup))
Sending msg to client play-fork-run-2f193486-5c79-42ca-977c-651fde4a9815: ExecutionSuccess(460)
Sending msg to client play-fork-run-2f193486-5c79-42ca-977c-651fde4a9815: DetachedLogEvent(LogMessage(debug,> server-handle-next-server-request))
