New log file opened at Sun Oct 02 07:57:20 COT 2016 by 4056@andres-PC
Sending msg to client play-fork-run-854abb42-d5a0-408b-b244-af8f24fda2f8: DetachedLogEvent(LogMessage(debug,sbt server socket logs are in: /home/andres/Instalaciones/BiciPlay5/.sbtserver/connections/master.log))
Sending msg to client play-fork-run-854abb42-d5a0-408b-b244-af8f24fda2f8: DetachedLogEvent(LogMessage(debug,sbt client logs are in: /home/andres/Instalaciones/BiciPlay5/.sbtserver/connections/play-fork-run-854abb42-d5a0-408b-b244-af8f24fda2f8.log))
Sending msg to client play-fork-run-854abb42-d5a0-408b-b244-af8f24fda2f8: DetachedLogEvent(LogMessage(debug,sbt general server logs are in: /home/andres/Instalaciones/BiciPlay5/.sbtserver/master.log))
Reading next message from client.
Got request: DaemonRequest(true)
Reading next message from client.
Sending msg to client play-fork-run-854abb42-d5a0-408b-b244-af8f24fda2f8: (3,ReceivedResponse())
Got request: ListenToEvents()
Reading next message from client.
Sending msg to client play-fork-run-854abb42-d5a0-408b-b244-af8f24fda2f8: ExecutionWaiting(153,test,ClientInfo(34513b66-b931-4098-ad44-efcb4b07fa18,activator,Activator,3,Vector()))
Sending msg to client play-fork-run-854abb42-d5a0-408b-b244-af8f24fda2f8: ExecutionStarting(153)
Sending msg to client play-fork-run-854abb42-d5a0-408b-b244-af8f24fda2f8: TaskStarted(153,21903,None)
Sending msg to client play-fork-run-854abb42-d5a0-408b-b244-af8f24fda2f8: TaskStarted(153,21571,Some(AttributeKey[sbt.Tests$Output]("executeTests") in Scope(Build: file:/home/andres/Instalaciones/BiciPlay5/, , Project: ProjectReference(file:/home/andres/Instalaciones/BiciPlay5/,root), Config: test)))
Sending msg to client play-fork-run-854abb42-d5a0-408b-b244-af8f24fda2f8: TaskStarted(153,21904,None)
Sending msg to client play-fork-run-854abb42-d5a0-408b-b244-af8f24fda2f8: BackgroundJobStarted(152,BackgroundJobInfo(22,backgroundRun,AttributeKey[sbt.BackgroundJobHandle]("backgroundRun") in Scope(Build: file:/home/andres/Instalaciones/BiciPlay5/, , Project: ProjectReference(file:/home/andres/Instalaciones/BiciPlay5/,root), Config: compile)))
Sending msg to client play-fork-run-854abb42-d5a0-408b-b244-af8f24fda2f8: (4,ReceivedResponse())
Got request: KeyLookupRequest(root/playForkConfig)
Reading next message from client.
Sending msg to client play-fork-run-854abb42-d5a0-408b-b244-af8f24fda2f8: (5,KeyLookupResponse(root/playForkConfig,Vector(AttributeKey[play.forkrun.protocol.ForkConfig]("playForkConfig") in Scope(Build: file:/home/andres/Instalaciones/BiciPlay5/, , Project: ProjectReference(file:/home/andres/Instalaciones/BiciPlay5/,root)))))
Got request: ListenToValue(AttributeKey[play.forkrun.protocol.ForkConfig]("playForkConfig") in Scope(Build: file:/home/andres/Instalaciones/BiciPlay5/, , Project: ProjectReference(file:/home/andres/Instalaciones/BiciPlay5/,root)))
Reading next message from client.
Sending msg to client play-fork-run-854abb42-d5a0-408b-b244-af8f24fda2f8: (6,ReceivedResponse())
Got request: KeyExecutionRequest(AttributeKey[play.forkrun.protocol.ForkConfig]("playForkConfig") in Scope(Build: file:/home/andres/Instalaciones/BiciPlay5/, , Project: ProjectReference(file:/home/andres/Instalaciones/BiciPlay5/,root)))
Reading next message from client.
Sending msg to client play-fork-run-854abb42-d5a0-408b-b244-af8f24fda2f8: (7,ExecutionRequestReceived(154))
Sending msg to client play-fork-run-854abb42-d5a0-408b-b244-af8f24fda2f8: ExecutionWaiting(154,{file:/home/andres/Instalaciones/BiciPlay5/}root/*:playForkConfig,ClientInfo(854abb42-d5a0-408b-b244-af8f24fda2f8,play-fork-run,Play Fork Run,1,Vector()))
Sending msg to client play-fork-run-854abb42-d5a0-408b-b244-af8f24fda2f8: TaskLogEvent(21904,LogStdOut([info] application - Creating Pool for datasource 'default'))
Sending msg to client play-fork-run-854abb42-d5a0-408b-b244-af8f24fda2f8: TaskLogEvent(21904,LogStdOut([info] p.a.d.HikariCPConnectionPool - datasource [default] bound to JNDI as DefaultDS))
Sending msg to client play-fork-run-854abb42-d5a0-408b-b244-af8f24fda2f8: TaskLogEvent(21904,LogStdOut([warn] application - application.conf @ file:/home/andres/Instalaciones/BiciPlay5/target/scala-2.11/classes/application.conf: 373: applyEvolutions.default is deprecated, use play.evolutions.db.default.autoApply instead))
Sending msg to client play-fork-run-854abb42-d5a0-408b-b244-af8f24fda2f8: TaskLogEvent(21904,LogStdOut([error] o.j.StatementLogger - java.sql.Statement.executeQuery: select id, hash, apply_script, revert_script, state, last_problem from play_evolutions where state like 'applying_%';))
Sending msg to client play-fork-run-854abb42-d5a0-408b-b244-af8f24fda2f8: TaskLogEvent(21904,LogStdOut(throws exception: org.h2.jdbc.JdbcSQLException: Tabla "PLAY_EVOLUTIONS" no encontrada))
Sending msg to client play-fork-run-854abb42-d5a0-408b-b244-af8f24fda2f8: TaskLogEvent(21904,LogStdOut(Table "PLAY_EVOLUTIONS" not found; SQL statement:))
Sending msg to client play-fork-run-854abb42-d5a0-408b-b244-af8f24fda2f8: TaskLogEvent(21904,LogStdOut(select id, hash, apply_script, revert_script, state, last_problem from play_evolutions where state like 'applying_%' [42102-192]))
Sending msg to client play-fork-run-854abb42-d5a0-408b-b244-af8f24fda2f8: TaskLogEvent(21904,LogStdOut(org.h2.jdbc.JdbcSQLException: Tabla "PLAY_EVOLUTIONS" no encontrada))
Sending msg to client play-fork-run-854abb42-d5a0-408b-b244-af8f24fda2f8: TaskLogEvent(21904,LogStdOut(Table "PLAY_EVOLUTIONS" not found; SQL statement:))
Sending msg to client play-fork-run-854abb42-d5a0-408b-b244-af8f24fda2f8: TaskLogEvent(21904,LogStdOut(select id, hash, apply_script, revert_script, state, last_problem from play_evolutions where state like 'applying_%' [42102-192]))
Sending msg to client play-fork-run-854abb42-d5a0-408b-b244-af8f24fda2f8: TaskLogEvent(21904,LogStdOut(	at org.h2.message.DbException.getJdbcSQLException(DbException.java:345)))
Sending msg to client play-fork-run-854abb42-d5a0-408b-b244-af8f24fda2f8: TaskLogEvent(21904,LogStdOut(	at org.h2.message.DbException.get(DbException.java:179)))
Sending msg to client play-fork-run-854abb42-d5a0-408b-b244-af8f24fda2f8: TaskLogEvent(21904,LogStdOut(	at org.h2.message.DbException.get(DbException.java:155)))
Sending msg to client play-fork-run-854abb42-d5a0-408b-b244-af8f24fda2f8: TaskLogEvent(21904,LogStdOut(	at org.h2.command.Parser.readTableOrView(Parser.java:5388)))
Sending msg to client play-fork-run-854abb42-d5a0-408b-b244-af8f24fda2f8: TaskLogEvent(21904,LogStdOut(	at org.h2.command.Parser.readTableFilter(Parser.java:1257)))
Sending msg to client play-fork-run-854abb42-d5a0-408b-b244-af8f24fda2f8: TaskLogEvent(21904,LogStdOut(	at org.h2.command.Parser.parseSelectSimpleFromPart(Parser.java:1896)))
Sending msg to client play-fork-run-854abb42-d5a0-408b-b244-af8f24fda2f8: TaskLogEvent(21904,LogStdOut(	at org.h2.command.Parser.parseSelectSimple(Parser.java:2044)))
Sending msg to client play-fork-run-854abb42-d5a0-408b-b244-af8f24fda2f8: TaskLogEvent(21904,LogStdOut(	at org.h2.command.Parser.parseSelectSub(Parser.java:1890)))
Sending msg to client play-fork-run-854abb42-d5a0-408b-b244-af8f24fda2f8: TaskLogEvent(21904,LogStdOut(	at org.h2.command.Parser.parseSelectUnion(Parser.java:1711)))
Sending msg to client play-fork-run-854abb42-d5a0-408b-b244-af8f24fda2f8: TaskLogEvent(21904,LogStdOut(	at org.h2.command.Parser.parseSelect(Parser.java:1699)))
Sending msg to client play-fork-run-854abb42-d5a0-408b-b244-af8f24fda2f8: TaskLogEvent(21904,LogStdOut([info] application - ApplicationTimer demo: Starting application at 2016-10-02T12:57:33.066Z))
Sending msg to client play-fork-run-854abb42-d5a0-408b-b244-af8f24fda2f8: TaskLogEvent(21904,LogStdOut([warn] c.g.h.IncorrectnessListenerImpl - Obsolete content type encountered: 'text/javascript'.))
Sending msg to client play-fork-run-854abb42-d5a0-408b-b244-af8f24fda2f8: TaskLogEvent(21904,LogStdOut([info] application - ApplicationTimer demo: Stopping application at 2016-10-02T12:57:44.125Z after 11s.))
Sending msg to client play-fork-run-854abb42-d5a0-408b-b244-af8f24fda2f8: TaskLogEvent(21904,LogStdOut([info] application - Shutting down connection pool.))
Sending msg to client play-fork-run-854abb42-d5a0-408b-b244-af8f24fda2f8: TaskLogEvent(21904,LogMessage(error,Read from stdout: Test IntegrationTest.test failed: null, took 28.245 sec))
Sending msg to client play-fork-run-854abb42-d5a0-408b-b244-af8f24fda2f8: TaskLogEvent(21904,LogMessage(error,Test IntegrationTest.test failed: null, took 28.245 sec))
Sending msg to client play-fork-run-854abb42-d5a0-408b-b244-af8f24fda2f8: TaskLogEvent(21904,LogMessage(debug,Test IntegrationTest.test finished, took 28.245 sec))
Sending msg to client play-fork-run-854abb42-d5a0-408b-b244-af8f24fda2f8: TaskLogEvent(21904,LogMessage(debug,Test run finished: 1 failed, 0 ignored, 1 total, 28.245s))
Sending msg to client play-fork-run-854abb42-d5a0-408b-b244-af8f24fda2f8: TaskLogEvent(21904,LogMessage(debug,    Produced 0 nested tasks and 1 events.))
Sending msg to client play-fork-run-854abb42-d5a0-408b-b244-af8f24fda2f8: TaskEvent(21904,LazyValue(TestGroupStarted(IntegrationTest),sbt.protocol.TestGroupStar$$$$a1c43a69e6d69fc565aebe15e13b1a1$$$$tedPickler1$2$@63306a37))
Sending msg to client play-fork-run-854abb42-d5a0-408b-b244-af8f24fda2f8: TaskEvent(21904,LazyValue(TestEvent(IntegrationTest.test,None,failed,Some(sbt.ForkMain$ForkError),28245),sbt.protocol.TestEvent$SbtProtocolTestEventPickler1$2$@5eccf050))
Sending msg to client play-fork-run-854abb42-d5a0-408b-b244-af8f24fda2f8: TaskEvent(21904,LazyValue(TestGroupFinished(IntegrationTest,failed,None),sbt.protocol.TestGroupFini$$$$c8161fda9fde24be4dd9f5afdb23f2e6$$$$hedPickler1$2$@6f501264))
Sending msg to client play-fork-run-854abb42-d5a0-408b-b244-af8f24fda2f8: BackgroundJobLogEvent(22,LogMessage(error,Test IntegrationTest.test failed: null, took 28.245 sec))
Sending msg to client play-fork-run-854abb42-d5a0-408b-b244-af8f24fda2f8: TaskFinished(153,21904,None,true,None)
Sending msg to client play-fork-run-854abb42-d5a0-408b-b244-af8f24fda2f8: TaskFinished(153,21903,None,true,None)
Sending msg to client play-fork-run-854abb42-d5a0-408b-b244-af8f24fda2f8: TaskStarted(153,21902,None)
Sending msg to client play-fork-run-854abb42-d5a0-408b-b244-af8f24fda2f8: TaskStarted(153,21906,None)
Sending msg to client play-fork-run-854abb42-d5a0-408b-b244-af8f24fda2f8: TaskFinished(153,21906,None,true,None)
Sending msg to client play-fork-run-854abb42-d5a0-408b-b244-af8f24fda2f8: TaskStarted(153,21905,None)
Sending msg to client play-fork-run-854abb42-d5a0-408b-b244-af8f24fda2f8: TaskFinished(153,21905,None,true,None)
Sending msg to client play-fork-run-854abb42-d5a0-408b-b244-af8f24fda2f8: TaskFinished(153,21902,None,true,None)
Sending msg to client play-fork-run-854abb42-d5a0-408b-b244-af8f24fda2f8: TaskStarted(153,21901,None)
Sending msg to client play-fork-run-854abb42-d5a0-408b-b244-af8f24fda2f8: TaskStarted(153,21907,None)
Sending msg to client play-fork-run-854abb42-d5a0-408b-b244-af8f24fda2f8: TaskFinished(153,21907,None,true,None)
Sending msg to client play-fork-run-854abb42-d5a0-408b-b244-af8f24fda2f8: TaskFinished(153,21901,None,true,None)
Sending msg to client play-fork-run-854abb42-d5a0-408b-b244-af8f24fda2f8: TaskStarted(153,21900,None)
Sending msg to client play-fork-run-854abb42-d5a0-408b-b244-af8f24fda2f8: TaskFinished(153,21900,None,true,None)
Sending msg to client play-fork-run-854abb42-d5a0-408b-b244-af8f24fda2f8: TaskStarted(153,21899,None)
Sending msg to client play-fork-run-854abb42-d5a0-408b-b244-af8f24fda2f8: TaskFinished(153,21899,None,true,None)
Sending msg to client play-fork-run-854abb42-d5a0-408b-b244-af8f24fda2f8: TaskFinished(153,21571,Some(AttributeKey[sbt.Tests$Output]("executeTests") in Scope(Build: file:/home/andres/Instalaciones/BiciPlay5/, , Project: ProjectReference(file:/home/andres/Instalaciones/BiciPlay5/,root), Config: test)),true,None)
Sending msg to client play-fork-run-854abb42-d5a0-408b-b244-af8f24fda2f8: TaskStarted(153,21430,Some(AttributeKey[sbt.Tests$Output]("executeTests") in Scope(Build: file:/home/andres/Instalaciones/BiciPlay5/, , Project: ProjectReference(file:/home/andres/Instalaciones/BiciPlay5/,root), Config: test)))
Sending msg to client play-fork-run-854abb42-d5a0-408b-b244-af8f24fda2f8: TaskFinished(153,21430,Some(AttributeKey[sbt.Tests$Output]("executeTests") in Scope(Build: file:/home/andres/Instalaciones/BiciPlay5/, , Project: ProjectReference(file:/home/andres/Instalaciones/BiciPlay5/,root), Config: test)),true,None)
Sending msg to client play-fork-run-854abb42-d5a0-408b-b244-af8f24fda2f8: TaskStarted(153,21429,Some(AttributeKey[void]("test") in Scope(Build: file:/home/andres/Instalaciones/BiciPlay5/, , Project: ProjectReference(file:/home/andres/Instalaciones/BiciPlay5/,root), Config: test)))
Sending msg to client play-fork-run-854abb42-d5a0-408b-b244-af8f24fda2f8: TaskLogEvent(21429,LogMessage(debug,Summary for JUnit not available.))
Sending msg to client play-fork-run-854abb42-d5a0-408b-b244-af8f24fda2f8: TaskLogEvent(21429,LogMessage(error,Read from stdout: Failed: Total 3, Failed 2, Errors 0, Passed 1))
Sending msg to client play-fork-run-854abb42-d5a0-408b-b244-af8f24fda2f8: TaskLogEvent(21429,LogMessage(error,Failed: Total 3, Failed 2, Errors 0, Passed 1))
Sending msg to client play-fork-run-854abb42-d5a0-408b-b244-af8f24fda2f8: TaskLogEvent(21429,LogMessage(error,Read from stdout: Failed tests:))
Sending msg to client play-fork-run-854abb42-d5a0-408b-b244-af8f24fda2f8: TaskLogEvent(21429,LogMessage(error,Failed tests:))
Sending msg to client play-fork-run-854abb42-d5a0-408b-b244-af8f24fda2f8: TaskLogEvent(21429,LogMessage(error,Read from stdout: 	ApplicationTest))
Sending msg to client play-fork-run-854abb42-d5a0-408b-b244-af8f24fda2f8: TaskLogEvent(21429,LogMessage(error,Read from stdout: 	IntegrationTest))
Sending msg to client play-fork-run-854abb42-d5a0-408b-b244-af8f24fda2f8: TaskLogEvent(21429,LogMessage(error,	ApplicationTest
	IntegrationTest))
Sending msg to client play-fork-run-854abb42-d5a0-408b-b244-af8f24fda2f8: TaskFinished(153,21429,Some(AttributeKey[void]("test") in Scope(Build: file:/home/andres/Instalaciones/BiciPlay5/, , Project: ProjectReference(file:/home/andres/Instalaciones/BiciPlay5/,root), Config: test)),false,None)
Sending msg to client play-fork-run-854abb42-d5a0-408b-b244-af8f24fda2f8: TaskStarted(153,21428,None)
Sending msg to client play-fork-run-854abb42-d5a0-408b-b244-af8f24fda2f8: TaskFinished(153,21428,None,false,None)
Sending msg to client play-fork-run-854abb42-d5a0-408b-b244-af8f24fda2f8: TaskStarted(153,21427,None)
Sending msg to client play-fork-run-854abb42-d5a0-408b-b244-af8f24fda2f8: TaskFinished(153,21427,None,false,None)
Sending msg to client play-fork-run-854abb42-d5a0-408b-b244-af8f24fda2f8: DetachedLogEvent(LogMessage(error,Read from stdout: (test:test) sbt.TestsFailedException: Tests unsuccessful))
Sending msg to client play-fork-run-854abb42-d5a0-408b-b244-af8f24fda2f8: DetachedLogEvent(LogMessage(error,(test:test) sbt.TestsFailedException: Tests unsuccessful))
Sending msg to client play-fork-run-854abb42-d5a0-408b-b244-af8f24fda2f8: DetachedLogEvent(LogMessage(debug,cancel strategy finish enabled=false lastCommand=Some(LastCommand(CommandExecutionWork(ExecutionId(153),test,Set(LiveClient(activator 34513b66-b931-4098-ad44-efcb4b07fa18)),sbt.server.WorkCancellationStatus$$anon$1@5610199)))))
Sending msg to client play-fork-run-854abb42-d5a0-408b-b244-af8f24fda2f8: DetachedLogEvent(LogMessage(error,Total time: 38 s, completed 2/10/2016 07:57:44 AM))
Sending msg to client play-fork-run-854abb42-d5a0-408b-b244-af8f24fda2f8: DetachedLogEvent(LogMessage(debug,> server-post-command-error-handler))
Sending msg to client play-fork-run-854abb42-d5a0-408b-b244-af8f24fda2f8: ExecutionFailure(153)
Sending msg to client play-fork-run-854abb42-d5a0-408b-b244-af8f24fda2f8: DetachedLogEvent(LogMessage(debug,> server-post-command-cleanup))
Sending msg to client play-fork-run-854abb42-d5a0-408b-b244-af8f24fda2f8: DetachedLogEvent(LogMessage(debug,> server-handle-next-server-request))
Sending msg to client play-fork-run-854abb42-d5a0-408b-b244-af8f24fda2f8: ExecutionStarting(154)
Sending msg to client play-fork-run-854abb42-d5a0-408b-b244-af8f24fda2f8: DetachedLogEvent(LogMessage(debug,> {file:/home/andres/Instalaciones/BiciPlay5/}root/*:playForkConfig))
Sending msg to client play-fork-run-854abb42-d5a0-408b-b244-af8f24fda2f8: DetachedLogEvent(LogMessage(debug,Evaluating tasks: *:playForkConfig))
Sending msg to client play-fork-run-854abb42-d5a0-408b-b244-af8f24fda2f8: DetachedLogEvent(LogMessage(debug,Running task... Cancel: sbt.server.ServerTaskCancellation@67e8b3a5, check cycles: false))
Sending msg to client play-fork-run-854abb42-d5a0-408b-b244-af8f24fda2f8: DetachedLogEvent(LogMessage(debug,cancel strategy start enabled=true lastCommand=Some(LastCommand(CommandExecutionWork(ExecutionId(154),{file:/home/andres/Instalaciones/BiciPlay5/}root/*:playForkConfig,Set(LiveClient(play-fork-run 854abb42-d5a0-408b-b244-af8f24fda2f8)),sbt.server.WorkCancellationStatus$$anon$1@3fb3e2af)))))
Sending msg to client play-fork-run-854abb42-d5a0-408b-b244-af8f24fda2f8: TaskStarted(154,21915,None)
Sending msg to client play-fork-run-854abb42-d5a0-408b-b244-af8f24fda2f8: TaskStarted(154,21917,Some(AttributeKey[java.lang.String]("updateCacheName") in Scope(Build: file:/home/andres/Instalaciones/BiciPlay5/, , Project: ProjectReference(file:/home/andres/Instalaciones/BiciPlay5/,root))))
Sending msg to client play-fork-run-854abb42-d5a0-408b-b244-af8f24fda2f8: TaskStarted(154,21924,None)
Sending msg to client play-fork-run-854abb42-d5a0-408b-b244-af8f24fda2f8: TaskStarted(154,21926,Some(AttributeKey[scala.collection.Seq[sbt.Credentials]]("credentials") in Scope(Global)))
Sending msg to client play-fork-run-854abb42-d5a0-408b-b244-af8f24fda2f8: TaskStarted(154,21932,Some(AttributeKey[scala.collection.Seq[sbt.Resolver]]("externalResolvers") in Scope(Build: file:/home/andres/Instalaciones/BiciPlay5/, , Project: ProjectReference(file:/home/andres/Instalaciones/BiciPlay5/,root))))
Sending msg to client play-fork-run-854abb42-d5a0-408b-b244-af8f24fda2f8: TaskStarted(154,21933,Some(AttributeKey[scala.Option[scala.collection.Seq[sbt.Resolver]]]("bootResolvers") in Scope(Build: file:/home/andres/Instalaciones/BiciPlay5/, , Project: ProjectReference(file:/home/andres/Instalaciones/BiciPlay5/,root))))
Sending msg to client play-fork-run-854abb42-d5a0-408b-b244-af8f24fda2f8: TaskStarted(154,21940,None)
Sending msg to client play-fork-run-854abb42-d5a0-408b-b244-af8f24fda2f8: TaskStarted(154,21941,Some(AttributeKey[boolean]("skip") in Scope(Global)))
Sending msg to client play-fork-run-854abb42-d5a0-408b-b244-af8f24fda2f8: TaskStarted(154,21943,None)
Sending msg to client play-fork-run-854abb42-d5a0-408b-b244-af8f24fda2f8: TaskStarted(154,21945,None)
Sending msg to client play-fork-run-854abb42-d5a0-408b-b244-af8f24fda2f8: TaskStarted(154,21946,None)
Sending msg to client play-fork-run-854abb42-d5a0-408b-b244-af8f24fda2f8: TaskStarted(154,21948,Some(AttributeKey[scala.Tuple2[java.lang.String,java.io.File]]("playPrefixAndAssets") in Scope(Build: file:/home/andres/Instalaciones/BiciPlay5/, , Project: ProjectReference(file:/home/andres/Instalaciones/BiciPlay5/,root))))
Sending msg to client play-fork-run-854abb42-d5a0-408b-b244-af8f24fda2f8: TaskStarted(154,21959,None)
Sending msg to client play-fork-run-854abb42-d5a0-408b-b244-af8f24fda2f8: TaskStarted(154,21963,None)
Sending msg to client play-fork-run-854abb42-d5a0-408b-b244-af8f24fda2f8: TaskStarted(154,21965,Some(AttributeKey[scala.collection.Seq[java.lang.String]]("javaOptions") in Scope(Global)))
Sending msg to client play-fork-run-854abb42-d5a0-408b-b244-af8f24fda2f8: TaskStarted(154,21966,None)
Sending msg to client play-fork-run-854abb42-d5a0-408b-b244-af8f24fda2f8: TaskStarted(154,21967,Some(AttributeKey[scala.Option[java.lang.String]]("mainClass") in Scope(Build: file:/home/andres/Instalaciones/BiciPlay5/, , Project: ProjectReference(file:/home/andres/Instalaciones/BiciPlay5/,root), Config: compile, Task: AttributeKey[void]("run"))))
Sending msg to client play-fork-run-854abb42-d5a0-408b-b244-af8f24fda2f8: TaskFinished(154,21915,None,true,None)
Sending msg to client play-fork-run-854abb42-d5a0-408b-b244-af8f24fda2f8: TaskStarted(154,21914,None)
Sending msg to client play-fork-run-854abb42-d5a0-408b-b244-af8f24fda2f8: TaskStarted(154,21931,None)
Sending msg to client play-fork-run-854abb42-d5a0-408b-b244-af8f24fda2f8: TaskStarted(154,21934,None)
Sending msg to client play-fork-run-854abb42-d5a0-408b-b244-af8f24fda2f8: TaskStarted(154,21935,None)
Sending msg to client play-fork-run-854abb42-d5a0-408b-b244-af8f24fda2f8: TaskStarted(154,21938,None)
Sending msg to client play-fork-run-854abb42-d5a0-408b-b244-af8f24fda2f8: TaskStarted(154,21952,None)
Sending msg to client play-fork-run-854abb42-d5a0-408b-b244-af8f24fda2f8: TaskStarted(154,21960,None)
Sending msg to client play-fork-run-854abb42-d5a0-408b-b244-af8f24fda2f8: TaskStarted(154,21961,None)
Sending msg to client play-fork-run-854abb42-d5a0-408b-b244-af8f24fda2f8: TaskFinished(154,21917,Some(AttributeKey[java.lang.String]("updateCacheName") in Scope(Build: file:/home/andres/Instalaciones/BiciPlay5/, , Project: ProjectReference(file:/home/andres/Instalaciones/BiciPlay5/,root))),true,None)
Sending msg to client play-fork-run-854abb42-d5a0-408b-b244-af8f24fda2f8: TaskFinished(154,21924,None,true,None)
Sending msg to client play-fork-run-854abb42-d5a0-408b-b244-af8f24fda2f8: TaskStarted(154,21923,Some(AttributeKey[sbt.BuildStructure]("buildStructure") in Scope(Global)))
Sending msg to client play-fork-run-854abb42-d5a0-408b-b244-af8f24fda2f8: TaskStarted(154,21942,Some(AttributeKey[java.io.File]("dependencyCacheDirectory") in Scope(Build: file:/home/andres/Instalaciones/BiciPlay5/, , Project: ProjectReference(file:/home/andres/Instalaciones/BiciPlay5/,root))))
Sending msg to client play-fork-run-854abb42-d5a0-408b-b244-af8f24fda2f8: TaskFinished(154,21926,Some(AttributeKey[scala.collection.Seq[sbt.Credentials]]("credentials") in Scope(Global)),true,None)
Sending msg to client play-fork-run-854abb42-d5a0-408b-b244-af8f24fda2f8: TaskFinished(154,21932,Some(AttributeKey[scala.collection.Seq[sbt.Resolver]]("externalResolvers") in Scope(Build: file:/home/andres/Instalaciones/BiciPlay5/, , Project: ProjectReference(file:/home/andres/Instalaciones/BiciPlay5/,root))),true,None)
Sending msg to client play-fork-run-854abb42-d5a0-408b-b244-af8f24fda2f8: TaskFinished(154,21933,Some(AttributeKey[scala.Option[scala.collection.Seq[sbt.Resolver]]]("bootResolvers") in Scope(Build: file:/home/andres/Instalaciones/BiciPlay5/, , Project: ProjectReference(file:/home/andres/Instalaciones/BiciPlay5/,root))),true,None)
Sending msg to client play-fork-run-854abb42-d5a0-408b-b244-af8f24fda2f8: TaskFinished(154,21940,None,true,None)
Sending msg to client play-fork-run-854abb42-d5a0-408b-b244-af8f24fda2f8: TaskFinished(154,21941,Some(AttributeKey[boolean]("skip") in Scope(Global)),true,None)
Sending msg to client play-fork-run-854abb42-d5a0-408b-b244-af8f24fda2f8: TaskFinished(154,21943,None,true,None)
Sending msg to client play-fork-run-854abb42-d5a0-408b-b244-af8f24fda2f8: TaskFinished(154,21945,None,true,None)
Sending msg to client play-fork-run-854abb42-d5a0-408b-b244-af8f24fda2f8: TaskFinished(154,21946,None,true,None)
Sending msg to client play-fork-run-854abb42-d5a0-408b-b244-af8f24fda2f8: TaskStarted(154,21944,Some(AttributeKey[scala.collection.Seq[sbt.UpdateReport]]("transitiveUpdate") in Scope(Build: file:/home/andres/Instalaciones/BiciPlay5/, , Project: ProjectReference(file:/home/andres/Instalaciones/BiciPlay5/,root))))
Sending msg to client play-fork-run-854abb42-d5a0-408b-b244-af8f24fda2f8: TaskFinished(154,21948,Some(AttributeKey[scala.Tuple2[java.lang.String,java.io.File]]("playPrefixAndAssets") in Scope(Build: file:/home/andres/Instalaciones/BiciPlay5/, , Project: ProjectReference(file:/home/andres/Instalaciones/BiciPlay5/,root))),true,None)
Sending msg to client play-fork-run-854abb42-d5a0-408b-b244-af8f24fda2f8: TaskStarted(154,21947,Some(AttributeKey[scala.collection.Seq[scala.Tuple2[java.lang.String,java.io.File]]]("playAllAssets") in Scope(Build: file:/home/andres/Instalaciones/BiciPlay5/, , Project: ProjectReference(file:/home/andres/Instalaciones/BiciPlay5/,root))))
Sending msg to client play-fork-run-854abb42-d5a0-408b-b244-af8f24fda2f8: TaskFinished(154,21959,None,true,None)
Sending msg to client play-fork-run-854abb42-d5a0-408b-b244-af8f24fda2f8: TaskFinished(154,21963,None,true,None)
Sending msg to client play-fork-run-854abb42-d5a0-408b-b244-af8f24fda2f8: TaskFinished(154,21965,Some(AttributeKey[scala.collection.Seq[java.lang.String]]("javaOptions") in Scope(Global)),true,None)
Sending msg to client play-fork-run-854abb42-d5a0-408b-b244-af8f24fda2f8: TaskFinished(154,21966,None,true,None)
Sending msg to client play-fork-run-854abb42-d5a0-408b-b244-af8f24fda2f8: TaskStarted(154,21964,Some(AttributeKey[scala.collection.Seq[java.lang.String]]("javaOptions") in Scope(Build: file:/home/andres/Instalaciones/BiciPlay5/, )))
Sending msg to client play-fork-run-854abb42-d5a0-408b-b244-af8f24fda2f8: TaskFinished(154,21967,Some(AttributeKey[scala.Option[java.lang.String]]("mainClass") in Scope(Build: file:/home/andres/Instalaciones/BiciPlay5/, , Project: ProjectReference(file:/home/andres/Instalaciones/BiciPlay5/,root), Config: compile, Task: AttributeKey[void]("run"))),true,None)
Sending msg to client play-fork-run-854abb42-d5a0-408b-b244-af8f24fda2f8: TaskFinished(154,21914,None,true,None)
Sending msg to client play-fork-run-854abb42-d5a0-408b-b244-af8f24fda2f8: TaskFinished(154,21934,None,true,None)
Sending msg to client play-fork-run-854abb42-d5a0-408b-b244-af8f24fda2f8: TaskFinished(154,21931,None,true,None)
Sending msg to client play-fork-run-854abb42-d5a0-408b-b244-af8f24fda2f8: TaskFinished(154,21935,None,true,None)
Sending msg to client play-fork-run-854abb42-d5a0-408b-b244-af8f24fda2f8: TaskFinished(154,21938,None,true,None)
Sending msg to client play-fork-run-854abb42-d5a0-408b-b244-af8f24fda2f8: TaskStarted(154,21937,Some(AttributeKey[scala.collection.immutable.Map[sbt.ModuleID,sbt.SourcePosition]]("dependencyPositions") in Scope(Build: file:/home/andres/Instalaciones/BiciPlay5/, , Project: ProjectReference(file:/home/andres/Instalaciones/BiciPlay5/,root))))
Sending msg to client play-fork-run-854abb42-d5a0-408b-b244-af8f24fda2f8: TaskFinished(154,21952,None,true,None)
Sending msg to client play-fork-run-854abb42-d5a0-408b-b244-af8f24fda2f8: TaskFinished(154,21960,None,true,None)
Sending msg to client play-fork-run-854abb42-d5a0-408b-b244-af8f24fda2f8: TaskFinished(154,21961,None,true,None)
Sending msg to client play-fork-run-854abb42-d5a0-408b-b244-af8f24fda2f8: TaskFinished(154,21923,Some(AttributeKey[sbt.BuildStructure]("buildStructure") in Scope(Global)),true,None)
Sending msg to client play-fork-run-854abb42-d5a0-408b-b244-af8f24fda2f8: TaskStarted(154,21922,Some(AttributeKey[sbt.Settings[sbt.Scope]]("settingsData") in Scope(Global)))
Sending msg to client play-fork-run-854abb42-d5a0-408b-b244-af8f24fda2f8: TaskFinished(154,21942,Some(AttributeKey[java.io.File]("dependencyCacheDirectory") in Scope(Build: file:/home/andres/Instalaciones/BiciPlay5/, , Project: ProjectReference(file:/home/andres/Instalaciones/BiciPlay5/,root))),true,None)
Sending msg to client play-fork-run-854abb42-d5a0-408b-b244-af8f24fda2f8: TaskFinished(154,21944,Some(AttributeKey[scala.collection.Seq[sbt.UpdateReport]]("transitiveUpdate") in Scope(Build: file:/home/andres/Instalaciones/BiciPlay5/, , Project: ProjectReference(file:/home/andres/Instalaciones/BiciPlay5/,root))),true,None)
Sending msg to client play-fork-run-854abb42-d5a0-408b-b244-af8f24fda2f8: TaskFinished(154,21947,Some(AttributeKey[scala.collection.Seq[scala.Tuple2[java.lang.String,java.io.File]]]("playAllAssets") in Scope(Build: file:/home/andres/Instalaciones/BiciPlay5/, , Project: ProjectReference(file:/home/andres/Instalaciones/BiciPlay5/,root))),true,None)
Sending msg to client play-fork-run-854abb42-d5a0-408b-b244-af8f24fda2f8: TaskFinished(154,21964,Some(AttributeKey[scala.collection.Seq[java.lang.String]]("javaOptions") in Scope(Build: file:/home/andres/Instalaciones/BiciPlay5/, )),true,None)
Sending msg to client play-fork-run-854abb42-d5a0-408b-b244-af8f24fda2f8: TaskFinished(154,21922,Some(AttributeKey[sbt.Settings[sbt.Scope]]("settingsData") in Scope(Global)),true,None)
Sending msg to client play-fork-run-854abb42-d5a0-408b-b244-af8f24fda2f8: TaskStarted(154,21921,Some(AttributeKey[scala.collection.Seq[sbt.ModuleID]]("projectDependencies") in Scope(Build: file:/home/andres/Instalaciones/BiciPlay5/, , Project: ProjectReference(file:/home/andres/Instalaciones/BiciPlay5/,root))))
Sending msg to client play-fork-run-854abb42-d5a0-408b-b244-af8f24fda2f8: TaskStarted(154,21930,Some(AttributeKey[scala.collection.immutable.Map[org.apache.ivy.core.module.id.ModuleRevisionId,org.apache.ivy.core.module.descriptor.ModuleDescriptor]]("projectDescriptors") in Scope(Build: file:/home/andres/Instalaciones/BiciPlay5/, , Project: ProjectReference(file:/home/andres/Instalaciones/BiciPlay5/,root))))
Sending msg to client play-fork-run-854abb42-d5a0-408b-b244-af8f24fda2f8: TaskStarted(154,21939,None)
Sending msg to client play-fork-run-854abb42-d5a0-408b-b244-af8f24fda2f8: TaskStarted(154,21953,None)
Sending msg to client play-fork-run-854abb42-d5a0-408b-b244-af8f24fda2f8: TaskStarted(154,21962,Some(AttributeKey[scala.collection.Seq[java.io.File]]("playMonitoredFiles") in Scope(Build: file:/home/andres/Instalaciones/BiciPlay5/, , Project: ProjectReference(file:/home/andres/Instalaciones/BiciPlay5/,root))))
Sending msg to client play-fork-run-854abb42-d5a0-408b-b244-af8f24fda2f8: TaskFinished(154,21937,Some(AttributeKey[scala.collection.immutable.Map[sbt.ModuleID,sbt.SourcePosition]]("dependencyPositions") in Scope(Build: file:/home/andres/Instalaciones/BiciPlay5/, , Project: ProjectReference(file:/home/andres/Instalaciones/BiciPlay5/,root))),true,None)
Sending msg to client play-fork-run-854abb42-d5a0-408b-b244-af8f24fda2f8: TaskStarted(154,21936,Some(AttributeKey[sbt.UnresolvedWarningConfiguration]("unresolvedWarningConfiguration") in Scope(Build: file:/home/andres/Instalaciones/BiciPlay5/, , Project: ProjectReference(file:/home/andres/Instalaciones/BiciPlay5/,root), Task: AttributeKey[sbt.UpdateReport]("update"))))
Sending msg to client play-fork-run-854abb42-d5a0-408b-b244-af8f24fda2f8: TaskFinished(154,21921,Some(AttributeKey[scala.collection.Seq[sbt.ModuleID]]("projectDependencies") in Scope(Build: file:/home/andres/Instalaciones/BiciPlay5/, , Project: ProjectReference(file:/home/andres/Instalaciones/BiciPlay5/,root))),true,None)
Sending msg to client play-fork-run-854abb42-d5a0-408b-b244-af8f24fda2f8: TaskStarted(154,21920,Some(AttributeKey[scala.collection.Seq[sbt.ModuleID]]("allDependencies") in Scope(Build: file:/home/andres/Instalaciones/BiciPlay5/, , Project: ProjectReference(file:/home/andres/Instalaciones/BiciPlay5/,root))))
Sending msg to client play-fork-run-854abb42-d5a0-408b-b244-af8f24fda2f8: TaskStarted(154,21968,None)
Sending msg to client play-fork-run-854abb42-d5a0-408b-b244-af8f24fda2f8: TaskStarted(154,21970,None)
Sending msg to client play-fork-run-854abb42-d5a0-408b-b244-af8f24fda2f8: TaskStarted(154,21975,None)
Sending msg to client play-fork-run-854abb42-d5a0-408b-b244-af8f24fda2f8: TaskStarted(154,21976,None)
Sending msg to client play-fork-run-854abb42-d5a0-408b-b244-af8f24fda2f8: TaskStarted(154,21978,None)
Sending msg to client play-fork-run-854abb42-d5a0-408b-b244-af8f24fda2f8: TaskStarted(154,21980,None)
Sending msg to client play-fork-run-854abb42-d5a0-408b-b244-af8f24fda2f8: TaskStarted(154,21981,None)
Sending msg to client play-fork-run-854abb42-d5a0-408b-b244-af8f24fda2f8: TaskFinished(154,21936,Some(AttributeKey[sbt.UnresolvedWarningConfiguration]("unresolvedWarningConfiguration") in Scope(Build: file:/home/andres/Instalaciones/BiciPlay5/, , Project: ProjectReference(file:/home/andres/Instalaciones/BiciPlay5/,root), Task: AttributeKey[sbt.UpdateReport]("update"))),true,None)
Sending msg to client play-fork-run-854abb42-d5a0-408b-b244-af8f24fda2f8: TaskFinished(154,21920,Some(AttributeKey[scala.collection.Seq[sbt.ModuleID]]("allDependencies") in Scope(Build: file:/home/andres/Instalaciones/BiciPlay5/, , Project: ProjectReference(file:/home/andres/Instalaciones/BiciPlay5/,root))),true,None)
Sending msg to client play-fork-run-854abb42-d5a0-408b-b244-af8f24fda2f8: TaskStarted(154,21919,Some(AttributeKey[sbt.ModuleSettings]("moduleSettings") in Scope(Build: file:/home/andres/Instalaciones/BiciPlay5/, , Project: ProjectReference(file:/home/andres/Instalaciones/BiciPlay5/,root))))
Sending msg to client play-fork-run-854abb42-d5a0-408b-b244-af8f24fda2f8: TaskFinished(154,21968,None,true,None)
Sending msg to client play-fork-run-854abb42-d5a0-408b-b244-af8f24fda2f8: TaskFinished(154,21939,None,true,None)
Sending msg to client play-fork-run-854abb42-d5a0-408b-b244-af8f24fda2f8: TaskStarted(154,21982,None)
Sending msg to client play-fork-run-854abb42-d5a0-408b-b244-af8f24fda2f8: TaskFinished(154,21970,None,true,None)
Sending msg to client play-fork-run-854abb42-d5a0-408b-b244-af8f24fda2f8: TaskStarted(154,21969,None)
Sending msg to client play-fork-run-854abb42-d5a0-408b-b244-af8f24fda2f8: TaskFinished(154,21976,None,true,None)
Sending msg to client play-fork-run-854abb42-d5a0-408b-b244-af8f24fda2f8: TaskFinished(154,21975,None,true,None)
Sending msg to client play-fork-run-854abb42-d5a0-408b-b244-af8f24fda2f8: TaskStarted(154,21974,Some(AttributeKey[scala.collection.Seq[sbt.Attributed[java.io.File]]]("unmanagedJars") in Scope(Build: file:/home/andres/Instalaciones/BiciPlay5/, , Project: ProjectReference(file:/home/andres/Instalaciones/BiciPlay5/,root), Config: compile)))
Sending msg to client play-fork-run-854abb42-d5a0-408b-b244-af8f24fda2f8: TaskFinished(154,21978,None,true,None)
Sending msg to client play-fork-run-854abb42-d5a0-408b-b244-af8f24fda2f8: TaskStarted(154,21977,None)
Sending msg to client play-fork-run-854abb42-d5a0-408b-b244-af8f24fda2f8: TaskFinished(154,21980,None,true,None)
Sending msg to client play-fork-run-854abb42-d5a0-408b-b244-af8f24fda2f8: TaskFinished(154,21981,None,true,None)
Sending msg to client play-fork-run-854abb42-d5a0-408b-b244-af8f24fda2f8: TaskStarted(154,21979,Some(AttributeKey[scala.collection.Seq[sbt.Attributed[java.io.File]]]("unmanagedJars") in Scope(Build: file:/home/andres/Instalaciones/BiciPlay5/, , Project: ProjectReference(file:/home/andres/Instalaciones/BiciPlay5/,root), Config: runtime)))
Sending msg to client play-fork-run-854abb42-d5a0-408b-b244-af8f24fda2f8: TaskFinished(154,21919,Some(AttributeKey[sbt.ModuleSettings]("moduleSettings") in Scope(Build: file:/home/andres/Instalaciones/BiciPlay5/, , Project: ProjectReference(file:/home/andres/Instalaciones/BiciPlay5/,root))),true,None)
Sending msg to client play-fork-run-854abb42-d5a0-408b-b244-af8f24fda2f8: TaskFinished(154,21982,None,true,None)
Sending msg to client play-fork-run-854abb42-d5a0-408b-b244-af8f24fda2f8: TaskFinished(154,21962,Some(AttributeKey[scala.collection.Seq[java.io.File]]("playMonitoredFiles") in Scope(Build: file:/home/andres/Instalaciones/BiciPlay5/, , Project: ProjectReference(file:/home/andres/Instalaciones/BiciPlay5/,root))),true,None)
Sending msg to client play-fork-run-854abb42-d5a0-408b-b244-af8f24fda2f8: TaskFinished(154,21969,None,true,None)
Sending msg to client play-fork-run-854abb42-d5a0-408b-b244-af8f24fda2f8: TaskFinished(154,21930,Some(AttributeKey[scala.collection.immutable.Map[org.apache.ivy.core.module.id.ModuleRevisionId,org.apache.ivy.core.module.descriptor.ModuleDescriptor]]("projectDescriptors") in Scope(Build: file:/home/andres/Instalaciones/BiciPlay5/, , Project: ProjectReference(file:/home/andres/Instalaciones/BiciPlay5/,root))),true,None)
Sending msg to client play-fork-run-854abb42-d5a0-408b-b244-af8f24fda2f8: TaskStarted(154,21929,Some(AttributeKey[sbt.Resolver]("projectResolver") in Scope(Build: file:/home/andres/Instalaciones/BiciPlay5/, , Project: ProjectReference(file:/home/andres/Instalaciones/BiciPlay5/,root))))
Sending msg to client play-fork-run-854abb42-d5a0-408b-b244-af8f24fda2f8: TaskStarted(154,21983,None)
Sending msg to client play-fork-run-854abb42-d5a0-408b-b244-af8f24fda2f8: TaskFinished(154,21979,Some(AttributeKey[scala.collection.Seq[sbt.Attributed[java.io.File]]]("unmanagedJars") in Scope(Build: file:/home/andres/Instalaciones/BiciPlay5/, , Project: ProjectReference(file:/home/andres/Instalaciones/BiciPlay5/,root), Config: runtime)),true,None)
Sending msg to client play-fork-run-854abb42-d5a0-408b-b244-af8f24fda2f8: TaskFinished(154,21974,Some(AttributeKey[scala.collection.Seq[sbt.Attributed[java.io.File]]]("unmanagedJars") in Scope(Build: file:/home/andres/Instalaciones/BiciPlay5/, , Project: ProjectReference(file:/home/andres/Instalaciones/BiciPlay5/,root), Config: compile)),true,None)
Sending msg to client play-fork-run-854abb42-d5a0-408b-b244-af8f24fda2f8: TaskFinished(154,21929,Some(AttributeKey[sbt.Resolver]("projectResolver") in Scope(Build: file:/home/andres/Instalaciones/BiciPlay5/, , Project: ProjectReference(file:/home/andres/Instalaciones/BiciPlay5/,root))),true,None)
Sending msg to client play-fork-run-854abb42-d5a0-408b-b244-af8f24fda2f8: TaskStarted(154,21928,Some(AttributeKey[scala.collection.Seq[sbt.Resolver]]("fullResolvers") in Scope(Build: file:/home/andres/Instalaciones/BiciPlay5/, , Project: ProjectReference(file:/home/andres/Instalaciones/BiciPlay5/,root))))
Sending msg to client play-fork-run-854abb42-d5a0-408b-b244-af8f24fda2f8: TaskFinished(154,21983,None,true,None)
Sending msg to client play-fork-run-854abb42-d5a0-408b-b244-af8f24fda2f8: TaskFinished(154,21977,None,true,None)
Sending msg to client play-fork-run-854abb42-d5a0-408b-b244-af8f24fda2f8: TaskStarted(154,21973,Some(AttributeKey[scala.collection.Seq[sbt.Attributed[java.io.File]]]("unmanagedJars") in Scope(Build: file:/home/andres/Instalaciones/BiciPlay5/, , Project: ProjectReference(file:/home/andres/Instalaciones/BiciPlay5/,root), Config: compile)))
Sending msg to client play-fork-run-854abb42-d5a0-408b-b244-af8f24fda2f8: TaskFinished(154,21928,Some(AttributeKey[scala.collection.Seq[sbt.Resolver]]("fullResolvers") in Scope(Build: file:/home/andres/Instalaciones/BiciPlay5/, , Project: ProjectReference(file:/home/andres/Instalaciones/BiciPlay5/,root))),true,None)
Sending msg to client play-fork-run-854abb42-d5a0-408b-b244-af8f24fda2f8: TaskStarted(154,21927,Some(AttributeKey[sbt.IvyConfiguration]("ivyConfiguration") in Scope(Build: file:/home/andres/Instalaciones/BiciPlay5/, , Project: ProjectReference(file:/home/andres/Instalaciones/BiciPlay5/,root))))
Sending msg to client play-fork-run-854abb42-d5a0-408b-b244-af8f24fda2f8: TaskFinished(154,21973,Some(AttributeKey[scala.collection.Seq[sbt.Attributed[java.io.File]]]("unmanagedJars") in Scope(Build: file:/home/andres/Instalaciones/BiciPlay5/, , Project: ProjectReference(file:/home/andres/Instalaciones/BiciPlay5/,root), Config: compile)),true,None)
Sending msg to client play-fork-run-854abb42-d5a0-408b-b244-af8f24fda2f8: TaskStarted(154,21972,None)
Sending msg to client play-fork-run-854abb42-d5a0-408b-b244-af8f24fda2f8: TaskFinished(154,21972,None,true,None)
Sending msg to client play-fork-run-854abb42-d5a0-408b-b244-af8f24fda2f8: TaskStarted(154,21971,None)
Sending msg to client play-fork-run-854abb42-d5a0-408b-b244-af8f24fda2f8: TaskFinished(154,21927,Some(AttributeKey[sbt.IvyConfiguration]("ivyConfiguration") in Scope(Build: file:/home/andres/Instalaciones/BiciPlay5/, , Project: ProjectReference(file:/home/andres/Instalaciones/BiciPlay5/,root))),true,None)
Sending msg to client play-fork-run-854abb42-d5a0-408b-b244-af8f24fda2f8: TaskStarted(154,21925,Some(AttributeKey[sbt.IvySbt]("ivySbt") in Scope(Build: file:/home/andres/Instalaciones/BiciPlay5/, , Project: ProjectReference(file:/home/andres/Instalaciones/BiciPlay5/,root))))
Sending msg to client play-fork-run-854abb42-d5a0-408b-b244-af8f24fda2f8: TaskFinished(154,21971,None,true,None)
Sending msg to client play-fork-run-854abb42-d5a0-408b-b244-af8f24fda2f8: TaskFinished(154,21953,None,true,None)
Sending msg to client play-fork-run-854abb42-d5a0-408b-b244-af8f24fda2f8: TaskStarted(154,21951,Some(AttributeKey[scala.collection.Seq[sbt.Attributed[java.io.File]]]("unmanagedClasspath") in Scope(Build: file:/home/andres/Instalaciones/BiciPlay5/, , Project: ProjectReference(file:/home/andres/Instalaciones/BiciPlay5/,root), Config: runtime)))
Sending msg to client play-fork-run-854abb42-d5a0-408b-b244-af8f24fda2f8: TaskFinished(154,21925,Some(AttributeKey[sbt.IvySbt]("ivySbt") in Scope(Build: file:/home/andres/Instalaciones/BiciPlay5/, , Project: ProjectReference(file:/home/andres/Instalaciones/BiciPlay5/,root))),true,None)
Sending msg to client play-fork-run-854abb42-d5a0-408b-b244-af8f24fda2f8: TaskStarted(154,21918,Some(AttributeKey[sbt.IvySbt$Module]("ivyModule") in Scope(Build: file:/home/andres/Instalaciones/BiciPlay5/, , Project: ProjectReference(file:/home/andres/Instalaciones/BiciPlay5/,root))))
Sending msg to client play-fork-run-854abb42-d5a0-408b-b244-af8f24fda2f8: TaskFinished(154,21951,Some(AttributeKey[scala.collection.Seq[sbt.Attributed[java.io.File]]]("unmanagedClasspath") in Scope(Build: file:/home/andres/Instalaciones/BiciPlay5/, , Project: ProjectReference(file:/home/andres/Instalaciones/BiciPlay5/,root), Config: runtime)),true,None)
Sending msg to client play-fork-run-854abb42-d5a0-408b-b244-af8f24fda2f8: TaskFinished(154,21918,Some(AttributeKey[sbt.IvySbt$Module]("ivyModule") in Scope(Build: file:/home/andres/Instalaciones/BiciPlay5/, , Project: ProjectReference(file:/home/andres/Instalaciones/BiciPlay5/,root))),true,None)
Sending msg to client play-fork-run-854abb42-d5a0-408b-b244-af8f24fda2f8: TaskStarted(154,21916,Some(AttributeKey[sbt.UpdateReport]("update") in Scope(Build: file:/home/andres/Instalaciones/BiciPlay5/, , Project: ProjectReference(file:/home/andres/Instalaciones/BiciPlay5/,root))))
Sending msg to client play-fork-run-854abb42-d5a0-408b-b244-af8f24fda2f8: TaskFinished(154,21916,Some(AttributeKey[sbt.UpdateReport]("update") in Scope(Build: file:/home/andres/Instalaciones/BiciPlay5/, , Project: ProjectReference(file:/home/andres/Instalaciones/BiciPlay5/,root))),true,None)
Sending msg to client play-fork-run-854abb42-d5a0-408b-b244-af8f24fda2f8: TaskStarted(154,21913,Some(AttributeKey[sbt.UpdateReport]("update") in Scope(Build: file:/home/andres/Instalaciones/BiciPlay5/, , Project: ProjectReference(file:/home/andres/Instalaciones/BiciPlay5/,root))))
Sending msg to client play-fork-run-854abb42-d5a0-408b-b244-af8f24fda2f8: TaskFinished(154,21913,Some(AttributeKey[sbt.UpdateReport]("update") in Scope(Build: file:/home/andres/Instalaciones/BiciPlay5/, , Project: ProjectReference(file:/home/andres/Instalaciones/BiciPlay5/,root))),true,None)
Sending msg to client play-fork-run-854abb42-d5a0-408b-b244-af8f24fda2f8: TaskStarted(154,21912,Some(AttributeKey[scala.collection.Seq[sbt.Attributed[java.io.File]]]("managedClasspath") in Scope(Build: file:/home/andres/Instalaciones/BiciPlay5/, , Project: ProjectReference(file:/home/andres/Instalaciones/BiciPlay5/,root), Config: docs)))
Sending msg to client play-fork-run-854abb42-d5a0-408b-b244-af8f24fda2f8: TaskStarted(154,21958,Some(AttributeKey[sbt.Configuration]("classpathConfiguration") in Scope(Build: file:/home/andres/Instalaciones/BiciPlay5/, , Project: ProjectReference(file:/home/andres/Instalaciones/BiciPlay5/,root), Config: compile)))
Sending msg to client play-fork-run-854abb42-d5a0-408b-b244-af8f24fda2f8: TaskFinished(154,21958,Some(AttributeKey[sbt.Configuration]("classpathConfiguration") in Scope(Build: file:/home/andres/Instalaciones/BiciPlay5/, , Project: ProjectReference(file:/home/andres/Instalaciones/BiciPlay5/,root), Config: compile)),true,None)
Sending msg to client play-fork-run-854abb42-d5a0-408b-b244-af8f24fda2f8: TaskStarted(154,21957,None)
Sending msg to client play-fork-run-854abb42-d5a0-408b-b244-af8f24fda2f8: TaskFinished(154,21957,None,true,None)
Sending msg to client play-fork-run-854abb42-d5a0-408b-b244-af8f24fda2f8: TaskStarted(154,21956,Some(AttributeKey[sbt.Configuration]("classpathConfiguration") in Scope(Build: file:/home/andres/Instalaciones/BiciPlay5/, , Project: ProjectReference(file:/home/andres/Instalaciones/BiciPlay5/,root), Config: runtime)))
Sending msg to client play-fork-run-854abb42-d5a0-408b-b244-af8f24fda2f8: TaskFinished(154,21956,Some(AttributeKey[sbt.Configuration]("classpathConfiguration") in Scope(Build: file:/home/andres/Instalaciones/BiciPlay5/, , Project: ProjectReference(file:/home/andres/Instalaciones/BiciPlay5/,root), Config: runtime)),true,None)
Sending msg to client play-fork-run-854abb42-d5a0-408b-b244-af8f24fda2f8: TaskStarted(154,21955,None)
Sending msg to client play-fork-run-854abb42-d5a0-408b-b244-af8f24fda2f8: TaskFinished(154,21912,Some(AttributeKey[scala.collection.Seq[sbt.Attributed[java.io.File]]]("managedClasspath") in Scope(Build: file:/home/andres/Instalaciones/BiciPlay5/, , Project: ProjectReference(file:/home/andres/Instalaciones/BiciPlay5/,root), Config: docs)),true,None)
Sending msg to client play-fork-run-854abb42-d5a0-408b-b244-af8f24fda2f8: TaskStarted(154,21911,Some(AttributeKey[scala.Option[java.io.File]]("playDocsJar") in Scope(Build: file:/home/andres/Instalaciones/BiciPlay5/, , Project: ProjectReference(file:/home/andres/Instalaciones/BiciPlay5/,root))))
Sending msg to client play-fork-run-854abb42-d5a0-408b-b244-af8f24fda2f8: TaskFinished(154,21911,Some(AttributeKey[scala.Option[java.io.File]]("playDocsJar") in Scope(Build: file:/home/andres/Instalaciones/BiciPlay5/, , Project: ProjectReference(file:/home/andres/Instalaciones/BiciPlay5/,root))),true,None)
Sending msg to client play-fork-run-854abb42-d5a0-408b-b244-af8f24fda2f8: TaskFinished(154,21955,None,true,None)
Sending msg to client play-fork-run-854abb42-d5a0-408b-b244-af8f24fda2f8: TaskStarted(154,21954,Some(AttributeKey[scala.collection.Seq[sbt.Attributed[java.io.File]]]("managedClasspath") in Scope(Build: file:/home/andres/Instalaciones/BiciPlay5/, , Project: ProjectReference(file:/home/andres/Instalaciones/BiciPlay5/,root), Config: runtime)))
Sending msg to client play-fork-run-854abb42-d5a0-408b-b244-af8f24fda2f8: TaskFinished(154,21954,Some(AttributeKey[scala.collection.Seq[sbt.Attributed[java.io.File]]]("managedClasspath") in Scope(Build: file:/home/andres/Instalaciones/BiciPlay5/, , Project: ProjectReference(file:/home/andres/Instalaciones/BiciPlay5/,root), Config: runtime)),true,None)
Sending msg to client play-fork-run-854abb42-d5a0-408b-b244-af8f24fda2f8: TaskStarted(154,21950,None)
Sending msg to client play-fork-run-854abb42-d5a0-408b-b244-af8f24fda2f8: TaskFinished(154,21950,None,true,None)
Sending msg to client play-fork-run-854abb42-d5a0-408b-b244-af8f24fda2f8: TaskStarted(154,21949,Some(AttributeKey[scala.collection.Seq[sbt.Attributed[java.io.File]]]("playDependencyClasspath") in Scope(Build: file:/home/andres/Instalaciones/BiciPlay5/, , Project: ProjectReference(file:/home/andres/Instalaciones/BiciPlay5/,root))))
Sending msg to client play-fork-run-854abb42-d5a0-408b-b244-af8f24fda2f8: TaskFinished(154,21949,Some(AttributeKey[scala.collection.Seq[sbt.Attributed[java.io.File]]]("playDependencyClasspath") in Scope(Build: file:/home/andres/Instalaciones/BiciPlay5/, , Project: ProjectReference(file:/home/andres/Instalaciones/BiciPlay5/,root))),true,None)
Sending msg to client play-fork-run-854abb42-d5a0-408b-b244-af8f24fda2f8: TaskStarted(154,21910,Some(AttributeKey[play.forkrun.protocol.ForkConfig]("playForkConfig") in Scope(Build: file:/home/andres/Instalaciones/BiciPlay5/, , Project: ProjectReference(file:/home/andres/Instalaciones/BiciPlay5/,root))))
Sending msg to client play-fork-run-854abb42-d5a0-408b-b244-af8f24fda2f8: TaskFinished(154,21910,Some(AttributeKey[play.forkrun.protocol.ForkConfig]("playForkConfig") in Scope(Build: file:/home/andres/Instalaciones/BiciPlay5/, , Project: ProjectReference(file:/home/andres/Instalaciones/BiciPlay5/,root))),true,None)
Sending msg to client play-fork-run-854abb42-d5a0-408b-b244-af8f24fda2f8: ValueChanged(AttributeKey[play.forkrun.protocol.ForkConfig]("playForkConfig") in Scope(Build: file:/home/andres/Instalaciones/BiciPlay5/, , Project: ProjectReference(file:/home/andres/Instalaciones/BiciPlay5/,root)),TaskSuccess(BuildValue(LazyValue(ForkConfig(/home/andres/Instalaciones/BiciPlay5,List(-Djna.nosys=true),List(/home/andres/.ivy2/cache/org.scala-lang/scala-library/jars/scala-library-2.11.7.jar, /home/andres/.ivy2/cache/com.typesafe.play/play-enhancer/jars/play-enhancer-1.1.0.jar, /home/andres/.ivy2/cache/com.typesafe.play/twirl-api_2.11/jars/twirl-api_2.11-1.1.1.jar, /home/andres/.ivy2/cache/org.apache.commons/commons-lang3/jars/commons-lang3-3.4.jar, /home/andres/.ivy2/cache/org.scala-lang.modules/scala-xml_2.11/bundles/scala-xml_2.11-1.0.1.jar, /home/andres/.ivy2/cache/com.typesafe.play/play-ebean_2.11/jars/play-ebean_2.11-3.0.0.jar, /home/andres/.ivy2/cache/com.typesafe.play/play-java-jdbc_2.11/jars/play-java-jdbc_2.11-2.5.6.jar, /home/andres/.ivy2/cache/com.typesafe.play/play-jdbc_2.11/jars/play-jdbc_2.11-2.5.6.jar, /home/andres/.ivy2/cache/com.typesafe.play/play-jdbc-api_2.11/jars/play-jdbc-api_2.11-2.5.6.jar, /home/andres/.ivy2/cache/com.typesafe.play/play_2.11/jars/play_2.11-2.5.6.jar, /home/andres/.ivy2/cache/com.typesafe.play/build-link/jars/build-link-2.5.6.jar, /home/andres/.ivy2/cache/com.typesafe.play/play-exceptions/jars/play-exceptions-2.5.6.jar, /home/andres/.ivy2/cache/com.typesafe.play/play-iteratees_2.11/jars/play-iteratees_2.11-2.5.6.jar, /home/andres/.ivy2/cache/org.scala-stm/scala-stm_2.11/jars/scala-stm_2.11-0.7.jar, /home/andres/.ivy2/cache/com.typesafe/config/bundles/config-1.3.0.jar, /home/andres/.ivy2/cache/com.typesafe.play/play-json_2.11/jars/play-json_2.11-2.5.6.jar, /home/andres/.ivy2/cache/com.typesafe.play/play-functional_2.11/jars/play-functional_2.11-2.5.6.jar, /home/andres/.ivy2/cache/com.typesafe.play/play-datacommons_2.11/jars/play-datacommons_2.11-2.5.6.jar, /home/andres/.ivy2/cache/joda-time/joda-time/jars/joda-time-2.9.4.jar, /home/andres/.ivy2/cache/org.joda/joda-convert/jars/joda-convert-1.8.1.jar, /home/andres/.ivy2/cache/org.scala-lang/scala-reflect/jars/scala-reflect-2.11.7.jar, /home/andres/.ivy2/cache/com.fasterxml.jackson.core/jackson-core/bundles/jackson-core-2.7.6.jar, /home/andres/.ivy2/cache/com.fasterxml.jackson.core/jackson-annotations/bundles/jackson-annotations-2.7.6.jar, /home/andres/.ivy2/cache/com.fasterxml.jackson.core/jackson-databind/bundles/jackson-databind-2.7.6.jar, /home/andres/.ivy2/cache/com.fasterxml.jackson.datatype/jackson-datatype-jdk8/bundles/jackson-datatype-jdk8-2.7.6.jar, /home/andres/.ivy2/cache/com.fasterxml.jackson.datatype/jackson-datatype-jsr310/bundles/jackson-datatype-jsr310-2.7.6.jar, /home/andres/.ivy2/cache/com.typesafe.play/play-netty-utils/jars/play-netty-utils-2.5.6.jar, /home/andres/.ivy2/cache/org.slf4j/slf4j-api/jars/slf4j-api-1.7.21.jar, /home/andres/.ivy2/cache/org.slf4j/jul-to-slf4j/jars/jul-to-slf4j-1.7.21.jar, /home/andres/.ivy2/cache/org.slf4j/jcl-over-slf4j/jars/jcl-over-slf4j-1.7.21.jar, /home/andres/.ivy2/cache/com.typesafe.play/play-streams_2.11/jars/play-streams_2.11-2.5.6.jar, /home/andres/.ivy2/cache/org.reactivestreams/reactive-streams/jars/reactive-streams-1.0.0.jar, /home/andres/.ivy2/cache/com.typesafe.akka/akka-stream_2.11/jars/akka-stream_2.11-2.4.9.jar, /home/andres/.ivy2/cache/com.typesafe.akka/akka-actor_2.11/jars/akka-actor_2.11-2.4.9.jar, /home/andres/.ivy2/cache/org.scala-lang.modules/scala-java8-compat_2.11/bundles/scala-java8-compat_2.11-0.7.0.jar, /home/andres/.ivy2/cache/com.typesafe/ssl-config-akka_2.11/bundles/ssl-config-akka_2.11-0.2.1.jar, /home/andres/.ivy2/cache/com.typesafe/ssl-config-core_2.11/bundles/ssl-config-core_2.11-0.2.1.jar, /home/andres/.ivy2/cache/org.scala-lang.modules/scala-parser-combinators_2.11/bundles/scala-parser-combinators_2.11-1.0.4.jar, /home/andres/.ivy2/cache/com.typesafe.akka/akka-slf4j_2.11/jars/akka-slf4j_2.11-2.4.9.jar, /home/andres/.ivy2/cache/commons-codec/commons-codec/jars/commons-codec-1.10.jar, /home/andres/.ivy2/cache/xerces/xercesImpl/jars/xercesImpl-2.11.0.jar, /home/andres/.ivy2/cache/xml-apis/xml-apis/jars/xml-apis-1.4.01.jar, /home/andres/.ivy2/cache/javax.transaction/jta/jars/jta-1.1.jar, /home/andres/.ivy2/cache/com.google.inject/guice/jars/guice-4.0.jar, /home/andres/.ivy2/cache/javax.inject/javax.inject/jars/javax.inject-1.jar, /home/andres/.ivy2/cache/aopalliance/aopalliance/jars/aopalliance-1.0.jar, /home/andres/.ivy2/cache/com.google.inject.extensions/guice-assistedinject/jars/guice-assistedinject-4.0.jar, /home/andres/.ivy2/cache/com.jolbox/bonecp/bundles/bonecp-0.8.0.RELEASE.jar, /home/andres/.ivy2/cache/com.zaxxer/HikariCP/bundles/HikariCP-2.4.7.jar, /home/andres/.ivy2/cache/com.googlecode.usc/jdbcdslog/jars/jdbcdslog-1.0.6.2.jar, /home/andres/.ivy2/cache/com.h2database/h2/jars/h2-1.4.192.jar, /home/andres/.ivy2/cache/tyrex/tyrex/jars/tyrex-1.0.1.jar, /home/andres/.ivy2/cache/com.typesafe.play/play-java_2.11/jars/play-java_2.11-2.5.6.jar, /home/andres/.ivy2/cache/org.yaml/snakeyaml/bundles/snakeyaml-1.16.jar, /home/andres/.ivy2/cache/org.hibernate/hibernate-validator/jars/hibernate-validator-5.2.4.Final.jar, /home/andres/.ivy2/cache/javax.validation/validation-api/jars/validation-api-1.1.0.Final.jar, /home/andres/.ivy2/cache/javax.el/javax.el-api/jars/javax.el-api-3.0.0.jar, /home/andres/.ivy2/cache/org.springframework/spring-context/jars/spring-context-4.2.7.RELEASE.jar, /home/andres/.ivy2/cache/org.springframework/spring-core/jars/spring-core-4.2.7.RELEASE.jar, /home/andres/.ivy2/cache/org.springframework/spring-beans/jars/spring-beans-4.2.7.RELEASE.jar, /home/andres/.ivy2/cache/org.reflections/reflections/jars/reflections-0.9.10.jar, /home/andres/.ivy2/cache/com.google.guava/guava/bundles/guava-19.0.jar, /home/andres/.ivy2/cache/net.jodah/typetools/bundles/typetools-0.4.4.jar, /home/andres/.ivy2/cache/com.google.code.findbugs/jsr305/jars/jsr305-3.0.1.jar, /home/andres/.ivy2/cache/org.apache.tomcat/tomcat-servlet-api/jars/tomcat-servlet-api-8.0.33.jar, /home/andres/.ivy2/cache/com.typesafe.play/play-jdbc-evolutions_2.11/jars/play-jdbc-evolutions_2.11-2.5.0.jar, /home/andres/.ivy2/cache/org.avaje.ebeanorm/avaje-ebeanorm/jars/avaje-ebeanorm-6.18.1.jar, /home/andres/.ivy2/cache/org.jetbrains/annotations/jars/annotations-13.0.jar, /home/andres/.ivy2/cache/javax.persistence/persistence-api/jars/persistence-api-1.0.jar, /home/andres/.ivy2/cache/org.avaje.ebeanorm/avaje-ebeanorm-agent/jars/avaje-ebeanorm-agent-4.9.1.jar, /home/andres/.ivy2/cache/com.typesafe.play/play-server_2.11/jars/play-server_2.11-2.5.6.jar, /home/andres/.ivy2/cache/com.typesafe.play/play-netty-server_2.11/jars/play-netty-server_2.11-2.5.6.jar, /home/andres/.ivy2/cache/com.typesafe.netty/netty-reactive-streams-http/jars/netty-reactive-streams-http-1.0.7.jar, /home/andres/.ivy2/cache/com.typesafe.netty/netty-reactive-streams/jars/netty-reactive-streams-1.0.7.jar, /home/andres/.ivy2/cache/io.netty/netty-handler/jars/netty-handler-4.0.39.Final.jar, /home/andres/.ivy2/cache/io.netty/netty-buffer/jars/netty-buffer-4.0.39.Final.jar, /home/andres/.ivy2/cache/io.netty/netty-common/jars/netty-common-4.0.39.Final.jar, /home/andres/.ivy2/cache/io.netty/netty-transport/jars/netty-transport-4.0.39.Final.jar, /home/andres/.ivy2/cache/io.netty/netty-codec/jars/netty-codec-4.0.39.Final.jar, /home/andres/.ivy2/cache/io.netty/netty-codec-http/jars/netty-codec-http-4.0.39.Final.jar, /home/andres/.ivy2/cache/io.netty/netty-transport-native-epoll/jars/netty-transport-native-epoll-4.0.39.Final-linux-x86_64.jar, /home/andres/.ivy2/cache/com.typesafe.play/play-logback_2.11/jars/play-logback_2.11-2.5.6.jar, /home/andres/.ivy2/cache/ch.qos.logback/logback-classic/jars/logback-classic-1.1.7.jar, /home/andres/.ivy2/cache/ch.qos.logback/logback-core/jars/logback-core-1.1.7.jar, /home/andres/.ivy2/cache/com.typesafe.play/play-cache_2.11/jars/play-cache_2.11-2.5.6.jar, /home/andres/.ivy2/cache/net.sf.ehcache/ehcache-core/jars/ehcache-core-2.6.11.jar, /home/andres/.ivy2/cache/com.typesafe.play/play-java-ws_2.11/jars/play-java-ws_2.11-2.5.6.jar, /home/andres/.ivy2/cache/com.typesafe.play/play-ws_2.11/jars/play-ws_2.11-2.5.6.jar, /home/andres/.ivy2/cache/org.asynchttpclient/async-http-client/jars/async-http-client-2.0.11.jar, /home/andres/.ivy2/cache/org.asynchttpclient/netty-resolver-dns/jars/netty-resolver-dns-2.0.11.jar, /home/andres/.ivy2/cache/org.asynchttpclient/netty-resolver/jars/netty-resolver-2.0.11.jar, /home/andres/.ivy2/cache/org.asynchttpclient/netty-codec-dns/jars/netty-codec-dns-2.0.11.jar, /home/andres/.ivy2/cache/org.javassist/javassist/bundles/javassist-3.20.0-GA.jar, /home/andres/.ivy2/cache/oauth.signpost/signpost-core/jars/signpost-core-1.2.1.2.jar, /home/andres/.ivy2/cache/oauth.signpost/signpost-commonshttp4/jars/signpost-commonshttp4-1.2.1.2.jar, /home/andres/.ivy2/cache/org.apache.httpcomponents/httpcore/jars/httpcore-4.0.1.jar, /home/andres/.ivy2/cache/org.apache.httpcomponents/httpclient/jars/httpclient-4.0.1.jar, /home/andres/.ivy2/cache/commons-logging/commons-logging/jars/commons-logging-1.1.1.jar, /home/andres/.ivy2/cache/com.typesafe.play/play-java-jpa_2.11/jars/play-java-jpa_2.11-2.5.6.jar, /home/andres/.ivy2/cache/org.hibernate.javax.persistence/hibernate-jpa-2.1-api/jars/hibernate-jpa-2.1-api-1.0.0.Final.jar, /home/andres/.ivy2/cache/org.hibernate/hibernate-entitymanager/jars/hibernate-entitymanager-5.1.0.Final.jar, /home/andres/.ivy2/cache/org.jboss.logging/jboss-logging/jars/jboss-logging-3.3.0.Final.jar, /home/andres/.ivy2/cache/org.hibernate/hibernate-core/jars/hibernate-core-5.1.0.Final.jar, /home/andres/.ivy2/cache/antlr/antlr/jars/antlr-2.7.7.jar, /home/andres/.ivy2/cache/org.apache.geronimo.specs/geronimo-jta_1.1_spec/jars/geronimo-jta_1.1_spec-1.1.1.jar, /home/andres/.ivy2/cache/org.jboss/jandex/bundles/jandex-2.0.0.Final.jar, /home/andres/.ivy2/cache/com.fasterxml/classmate/bundles/classmate-1.3.0.jar, /home/andres/.ivy2/cache/dom4j/dom4j/jars/dom4j-1.6.1.jar, /home/andres/.ivy2/cache/org.hibernate.common/hibernate-commons-annotations/jars/hibernate-commons-annotations-5.0.1.Final.jar, /home/andres/.ivy2/cache/com.typesafe.play/filters-helpers_2.11/jars/filters-helpers_2.11-2.5.6.jar, /home/andres/.ivy2/cache/org.postgresql/postgresql/jars/postgresql-9.4-1206-jdbc42.jar, /home/andres/.ivy2/cache/com.google.code.gson/gson/jars/gson-2.7.jar),List((public/,/home/andres/Instalaciones/BiciPlay5/target/web/public/main)),List(/home/andres/.ivy2/cache/com.typesafe.play/play-omnidoc_2.11/jars/play-omnidoc_2.11-2.5.6.jar, /home/andres/.ivy2/cache/org.scala-lang/scala-library/jars/scala-library-2.11.7.jar, /home/andres/.ivy2/cache/com.typesafe.play/play-docs_2.11/jars/play-docs_2.11-2.5.6.jar, /home/andres/.ivy2/cache/com.typesafe.play/play-netty-server_2.11/jars/play-netty-server_2.11-2.5.6.jar, /home/andres/.ivy2/cache/com.typesafe.play/play-server_2.11/jars/play-server_2.11-2.5.6.jar, /home/andres/.ivy2/cache/com.typesafe.play/play_2.11/jars/play_2.11-2.5.6.jar, /home/andres/.ivy2/cache/com.typesafe.play/build-link/jars/build-link-2.5.6.jar, /home/andres/.ivy2/cache/com.typesafe.play/play-exceptions/jars/play-exceptions-2.5.6.jar, /home/andres/.ivy2/cache/com.typesafe.play/play-iteratees_2.11/jars/play-iteratees_2.11-2.5.6.jar, /home/andres/.ivy2/cache/org.scala-stm/scala-stm_2.11/jars/scala-stm_2.11-0.7.jar, /home/andres/.ivy2/cache/com.typesafe/config/bundles/config-1.3.0.jar, /home/andres/.ivy2/cache/com.typesafe.play/play-json_2.11/jars/play-json_2.11-2.5.6.jar, /home/andres/.ivy2/cache/com.typesafe.play/play-functional_2.11/jars/play-functional_2.11-2.5.6.jar, /home/andres/.ivy2/cache/com.typesafe.play/play-datacommons_2.11/jars/play-datacommons_2.11-2.5.6.jar, /home/andres/.ivy2/cache/joda-time/joda-time/jars/joda-time-2.9.4.jar, /home/andres/.ivy2/cache/org.joda/joda-convert/jars/joda-convert-1.8.1.jar, /home/andres/.ivy2/cache/org.scala-lang/scala-reflect/jars/scala-reflect-2.11.7.jar, /home/andres/.ivy2/cache/com.fasterxml.jackson.core/jackson-core/bundles/jackson-core-2.7.6.jar, /home/andres/.ivy2/cache/com.fasterxml.jackson.core/jackson-annotations/bundles/jackson-annotations-2.7.6.jar, /home/andres/.ivy2/cache/com.fasterxml.jackson.core/jackson-databind/bundles/jackson-databind-2.7.6.jar, /home/andres/.ivy2/cache/com.fasterxml.jackson.datatype/jackson-datatype-jdk8/bundles/jackson-datatype-jdk8-2.7.6.jar, /home/andres/.ivy2/cache/com.fasterxml.jackson.datatype/jackson-datatype-jsr310/bundles/jackson-datatype-jsr310-2.7.6.jar, /home/andres/.ivy2/cache/com.typesafe.play/play-netty-utils/jars/play-netty-utils-2.5.6.jar, /home/andres/.ivy2/cache/org.slf4j/slf4j-api/jars/slf4j-api-1.7.21.jar, /home/andres/.ivy2/cache/org.slf4j/jul-to-slf4j/jars/jul-to-slf4j-1.7.21.jar, /home/andres/.ivy2/cache/org.slf4j/jcl-over-slf4j/jars/jcl-over-slf4j-1.7.21.jar, /home/andres/.ivy2/cache/com.typesafe.play/play-streams_2.11/jars/play-streams_2.11-2.5.6.jar, /home/andres/.ivy2/cache/org.reactivestreams/reactive-streams/jars/reactive-streams-1.0.0.jar, /home/andres/.ivy2/cache/com.typesafe.akka/akka-stream_2.11/jars/akka-stream_2.11-2.4.9.jar, /home/andres/.ivy2/cache/com.typesafe.akka/akka-actor_2.11/jars/akka-actor_2.11-2.4.9.jar, /home/andres/.ivy2/cache/org.scala-lang.modules/scala-java8-compat_2.11/bundles/scala-java8-compat_2.11-0.7.0.jar, /home/andres/.ivy2/cache/com.typesafe/ssl-config-akka_2.11/bundles/ssl-config-akka_2.11-0.2.1.jar, /home/andres/.ivy2/cache/com.typesafe/ssl-config-core_2.11/bundles/ssl-config-core_2.11-0.2.1.jar, /home/andres/.ivy2/cache/org.scala-lang.modules/scala-parser-combinators_2.11/bundles/scala-parser-combinators_2.11-1.0.4.jar, /home/andres/.ivy2/cache/com.typesafe.play/twirl-api_2.11/jars/twirl-api_2.11-1.1.1.jar, /home/andres/.ivy2/cache/org.apache.commons/commons-lang3/jars/commons-lang3-3.4.jar, /home/andres/.ivy2/cache/org.scala-lang.modules/scala-xml_2.11/bundles/scala-xml_2.11-1.0.1.jar, /home/andres/.ivy2/cache/com.typesafe.akka/akka-slf4j_2.11/jars/akka-slf4j_2.11-2.4.9.jar, /home/andres/.ivy2/cache/commons-codec/commons-codec/jars/commons-codec-1.10.jar, /home/andres/.ivy2/cache/xerces/xercesImpl/jars/xercesImpl-2.11.0.jar, /home/andres/.ivy2/cache/xml-apis/xml-apis/jars/xml-apis-1.4.01.jar, /home/andres/.ivy2/cache/javax.transaction/jta/jars/jta-1.1.jar, /home/andres/.ivy2/cache/com.google.inject/guice/jars/guice-4.0.jar, /home/andres/.ivy2/cache/javax.inject/javax.inject/jars/javax.inject-1.jar, /home/andres/.ivy2/cache/aopalliance/aopalliance/jars/aopalliance-1.0.jar, /home/andres/.ivy2/cache/com.google.guava/guava/bundles/guava-16.0.1.jar, /home/andres/.ivy2/cache/com.google.inject.extensions/guice-assistedinject/jars/guice-assistedinject-4.0.jar, /home/andres/.ivy2/cache/com.typesafe.netty/netty-reactive-streams-http/jars/netty-reactive-streams-http-1.0.7.jar, /home/andres/.ivy2/cache/com.typesafe.netty/netty-reactive-streams/jars/netty-reactive-streams-1.0.7.jar, /home/andres/.ivy2/cache/io.netty/netty-handler/jars/netty-handler-4.0.39.Final.jar, /home/andres/.ivy2/cache/io.netty/netty-buffer/jars/netty-buffer-4.0.39.Final.jar, /home/andres/.ivy2/cache/io.netty/netty-common/jars/netty-common-4.0.39.Final.jar, /home/andres/.ivy2/cache/io.netty/netty-transport/jars/netty-transport-4.0.39.Final.jar, /home/andres/.ivy2/cache/io.netty/netty-codec/jars/netty-codec-4.0.39.Final.jar, /home/andres/.ivy2/cache/io.netty/netty-codec-http/jars/netty-codec-http-4.0.39.Final.jar, /home/andres/.ivy2/cache/io.netty/netty-transport-native-epoll/jars/netty-transport-native-epoll-4.0.39.Final-linux-x86_64.jar, /home/andres/.ivy2/cache/com.typesafe.play/play-doc_2.11/jars/play-doc_2.11-1.2.2.jar, /home/andres/.ivy2/cache/org.pegdown/pegdown/jars/pegdown-1.4.0.jar, /home/andres/.ivy2/cache/org.parboiled/parboiled-java/bundles/parboiled-java-1.1.5.jar, /home/andres/.ivy2/cache/org.parboiled/parboiled-core/bundles/parboiled-core-1.1.5.jar, /home/andres/.ivy2/cache/org.ow2.asm/asm/jars/asm-4.1.jar, /home/andres/.ivy2/cache/org.ow2.asm/asm-tree/jars/asm-tree-4.1.jar, /home/andres/.ivy2/cache/org.ow2.asm/asm-analysis/jars/asm-analysis-4.1.jar, /home/andres/.ivy2/cache/org.ow2.asm/asm-util/jars/asm-util-4.1.jar, /home/andres/.ivy2/cache/commons-io/commons-io/jars/commons-io-2.4.jar),Some(/home/andres/.ivy2/cache/com.typesafe.play/play-omnidoc_2.11/jars/play-omnidoc_2.11-2.5.6.jar),List(),9000,0.0.0.0,DefaultWatchService,List(/home/andres/Instalaciones/BiciPlay5/public, /home/andres/Instalaciones/BiciPlay5/conf, /home/andres/Instalaciones/BiciPlay5/app),/home/andres/Instalaciones/BiciPlay5/target,500,root/playForkNotifyStart,root/playForkReload,300000,play.core.server.DevServerStart),scala.pickling.PicklerUnpickler$DelegatingPicklerUnpickler@d400c46),ForkConfig(/home/andres/Instalaciones/BiciPlay5,List(-Djna.nosys=true),List(/home/andres/.ivy2/cache/org.scala-lang/scala-library/jars/scala-library-2.11.7.jar, /home/andres/.ivy2/cache/com.typesafe.play/play-enhancer/jars/play-enhancer-1.1.0.jar, /home/andres/.ivy2/cache/com.typesafe.play/twirl-api_2.11/jars/twirl-api_2.11-1.1.1.jar, /home/andres/.ivy2/cache/org.apache.commons/commons-lang3/jars/commons-lang3-3.4.jar, /home/andres/.ivy2/cache/org.scala-lang.modules/scala-xml_2.11/bundles/scala-xml_2.11-1.0.1.jar, /home/andres/.ivy2/cache/com.typesafe.play/play-ebean_2.11/jars/play-ebean_2.11-3.0.0.jar, /home/andres/.ivy2/cache/com.typesafe.play/play-java-jdbc_2.11/jars/play-java-jdbc_2.11-2.5.6.jar, /home/andres/.ivy2/cache/com.typesafe.play/play-jdbc_2.11/jars/play-jdbc_2.11-2.5.6.jar, /home/andres/.ivy2/cache/com.typesafe.play/play-jdbc-api_2.11/jars/play-jdbc-api_2.11-2.5.6.jar, /home/andres/.ivy2/cache/com.typesafe.play/play_2.11/jars/play_2.11-2.5.6.jar, /home/andres/.ivy2/cache/com.typesafe.play/build-link/jars/build-link-2.5.6.jar, /home/andres/.ivy2/cache/com.typesafe.play/play-exceptions/jars/play-exceptions-2.5.6.jar, /home/andres/.ivy2/cache/com.typesafe.play/play-iteratees_2.11/jars/play-iteratees_2.11-2.5.6.jar, /home/andres/.ivy2/cache/org.scala-stm/scala-stm_2.11/jars/scala-stm_2.11-0.7.jar, /home/andres/.ivy2/cache/com.typesafe/config/bundles/config-1.3.0.jar, /home/andres/.ivy2/cache/com.typesafe.play/play-json_2.11/jars/play-json_2.11-2.5.6.jar, /home/andres/.ivy2/cache/com.typesafe.play/play-functional_2.11/jars/play-functional_2.11-2.5.6.jar, /home/andres/.ivy2/cache/com.typesafe.play/play-datacommons_2.11/jars/play-datacommons_2.11-2.5.6.jar, /home/andres/.ivy2/cache/joda-time/joda-time/jars/joda-time-2.9.4.jar, /home/andres/.ivy2/cache/org.joda/joda-convert/jars/joda-convert-1.8.1.jar, /home/andres/.ivy2/cache/org.scala-lang/scala-reflect/jars/scala-reflect-2.11.7.jar, /home/andres/.ivy2/cache/com.fasterxml.jackson.core/jackson-core/bundles/jackson-core-2.7.6.jar, /home/andres/.ivy2/cache/com.fasterxml.jackson.core/jackson-annotations/bundles/jackson-annotations-2.7.6.jar, /home/andres/.ivy2/cache/com.fasterxml.jackson.core/jackson-databind/bundles/jackson-databind-2.7.6.jar, /home/andres/.ivy2/cache/com.fasterxml.jackson.datatype/jackson-datatype-jdk8/bundles/jackson-datatype-jdk8-2.7.6.jar, /home/andres/.ivy2/cache/com.fasterxml.jackson.datatype/jackson-datatype-jsr310/bundles/jackson-datatype-jsr310-2.7.6.jar, /home/andres/.ivy2/cache/com.typesafe.play/play-netty-utils/jars/play-netty-utils-2.5.6.jar, /home/andres/.ivy2/cache/org.slf4j/slf4j-api/jars/slf4j-api-1.7.21.jar, /home/andres/.ivy2/cache/org.slf4j/jul-to-slf4j/jars/jul-to-slf4j-1.7.21.jar, /home/andres/.ivy2/cache/org.slf4j/jcl-over-slf4j/jars/jcl-over-slf4j-1.7.21.jar, /home/andres/.ivy2/cache/com.typesafe.play/play-streams_2.11/jars/play-streams_2.11-2.5.6.jar, /home/andres/.ivy2/cache/org.reactivestreams/reactive-streams/jars/reactive-streams-1.0.0.jar, /home/andres/.ivy2/cache/com.typesafe.akka/akka-stream_2.11/jars/akka-stream_2.11-2.4.9.jar, /home/andres/.ivy2/cache/com.typesafe.akka/akka-actor_2.11/jars/akka-actor_2.11-2.4.9.jar, /home/andres/.ivy2/cache/org.scala-lang.modules/scala-java8-compat_2.11/bundles/scala-java8-compat_2.11-0.7.0.jar, /home/andres/.ivy2/cache/com.typesafe/ssl-config-akka_2.11/bundles/ssl-config-akka_2.11-0.2.1.jar, /home/andres/.ivy2/cache/com.typesafe/ssl-config-core_2.11/bundles/ssl-config-core_2.11-0.2.1.jar, /home/andres/.ivy2/cache/org.scala-lang.modules/scala-parser-combinators_2.11/bundles/scala-parser-combinators_2.11-1.0.4.jar, /home/andres/.ivy2/cache/com.typesafe.akka/akka-slf4j_2.11/jars/akka-slf4j_2.11-2.4.9.jar, /home/andres/.ivy2/cache/commons-codec/commons-codec/jars/commons-codec-1.10.jar, /home/andres/.ivy2/cache/xerces/xercesImpl/jars/xercesImpl-2.11.0.jar, /home/andres/.ivy2/cache/xml-apis/xml-apis/jars/xml-apis-1.4.01.jar, /home/andres/.ivy2/cache/javax.transaction/jta/jars/jta-1.1.jar, /home/andres/.ivy2/cache/com.google.inject/guice/jars/guice-4.0.jar, /home/andres/.ivy2/cache/javax.inject/javax.inject/jars/javax.inject-1.jar, /home/andres/.ivy2/cache/aopalliance/aopalliance/jars/aopalliance-1.0.jar, /home/andres/.ivy2/cache/com.google.inject.extensions/guice-assistedinject/jars/guice-assistedinject-4.0.jar, /home/andres/.ivy2/cache/com.jolbox/bonecp/bundles/bonecp-0.8.0.RELEASE.jar, /home/andres/.ivy2/cache/com.zaxxer/HikariCP/bundles/HikariCP-2.4.7.jar, /home/andres/.ivy2/cache/com.googlecode.usc/jdbcdslog/jars/jdbcdslog-1.0.6.2.jar, /home/andres/.ivy2/cache/com.h2database/h2/jars/h2-1.4.192.jar, /home/andres/.ivy2/cache/tyrex/tyrex/jars/tyrex-1.0.1.jar, /home/andres/.ivy2/cache/com.typesafe.play/play-java_2.11/jars/play-java_2.11-2.5.6.jar, /home/andres/.ivy2/cache/org.yaml/snakeyaml/bundles/snakeyaml-1.16.jar, /home/andres/.ivy2/cache/org.hibernate/hibernate-validator/jars/hibernate-validator-5.2.4.Final.jar, /home/andres/.ivy2/cache/javax.validation/validation-api/jars/validation-api-1.1.0.Final.jar, /home/andres/.ivy2/cache/javax.el/javax.el-api/jars/javax.el-api-3.0.0.jar, /home/andres/.ivy2/cache/org.springframework/spring-context/jars/spring-context-4.2.7.RELEASE.jar, /home/andres/.ivy2/cache/org.springframework/spring-core/jars/spring-core-4.2.7.RELEASE.jar, /home/andres/.ivy2/cache/org.springframework/spring-beans/jars/spring-beans-4.2.7.RELEASE.jar, /home/andres/.ivy2/cache/org.reflections/reflections/jars/reflections-0.9.10.jar, /home/andres/.ivy2/cache/com.google.guava/guava/bundles/guava-19.0.jar, /home/andres/.ivy2/cache/net.jodah/typetools/bundles/typetools-0.4.4.jar, /home/andres/.ivy2/cache/com.google.code.findbugs/jsr305/jars/jsr305-3.0.1.jar, /home/andres/.ivy2/cache/org.apache.tomcat/tomcat-servlet-api/jars/tomcat-servlet-api-8.0.33.jar, /home/andres/.ivy2/cache/com.typesafe.play/play-jdbc-evolutions_2.11/jars/play-jdbc-evolutions_2.11-2.5.0.jar, /home/andres/.ivy2/cache/org.avaje.ebeanorm/avaje-ebeanorm/jars/avaje-ebeanorm-6.18.1.jar, /home/andres/.ivy2/cache/org.jetbrains/annotations/jars/annotations-13.0.jar, /home/andres/.ivy2/cache/javax.persistence/persistence-api/jars/persistence-api-1.0.jar, /home/andres/.ivy2/cache/org.avaje.ebeanorm/avaje-ebeanorm-agent/jars/avaje-ebeanorm-agent-4.9.1.jar, /home/andres/.ivy2/cache/com.typesafe.play/play-server_2.11/jars/play-server_2.11-2.5.6.jar, /home/andres/.ivy2/cache/com.typesafe.play/play-netty-server_2.11/jars/play-netty-server_2.11-2.5.6.jar, /home/andres/.ivy2/cache/com.typesafe.netty/netty-reactive-streams-http/jars/netty-reactive-streams-http-1.0.7.jar, /home/andres/.ivy2/cache/com.typesafe.netty/netty-reactive-streams/jars/netty-reactive-streams-1.0.7.jar, /home/andres/.ivy2/cache/io.netty/netty-handler/jars/netty-handler-4.0.39.Final.jar, /home/andres/.ivy2/cache/io.netty/netty-buffer/jars/netty-buffer-4.0.39.Final.jar, /home/andres/.ivy2/cache/io.netty/netty-common/jars/netty-common-4.0.39.Final.jar, /home/andres/.ivy2/cache/io.netty/netty-transport/jars/netty-transport-4.0.39.Final.jar, /home/andres/.ivy2/cache/io.netty/netty-codec/jars/netty-codec-4.0.39.Final.jar, /home/andres/.ivy2/cache/io.netty/netty-codec-http/jars/netty-codec-http-4.0.39.Final.jar, /home/andres/.ivy2/cache/io.netty/netty-transport-native-epoll/jars/netty-transport-native-epoll-4.0.39.Final-linux-x86_64.jar, /home/andres/.ivy2/cache/com.typesafe.play/play-logback_2.11/jars/play-logback_2.11-2.5.6.jar, /home/andres/.ivy2/cache/ch.qos.logback/logback-classic/jars/logback-classic-1.1.7.jar, /home/andres/.ivy2/cache/ch.qos.logback/logback-core/jars/logback-core-1.1.7.jar, /home/andres/.ivy2/cache/com.typesafe.play/play-cache_2.11/jars/play-cache_2.11-2.5.6.jar, /home/andres/.ivy2/cache/net.sf.ehcache/ehcache-core/jars/ehcache-core-2.6.11.jar, /home/andres/.ivy2/cache/com.typesafe.play/play-java-ws_2.11/jars/play-java-ws_2.11-2.5.6.jar, /home/andres/.ivy2/cache/com.typesafe.play/play-ws_2.11/jars/play-ws_2.11-2.5.6.jar, /home/andres/.ivy2/cache/org.asynchttpclient/async-http-client/jars/async-http-client-2.0.11.jar, /home/andres/.ivy2/cache/org.asynchttpclient/netty-resolver-dns/jars/netty-resolver-dns-2.0.11.jar, /home/andres/.ivy2/cache/org.asynchttpclient/netty-resolver/jars/netty-resolver-2.0.11.jar, /home/andres/.ivy2/cache/org.asynchttpclient/netty-codec-dns/jars/netty-codec-dns-2.0.11.jar, /home/andres/.ivy2/cache/org.javassist/javassist/bundles/javassist-3.20.0-GA.jar, /home/andres/.ivy2/cache/oauth.signpost/signpost-core/jars/signpost-core-1.2.1.2.jar, /home/andres/.ivy2/cache/oauth.signpost/signpost-commonshttp4/jars/signpost-commonshttp4-1.2.1.2.jar, /home/andres/.ivy2/cache/org.apache.httpcomponents/httpcore/jars/httpcore-4.0.1.jar, /home/andres/.ivy2/cache/org.apache.httpcomponents/httpclient/jars/httpclient-4.0.1.jar, /home/andres/.ivy2/cache/commons-logging/commons-logging/jars/commons-logging-1.1.1.jar, /home/andres/.ivy2/cache/com.typesafe.play/play-java-jpa_2.11/jars/play-java-jpa_2.11-2.5.6.jar, /home/andres/.ivy2/cache/org.hibernate.javax.persistence/hibernate-jpa-2.1-api/jars/hibernate-jpa-2.1-api-1.0.0.Final.jar, /home/andres/.ivy2/cache/org.hibernate/hibernate-entitymanager/jars/hibernate-entitymanager-5.1.0.Final.jar, /home/andres/.ivy2/cache/org.jboss.logging/jboss-logging/jars/jboss-logging-3.3.0.Final.jar, /home/andres/.ivy2/cache/org.hibernate/hibernate-core/jars/hibernate-core-5.1.0.Final.jar, /home/andres/.ivy2/cache/antlr/antlr/jars/antlr-2.7.7.jar, /home/andres/.ivy2/cache/org.apache.geronimo.specs/geronimo-jta_1.1_spec/jars/geronimo-jta_1.1_spec-1.1.1.jar, /home/andres/.ivy2/cache/org.jboss/jandex/bundles/jandex-2.0.0.Final.jar, /home/andres/.ivy2/cache/com.fasterxml/classmate/bundles/classmate-1.3.0.jar, /home/andres/.ivy2/cache/dom4j/dom4j/jars/dom4j-1.6.1.jar, /home/andres/.ivy2/cache/org.hibernate.common/hibernate-commons-annotations/jars/hibernate-commons-annotations-5.0.1.Final.jar, /home/andres/.ivy2/cache/com.typesafe.play/filters-helpers_2.11/jars/filters-helpers_2.11-2.5.6.jar, /home/andres/.ivy2/cache/org.postgresql/postgresql/jars/postgresql-9.4-1206-jdbc42.jar, /home/andres/.ivy2/cache/com.google.code.gson/gson/jars/gson-2.7.jar),List((public/,/home/andres/Instalaciones/BiciPlay5/target/web/public/main)),List(/home/andres/.ivy2/cache/com.typesafe.play/play-omnidoc_2.11/jars/play-omnidoc_2.11-2.5.6.jar, /home/andres/.ivy2/cache/org.scala-lang/scala-library/jars/scala-library-2.11.7.jar, /home/andres/.ivy2/cache/com.typesafe.play/play-docs_2.11/jars/play-docs_2.11-2.5.6.jar, /home/andres/.ivy2/cache/com.typesafe.play/play-netty-server_2.11/jars/play-netty-server_2.11-2.5.6.jar, /home/andres/.ivy2/cache/com.typesafe.play/play-server_2.11/jars/play-server_2.11-2.5.6.jar, /home/andres/.ivy2/cache/com.typesafe.play/play_2.11/jars/play_2.11-2.5.6.jar, /home/andres/.ivy2/cache/com.typesafe.play/build-link/jars/build-link-2.5.6.jar, /home/andres/.ivy2/cache/com.typesafe.play/play-exceptions/jars/play-exceptions-2.5.6.jar, /home/andres/.ivy2/cache/com.typesafe.play/play-iteratees_2.11/jars/play-iteratees_2.11-2.5.6.jar, /home/andres/.ivy2/cache/org.scala-stm/scala-stm_2.11/jars/scala-stm_2.11-0.7.jar, /home/andres/.ivy2/cache/com.typesafe/config/bundles/config-1.3.0.jar, /home/andres/.ivy2/cache/com.typesafe.play/play-json_2.11/jars/play-json_2.11-2.5.6.jar, /home/andres/.ivy2/cache/com.typesafe.play/play-functional_2.11/jars/play-functional_2.11-2.5.6.jar, /home/andres/.ivy2/cache/com.typesafe.play/play-datacommons_2.11/jars/play-datacommons_2.11-2.5.6.jar, /home/andres/.ivy2/cache/joda-time/joda-time/jars/joda-time-2.9.4.jar, /home/andres/.ivy2/cache/org.joda/joda-convert/jars/joda-convert-1.8.1.jar, /home/andres/.ivy2/cache/org.scala-lang/scala-reflect/jars/scala-reflect-2.11.7.jar, /home/andres/.ivy2/cache/com.fasterxml.jackson.core/jackson-core/bundles/jackson-core-2.7.6.jar, /home/andres/.ivy2/cache/com.fasterxml.jackson.core/jackson-annotations/bundles/jackson-annotations-2.7.6.jar, /home/andres/.ivy2/cache/com.fasterxml.jackson.core/jackson-databind/bundles/jackson-databind-2.7.6.jar, /home/andres/.ivy2/cache/com.fasterxml.jackson.datatype/jackson-datatype-jdk8/bundles/jackson-datatype-jdk8-2.7.6.jar, /home/andres/.ivy2/cache/com.fasterxml.jackson.datatype/jackson-datatype-jsr310/bundles/jackson-datatype-jsr310-2.7.6.jar, /home/andres/.ivy2/cache/com.typesafe.play/play-netty-utils/jars/play-netty-utils-2.5.6.jar, /home/andres/.ivy2/cache/org.slf4j/slf4j-api/jars/slf4j-api-1.7.21.jar, /home/andres/.ivy2/cache/org.slf4j/jul-to-slf4j/jars/jul-to-slf4j-1.7.21.jar, /home/andres/.ivy2/cache/org.slf4j/jcl-over-slf4j/jars/jcl-over-slf4j-1.7.21.jar, /home/andres/.ivy2/cache/com.typesafe.play/play-streams_2.11/jars/play-streams_2.11-2.5.6.jar, /home/andres/.ivy2/cache/org.reactivestreams/reactive-streams/jars/reactive-streams-1.0.0.jar, /home/andres/.ivy2/cache/com.typesafe.akka/akka-stream_2.11/jars/akka-stream_2.11-2.4.9.jar, /home/andres/.ivy2/cache/com.typesafe.akka/akka-actor_2.11/jars/akka-actor_2.11-2.4.9.jar, /home/andres/.ivy2/cache/org.scala-lang.modules/scala-java8-compat_2.11/bundles/scala-java8-compat_2.11-0.7.0.jar, /home/andres/.ivy2/cache/com.typesafe/ssl-config-akka_2.11/bundles/ssl-config-akka_2.11-0.2.1.jar, /home/andres/.ivy2/cache/com.typesafe/ssl-config-core_2.11/bundles/ssl-config-core_2.11-0.2.1.jar, /home/andres/.ivy2/cache/org.scala-lang.modules/scala-parser-combinators_2.11/bundles/scala-parser-combinators_2.11-1.0.4.jar, /home/andres/.ivy2/cache/com.typesafe.play/twirl-api_2.11/jars/twirl-api_2.11-1.1.1.jar, /home/andres/.ivy2/cache/org.apache.commons/commons-lang3/jars/commons-lang3-3.4.jar, /home/andres/.ivy2/cache/org.scala-lang.modules/scala-xml_2.11/bundles/scala-xml_2.11-1.0.1.jar, /home/andres/.ivy2/cache/com.typesafe.akka/akka-slf4j_2.11/jars/akka-slf4j_2.11-2.4.9.jar, /home/andres/.ivy2/cache/commons-codec/commons-codec/jars/commons-codec-1.10.jar, /home/andres/.ivy2/cache/xerces/xercesImpl/jars/xercesImpl-2.11.0.jar, /home/andres/.ivy2/cache/xml-apis/xml-apis/jars/xml-apis-1.4.01.jar, /home/andres/.ivy2/cache/javax.transaction/jta/jars/jta-1.1.jar, /home/andres/.ivy2/cache/com.google.inject/guice/jars/guice-4.0.jar, /home/andres/.ivy2/cache/javax.inject/javax.inject/jars/javax.inject-1.jar, /home/andres/.ivy2/cache/aopalliance/aopalliance/jars/aopalliance-1.0.jar, /home/andres/.ivy2/cache/com.google.guava/guava/bundles/guava-16.0.1.jar, /home/andres/.ivy2/cache/com.google.inject.extensions/guice-assistedinject/jars/guice-assistedinject-4.0.jar, /home/andres/.ivy2/cache/com.typesafe.netty/netty-reactive-streams-http/jars/netty-reactive-streams-http-1.0.7.jar, /home/andres/.ivy2/cache/com.typesafe.netty/netty-reactive-streams/jars/netty-reactive-streams-1.0.7.jar, /home/andres/.ivy2/cache/io.netty/netty-handler/jars/netty-handler-4.0.39.Final.jar, /home/andres/.ivy2/cache/io.netty/netty-buffer/jars/netty-buffer-4.0.39.Final.jar, /home/andres/.ivy2/cache/io.netty/netty-common/jars/netty-common-4.0.39.Final.jar, /home/andres/.ivy2/cache/io.netty/netty-transport/jars/netty-transport-4.0.39.Final.jar, /home/andres/.ivy2/cache/io.netty/netty-codec/jars/netty-codec-4.0.39.Final.jar, /home/andres/.ivy2/cache/io.netty/netty-codec-http/jars/netty-codec-http-4.0.39.Final.jar, /home/andres/.ivy2/cache/io.netty/netty-transport-native-epoll/jars/netty-transport-native-epoll-4.0.39.Final-linux-x86_64.jar, /home/andres/.ivy2/cache/com.typesafe.play/play-doc_2.11/jars/play-doc_2.11-1.2.2.jar, /home/andres/.ivy2/cache/org.pegdown/pegdown/jars/pegdown-1.4.0.jar, /home/andres/.ivy2/cache/org.parboiled/parboiled-java/bundles/parboiled-java-1.1.5.jar, /home/andres/.ivy2/cache/org.parboiled/parboiled-core/bundles/parboiled-core-1.1.5.jar, /home/andres/.ivy2/cache/org.ow2.asm/asm/jars/asm-4.1.jar, /home/andres/.ivy2/cache/org.ow2.asm/asm-tree/jars/asm-tree-4.1.jar, /home/andres/.ivy2/cache/org.ow2.asm/asm-analysis/jars/asm-analysis-4.1.jar, /home/andres/.ivy2/cache/org.ow2.asm/asm-util/jars/asm-util-4.1.jar, /home/andres/.ivy2/cache/commons-io/commons-io/jars/commons-io-2.4.jar),Some(/home/andres/.ivy2/cache/com.typesafe.play/play-omnidoc_2.11/jars/play-omnidoc_2.11-2.5.6.jar),List(),9000,0.0.0.0,DefaultWatchService,List(/home/andres/Instalaciones/BiciPlay5/public, /home/andres/Instalaciones/BiciPlay5/conf, /home/andres/Instalaciones/BiciPlay5/app),/home/andres/Instalaciones/BiciPlay5/target,500,root/playForkNotifyStart,root/playForkReload,300000,play.core.server.DevServerStart))))
Sending msg to client play-fork-run-854abb42-d5a0-408b-b244-af8f24fda2f8: TaskStarted(154,21909,None)
Sending msg to client play-fork-run-854abb42-d5a0-408b-b244-af8f24fda2f8: TaskFinished(154,21909,None,true,None)
Sending msg to client play-fork-run-854abb42-d5a0-408b-b244-af8f24fda2f8: TaskStarted(154,21908,None)
Sending msg to client play-fork-run-854abb42-d5a0-408b-b244-af8f24fda2f8: TaskFinished(154,21908,None,true,None)
Sending msg to client play-fork-run-854abb42-d5a0-408b-b244-af8f24fda2f8: DetachedLogEvent(LogMessage(debug,cancel strategy finish enabled=false lastCommand=Some(LastCommand(CommandExecutionWork(ExecutionId(154),{file:/home/andres/Instalaciones/BiciPlay5/}root/*:playForkConfig,Set(LiveClient(play-fork-run 854abb42-d5a0-408b-b244-af8f24fda2f8)),sbt.server.WorkCancellationStatus$$anon$1@3fb3e2af)))))
Sending msg to client play-fork-run-854abb42-d5a0-408b-b244-af8f24fda2f8: DetachedLogEvent(LogSuccess(Total time: 0 s, completed 2/10/2016 07:57:44 AM))
Sending msg to client play-fork-run-854abb42-d5a0-408b-b244-af8f24fda2f8: DetachedLogEvent(LogMessage(debug,> server-post-command-cleanup))
Sending msg to client play-fork-run-854abb42-d5a0-408b-b244-af8f24fda2f8: BackgroundJobLogEvent(22,LogMessage(error,Failed: Total 3, Failed 2, Errors 0, Passed 1))
Sending msg to client play-fork-run-854abb42-d5a0-408b-b244-af8f24fda2f8: BackgroundJobLogEvent(22,LogMessage(error,Failed tests:))
Sending msg to client play-fork-run-854abb42-d5a0-408b-b244-af8f24fda2f8: BackgroundJobLogEvent(22,LogMessage(error,	ApplicationTest))
Sending msg to client play-fork-run-854abb42-d5a0-408b-b244-af8f24fda2f8: ExecutionSuccess(154)
Sending msg to client play-fork-run-854abb42-d5a0-408b-b244-af8f24fda2f8: BackgroundJobLogEvent(22,LogMessage(error,	IntegrationTest))
Sending msg to client play-fork-run-854abb42-d5a0-408b-b244-af8f24fda2f8: DetachedLogEvent(LogMessage(debug,> server-handle-next-server-request))
Sending msg to client play-fork-run-854abb42-d5a0-408b-b244-af8f24fda2f8: BackgroundJobLogEvent(22,LogMessage(info,))
Sending msg to client play-fork-run-854abb42-d5a0-408b-b244-af8f24fda2f8: BackgroundJobLogEvent(22,LogMessage(info,[35m--- (Running the application, auto-reloading is enabled) ---[0m))
Sending msg to client play-fork-run-854abb42-d5a0-408b-b244-af8f24fda2f8: BackgroundJobLogEvent(22,LogMessage(info,))
Sending msg to client play-fork-run-854abb42-d5a0-408b-b244-af8f24fda2f8: BackgroundJobLogEvent(22,LogMessage(info,p.c.s.NettyServer - Listening for HTTP on /0:0:0:0:0:0:0:0:9000))
Sending msg to client play-fork-run-854abb42-d5a0-408b-b244-af8f24fda2f8: BackgroundJobLogEvent(22,LogMessage(info,))
Sending msg to client play-fork-run-854abb42-d5a0-408b-b244-af8f24fda2f8: BackgroundJobLogEvent(22,LogMessage(info,[32m(Server started, use Ctrl+D to stop and go back to the console...)[0m))
Sending msg to client play-fork-run-854abb42-d5a0-408b-b244-af8f24fda2f8: BackgroundJobLogEvent(22,LogMessage(info,))
Got request: ExecutionRequest(root/playForkNotifyStart http://localhost:9000)
Reading next message from client.
Sending msg to client play-fork-run-854abb42-d5a0-408b-b244-af8f24fda2f8: (8,ExecutionRequestReceived(155))
Sending msg to client play-fork-run-854abb42-d5a0-408b-b244-af8f24fda2f8: ExecutionWaiting(155,root/playForkNotifyStart http://localhost:9000,ClientInfo(854abb42-d5a0-408b-b244-af8f24fda2f8,play-fork-run,Play Fork Run,1,Vector()))
Sending msg to client play-fork-run-854abb42-d5a0-408b-b244-af8f24fda2f8: ExecutionStarting(155)
Sending msg to client play-fork-run-854abb42-d5a0-408b-b244-af8f24fda2f8: DetachedLogEvent(LogMessage(debug,> root/playForkNotifyStart http://localhost:9000))
Sending msg to client play-fork-run-854abb42-d5a0-408b-b244-af8f24fda2f8: DetachedLogEvent(LogMessage(debug,Evaluating tasks: *:playForkNotifyStart))
Sending msg to client play-fork-run-854abb42-d5a0-408b-b244-af8f24fda2f8: DetachedLogEvent(LogMessage(debug,Running task... Cancel: sbt.server.ServerTaskCancellation@39035d5a, check cycles: false))
Sending msg to client play-fork-run-854abb42-d5a0-408b-b244-af8f24fda2f8: DetachedLogEvent(LogMessage(debug,cancel strategy start enabled=true lastCommand=Some(LastCommand(CommandExecutionWork(ExecutionId(155),root/playForkNotifyStart http://localhost:9000,Set(LiveClient(play-fork-run 854abb42-d5a0-408b-b244-af8f24fda2f8)),sbt.server.WorkCancellationStatus$$anon$1@95510ba)))))
Sending msg to client play-fork-run-854abb42-d5a0-408b-b244-af8f24fda2f8: TaskStarted(155,21988,Some(AttributeKey[sbt.SendEventService]("sendEventService") in Scope(Global)))
Sending msg to client play-fork-run-854abb42-d5a0-408b-b244-af8f24fda2f8: TaskFinished(155,21988,Some(AttributeKey[sbt.SendEventService]("sendEventService") in Scope(Global)),true,None)
Sending msg to client play-fork-run-854abb42-d5a0-408b-b244-af8f24fda2f8: TaskStarted(155,21987,Some(AttributeKey[scala.Function1[java.lang.String,void]]("playForkStarted") in Scope(Build: file:/home/andres/Instalaciones/BiciPlay5/, , Project: ProjectReference(file:/home/andres/Instalaciones/BiciPlay5/,root))))
Sending msg to client play-fork-run-854abb42-d5a0-408b-b244-af8f24fda2f8: TaskFinished(155,21987,Some(AttributeKey[scala.Function1[java.lang.String,void]]("playForkStarted") in Scope(Build: file:/home/andres/Instalaciones/BiciPlay5/, , Project: ProjectReference(file:/home/andres/Instalaciones/BiciPlay5/,root))),true,None)
Sending msg to client play-fork-run-854abb42-d5a0-408b-b244-af8f24fda2f8: TaskStarted(155,21986,Some(AttributeKey[void]("playForkNotifyStart") in Scope(Build: file:/home/andres/Instalaciones/BiciPlay5/, , Project: ProjectReference(file:/home/andres/Instalaciones/BiciPlay5/,root))))
Sending msg to client play-fork-run-854abb42-d5a0-408b-b244-af8f24fda2f8: TaskEvent(21986,LazyValue(PlayServerStarted(http://localhost:9000),play.forkrun.protocol.Serializers$PlayForkrunProtocolPlayServerStartedPickler1$2$@35c8052c))
Sending msg to client play-fork-run-854abb42-d5a0-408b-b244-af8f24fda2f8: TaskFinished(155,21986,Some(AttributeKey[void]("playForkNotifyStart") in Scope(Build: file:/home/andres/Instalaciones/BiciPlay5/, , Project: ProjectReference(file:/home/andres/Instalaciones/BiciPlay5/,root))),true,None)
Sending msg to client play-fork-run-854abb42-d5a0-408b-b244-af8f24fda2f8: TaskStarted(155,21985,None)
Sending msg to client play-fork-run-854abb42-d5a0-408b-b244-af8f24fda2f8: TaskFinished(155,21985,None,true,None)
Sending msg to client play-fork-run-854abb42-d5a0-408b-b244-af8f24fda2f8: TaskStarted(155,21984,None)
Sending msg to client play-fork-run-854abb42-d5a0-408b-b244-af8f24fda2f8: TaskFinished(155,21984,None,true,None)
Sending msg to client play-fork-run-854abb42-d5a0-408b-b244-af8f24fda2f8: DetachedLogEvent(LogMessage(debug,cancel strategy finish enabled=false lastCommand=Some(LastCommand(CommandExecutionWork(ExecutionId(155),root/playForkNotifyStart http://localhost:9000,Set(LiveClient(play-fork-run 854abb42-d5a0-408b-b244-af8f24fda2f8)),sbt.server.WorkCancellationStatus$$anon$1@95510ba)))))
Sending msg to client play-fork-run-854abb42-d5a0-408b-b244-af8f24fda2f8: DetachedLogEvent(LogSuccess(Total time: 0 s, completed 2/10/2016 07:57:46 AM))
Sending msg to client play-fork-run-854abb42-d5a0-408b-b244-af8f24fda2f8: DetachedLogEvent(LogMessage(debug,> server-post-command-cleanup))
Sending msg to client play-fork-run-854abb42-d5a0-408b-b244-af8f24fda2f8: ExecutionSuccess(155)
Sending msg to client play-fork-run-854abb42-d5a0-408b-b244-af8f24fda2f8: DetachedLogEvent(LogMessage(debug,> server-handle-next-server-request))
Sending msg to client play-fork-run-854abb42-d5a0-408b-b244-af8f24fda2f8: ExecutionWaiting(156,jobStop 22,ClientInfo(34513b66-b931-4098-ad44-efcb4b07fa18,activator,Activator,3,Vector()))
Sending msg to client play-fork-run-854abb42-d5a0-408b-b244-af8f24fda2f8: ExecutionStarting(156)
Sending msg to client play-fork-run-854abb42-d5a0-408b-b244-af8f24fda2f8: DetachedLogEvent(LogMessage(debug,> jobStop 22))
Sending msg to client play-fork-run-854abb42-d5a0-408b-b244-af8f24fda2f8: DetachedLogEvent(LogMessage(debug,Evaluating tasks: *:jobStop))
Sending msg to client play-fork-run-854abb42-d5a0-408b-b244-af8f24fda2f8: DetachedLogEvent(LogMessage(debug,Running task... Cancel: sbt.server.ServerTaskCancellation@7d805366, check cycles: false))
Sending msg to client play-fork-run-854abb42-d5a0-408b-b244-af8f24fda2f8: DetachedLogEvent(LogMessage(debug,cancel strategy start enabled=true lastCommand=Some(LastCommand(CommandExecutionWork(ExecutionId(156),jobStop 22,Set(LiveClient(activator 34513b66-b931-4098-ad44-efcb4b07fa18)),sbt.server.WorkCancellationStatus$$anon$1@642380f9)))))
Sending msg to client play-fork-run-854abb42-d5a0-408b-b244-af8f24fda2f8: TaskStarted(156,21991,Some(AttributeKey[void]("jobStop") in Scope(Global)))
Sending msg to client play-fork-run-854abb42-d5a0-408b-b244-af8f24fda2f8: TaskFinished(156,21991,Some(AttributeKey[void]("jobStop") in Scope(Global)),true,None)
Sending msg to client play-fork-run-854abb42-d5a0-408b-b244-af8f24fda2f8: TaskStarted(156,21990,None)
Sending msg to client play-fork-run-854abb42-d5a0-408b-b244-af8f24fda2f8: BackgroundJobLogEvent(22,LogMessage(info,Stopping Play fork run ...))
Sending msg to client play-fork-run-854abb42-d5a0-408b-b244-af8f24fda2f8: TaskFinished(156,21990,None,true,None)
Sending msg to client play-fork-run-854abb42-d5a0-408b-b244-af8f24fda2f8: TaskStarted(156,21989,None)
Sending msg to client play-fork-run-854abb42-d5a0-408b-b244-af8f24fda2f8: TaskFinished(156,21989,None,true,None)
Sending msg to client play-fork-run-854abb42-d5a0-408b-b244-af8f24fda2f8: DetachedLogEvent(LogMessage(debug,cancel strategy finish enabled=false lastCommand=Some(LastCommand(CommandExecutionWork(ExecutionId(156),jobStop 22,Set(LiveClient(activator 34513b66-b931-4098-ad44-efcb4b07fa18)),sbt.server.WorkCancellationStatus$$anon$1@642380f9)))))
Sending msg to client play-fork-run-854abb42-d5a0-408b-b244-af8f24fda2f8: DetachedLogEvent(LogSuccess(Total time: 0 s, completed 2/10/2016 08:21:20 AM))
Sending msg to client play-fork-run-854abb42-d5a0-408b-b244-af8f24fda2f8: DetachedLogEvent(LogMessage(debug,> server-post-command-cleanup))
Sending msg to client play-fork-run-854abb42-d5a0-408b-b244-af8f24fda2f8: ExecutionSuccess(156)
Sending msg to client play-fork-run-854abb42-d5a0-408b-b244-af8f24fda2f8: DetachedLogEvent(LogMessage(debug,> server-handle-next-server-request))
Sending msg to client play-fork-run-854abb42-d5a0-408b-b244-af8f24fda2f8: BackgroundJobLogEvent(22,LogMessage(info,p.c.s.NettyServer - Stopping server...))
Got request: UnlistenToEvents()
Reading next message from client.
Sending msg to client play-fork-run-854abb42-d5a0-408b-b244-af8f24fda2f8: (9,ReceivedResponse())
Got request: UnlistenToValue(AttributeKey[play.forkrun.protocol.ForkConfig]("playForkConfig") in Scope(Build: file:/home/andres/Instalaciones/BiciPlay5/, , Project: ProjectReference(file:/home/andres/Instalaciones/BiciPlay5/,root)))
Reading next message from client.
Client play-fork-run-854abb42-d5a0-408b-b244-af8f24fda2f8 EOF, shutting down.
Stopping client.
Client play-fork-run-854abb42-d5a0-408b-b244-af8f24fda2f8 thread exiting.
Dropping message (10,ReceivedResponse()) to dead client play-fork-run-854abb42-d5a0-408b-b244-af8f24fda2f8
Dropping message (0,ReceivedResponse()) to dead client play-fork-run-854abb42-d5a0-408b-b244-af8f24fda2f8
