New log file opened at Tue Nov 29 12:24:25 COT 2016 by 42084@Joses-MBP-2.uniandes.edu.co
Sending msg to client play-fork-run-db963be1-12e8-41f2-85b3-9f7a6ed5b015: DetachedLogEvent(LogMessage(debug,sbt server socket logs are in: /Users/jose/Documents/DatosMac/Jose/Universidad/2016-2/Fábricas/Proyecto BiciPlay/BiciPlay/.sbtserver/connections/master.log))
Sending msg to client play-fork-run-db963be1-12e8-41f2-85b3-9f7a6ed5b015: DetachedLogEvent(LogMessage(debug,sbt client logs are in: /Users/jose/Documents/DatosMac/Jose/Universidad/2016-2/Fábricas/Proyecto BiciPlay/BiciPlay/.sbtserver/connections/play-fork-run-db963be1-12e8-41f2-85b3-9f7a6ed5b015.log))
Sending msg to client play-fork-run-db963be1-12e8-41f2-85b3-9f7a6ed5b015: DetachedLogEvent(LogMessage(debug,sbt general server logs are in: /Users/jose/Documents/DatosMac/Jose/Universidad/2016-2/Fábricas/Proyecto BiciPlay/BiciPlay/.sbtserver/master.log))
Reading next message from client.
Got request: DaemonRequest(true)
Reading next message from client.
Sending msg to client play-fork-run-db963be1-12e8-41f2-85b3-9f7a6ed5b015: (3,ReceivedResponse())
Got request: ListenToEvents()
Reading next message from client.
Sending msg to client play-fork-run-db963be1-12e8-41f2-85b3-9f7a6ed5b015: BackgroundJobStarted(16,BackgroundJobInfo(3,backgroundRun,AttributeKey[sbt.BackgroundJobHandle]("backgroundRun") in Scope(Build: file:/Users/jose/Documents/DatosMac/Jose/Universidad/2016-2/F%C3%A1bricas/Proyecto%20BiciPlay/BiciPlay/, , Project: ProjectReference(file:/Users/jose/Documents/DatosMac/Jose/Universidad/2016-2/F%C3%A1bricas/Proyecto%20BiciPlay/BiciPlay/,root), Config: compile)))
Sending msg to client play-fork-run-db963be1-12e8-41f2-85b3-9f7a6ed5b015: BackgroundJobStarted(11,BackgroundJobInfo(2,backgroundRun,AttributeKey[sbt.BackgroundJobHandle]("backgroundRun") in Scope(Build: file:/Users/jose/Documents/DatosMac/Jose/Universidad/2016-2/F%C3%A1bricas/Proyecto%20BiciPlay/BiciPlay/, , Project: ProjectReference(file:/Users/jose/Documents/DatosMac/Jose/Universidad/2016-2/F%C3%A1bricas/Proyecto%20BiciPlay/BiciPlay/,root), Config: compile)))
Sending msg to client play-fork-run-db963be1-12e8-41f2-85b3-9f7a6ed5b015: (4,ReceivedResponse())
Got request: KeyLookupRequest(root/playForkConfig)
Reading next message from client.
Sending msg to client play-fork-run-db963be1-12e8-41f2-85b3-9f7a6ed5b015: (5,KeyLookupResponse(root/playForkConfig,Vector(AttributeKey[play.forkrun.protocol.ForkConfig]("playForkConfig") in Scope(Build: file:/Users/jose/Documents/DatosMac/Jose/Universidad/2016-2/F%C3%A1bricas/Proyecto%20BiciPlay/BiciPlay/, , Project: ProjectReference(file:/Users/jose/Documents/DatosMac/Jose/Universidad/2016-2/F%C3%A1bricas/Proyecto%20BiciPlay/BiciPlay/,root)))))
Got request: ListenToValue(AttributeKey[play.forkrun.protocol.ForkConfig]("playForkConfig") in Scope(Build: file:/Users/jose/Documents/DatosMac/Jose/Universidad/2016-2/F%C3%A1bricas/Proyecto%20BiciPlay/BiciPlay/, , Project: ProjectReference(file:/Users/jose/Documents/DatosMac/Jose/Universidad/2016-2/F%C3%A1bricas/Proyecto%20BiciPlay/BiciPlay/,root)))
Reading next message from client.
Sending msg to client play-fork-run-db963be1-12e8-41f2-85b3-9f7a6ed5b015: (6,ReceivedResponse())
Got request: KeyExecutionRequest(AttributeKey[play.forkrun.protocol.ForkConfig]("playForkConfig") in Scope(Build: file:/Users/jose/Documents/DatosMac/Jose/Universidad/2016-2/F%C3%A1bricas/Proyecto%20BiciPlay/BiciPlay/, , Project: ProjectReference(file:/Users/jose/Documents/DatosMac/Jose/Universidad/2016-2/F%C3%A1bricas/Proyecto%20BiciPlay/BiciPlay/,root)))
Reading next message from client.
Sending msg to client play-fork-run-db963be1-12e8-41f2-85b3-9f7a6ed5b015: (7,ExecutionRequestReceived(17))
Sending msg to client play-fork-run-db963be1-12e8-41f2-85b3-9f7a6ed5b015: ExecutionWaiting(17,{file:/Users/jose/Documents/DatosMac/Jose/Universidad/2016-2/F%C3%A1bricas/Proyecto%20BiciPlay/BiciPlay/}root/*:playForkConfig,ClientInfo(db963be1-12e8-41f2-85b3-9f7a6ed5b015,play-fork-run,Play Fork Run,1,Vector()))
Sending msg to client play-fork-run-db963be1-12e8-41f2-85b3-9f7a6ed5b015: ExecutionStarting(17)
Sending msg to client play-fork-run-db963be1-12e8-41f2-85b3-9f7a6ed5b015: DetachedLogEvent(LogMessage(debug,> {file:/Users/jose/Documents/DatosMac/Jose/Universidad/2016-2/F%C3%A1bricas/Proyecto%20BiciPlay/BiciPlay/}root/*:playForkConfig))
Sending msg to client play-fork-run-db963be1-12e8-41f2-85b3-9f7a6ed5b015: DetachedLogEvent(LogMessage(debug,Evaluating tasks: *:playForkConfig))
Sending msg to client play-fork-run-db963be1-12e8-41f2-85b3-9f7a6ed5b015: DetachedLogEvent(LogMessage(debug,Running task... Cancel: sbt.server.ServerTaskCancellation@7fabfe8d, check cycles: false))
Sending msg to client play-fork-run-db963be1-12e8-41f2-85b3-9f7a6ed5b015: DetachedLogEvent(LogMessage(debug,cancel strategy start enabled=true lastCommand=Some(LastCommand(CommandExecutionWork(ExecutionId(17),{file:/Users/jose/Documents/DatosMac/Jose/Universidad/2016-2/F%C3%A1bricas/Proyecto%20BiciPlay/BiciPlay/}root/*:playForkConfig,Set(LiveClient(play-fork-run db963be1-12e8-41f2-85b3-9f7a6ed5b015)),sbt.server.WorkCancellationStatus$$anon$1@58194b15)))))
Sending msg to client play-fork-run-db963be1-12e8-41f2-85b3-9f7a6ed5b015: TaskStarted(17,1256,None)
Sending msg to client play-fork-run-db963be1-12e8-41f2-85b3-9f7a6ed5b015: TaskStarted(17,1257,Some(AttributeKey[scala.collection.Seq[java.lang.String]]("javaOptions") in Scope(Global)))
Sending msg to client play-fork-run-db963be1-12e8-41f2-85b3-9f7a6ed5b015: TaskStarted(17,1262,None)
Sending msg to client play-fork-run-db963be1-12e8-41f2-85b3-9f7a6ed5b015: TaskStarted(17,1265,None)
Sending msg to client play-fork-run-db963be1-12e8-41f2-85b3-9f7a6ed5b015: TaskStarted(17,1266,None)
Sending msg to client play-fork-run-db963be1-12e8-41f2-85b3-9f7a6ed5b015: TaskStarted(17,1267,None)
Sending msg to client play-fork-run-db963be1-12e8-41f2-85b3-9f7a6ed5b015: TaskStarted(17,1268,Some(AttributeKey[java.lang.String]("updateCacheName") in Scope(Build: file:/Users/jose/Documents/DatosMac/Jose/Universidad/2016-2/F%C3%A1bricas/Proyecto%20BiciPlay/BiciPlay/, , Project: ProjectReference(file:/Users/jose/Documents/DatosMac/Jose/Universidad/2016-2/F%C3%A1bricas/Proyecto%20BiciPlay/BiciPlay/,root))))
Sending msg to client play-fork-run-db963be1-12e8-41f2-85b3-9f7a6ed5b015: TaskStarted(17,1272,None)
Sending msg to client play-fork-run-db963be1-12e8-41f2-85b3-9f7a6ed5b015: TaskStarted(17,1273,None)
Sending msg to client play-fork-run-db963be1-12e8-41f2-85b3-9f7a6ed5b015: TaskStarted(17,1279,Some(AttributeKey[scala.collection.Seq[sbt.Credentials]]("credentials") in Scope(Global)))
Sending msg to client play-fork-run-db963be1-12e8-41f2-85b3-9f7a6ed5b015: TaskStarted(17,1282,Some(AttributeKey[scala.Option[scala.collection.Seq[sbt.Resolver]]]("bootResolvers") in Scope(Build: file:/Users/jose/Documents/DatosMac/Jose/Universidad/2016-2/F%C3%A1bricas/Proyecto%20BiciPlay/BiciPlay/, , Project: ProjectReference(file:/Users/jose/Documents/DatosMac/Jose/Universidad/2016-2/F%C3%A1bricas/Proyecto%20BiciPlay/BiciPlay/,root))))
Sending msg to client play-fork-run-db963be1-12e8-41f2-85b3-9f7a6ed5b015: TaskStarted(17,1283,Some(AttributeKey[scala.collection.Seq[sbt.Resolver]]("externalResolvers") in Scope(Build: file:/Users/jose/Documents/DatosMac/Jose/Universidad/2016-2/F%C3%A1bricas/Proyecto%20BiciPlay/BiciPlay/, , Project: ProjectReference(file:/Users/jose/Documents/DatosMac/Jose/Universidad/2016-2/F%C3%A1bricas/Proyecto%20BiciPlay/BiciPlay/,root))))
Sending msg to client play-fork-run-db963be1-12e8-41f2-85b3-9f7a6ed5b015: TaskStarted(17,1293,Some(AttributeKey[boolean]("skip") in Scope(Global)))
Sending msg to client play-fork-run-db963be1-12e8-41f2-85b3-9f7a6ed5b015: TaskStarted(17,1302,None)
Sending msg to client play-fork-run-db963be1-12e8-41f2-85b3-9f7a6ed5b015: TaskStarted(17,1307,Some(AttributeKey[scala.Option[java.lang.String]]("mainClass") in Scope(Build: file:/Users/jose/Documents/DatosMac/Jose/Universidad/2016-2/F%C3%A1bricas/Proyecto%20BiciPlay/BiciPlay/, , Project: ProjectReference(file:/Users/jose/Documents/DatosMac/Jose/Universidad/2016-2/F%C3%A1bricas/Proyecto%20BiciPlay/BiciPlay/,root), Config: compile, Task: AttributeKey[void]("run"))))
Sending msg to client play-fork-run-db963be1-12e8-41f2-85b3-9f7a6ed5b015: TaskStarted(17,1309,Some(AttributeKey[scala.Tuple2[java.lang.String,java.io.File]]("playPrefixAndAssets") in Scope(Build: file:/Users/jose/Documents/DatosMac/Jose/Universidad/2016-2/F%C3%A1bricas/Proyecto%20BiciPlay/BiciPlay/, , Project: ProjectReference(file:/Users/jose/Documents/DatosMac/Jose/Universidad/2016-2/F%C3%A1bricas/Proyecto%20BiciPlay/BiciPlay/,root))))
Sending msg to client play-fork-run-db963be1-12e8-41f2-85b3-9f7a6ed5b015: TaskStarted(17,1311,None)
Sending msg to client play-fork-run-db963be1-12e8-41f2-85b3-9f7a6ed5b015: TaskFinished(17,1256,None,true,None)
Sending msg to client play-fork-run-db963be1-12e8-41f2-85b3-9f7a6ed5b015: TaskFinished(17,1262,None,true,None)
Sending msg to client play-fork-run-db963be1-12e8-41f2-85b3-9f7a6ed5b015: TaskStarted(17,1261,None)
Sending msg to client play-fork-run-db963be1-12e8-41f2-85b3-9f7a6ed5b015: TaskStarted(17,1286,None)
Sending msg to client play-fork-run-db963be1-12e8-41f2-85b3-9f7a6ed5b015: TaskStarted(17,1287,None)
Sending msg to client play-fork-run-db963be1-12e8-41f2-85b3-9f7a6ed5b015: TaskStarted(17,1288,None)
Sending msg to client play-fork-run-db963be1-12e8-41f2-85b3-9f7a6ed5b015: TaskStarted(17,1292,None)
Sending msg to client play-fork-run-db963be1-12e8-41f2-85b3-9f7a6ed5b015: TaskStarted(17,1297,None)
Sending msg to client play-fork-run-db963be1-12e8-41f2-85b3-9f7a6ed5b015: TaskStarted(17,1305,None)
Sending msg to client play-fork-run-db963be1-12e8-41f2-85b3-9f7a6ed5b015: TaskStarted(17,1306,None)
Sending msg to client play-fork-run-db963be1-12e8-41f2-85b3-9f7a6ed5b015: TaskFinished(17,1266,None,true,None)
Sending msg to client play-fork-run-db963be1-12e8-41f2-85b3-9f7a6ed5b015: TaskFinished(17,1268,Some(AttributeKey[java.lang.String]("updateCacheName") in Scope(Build: file:/Users/jose/Documents/DatosMac/Jose/Universidad/2016-2/F%C3%A1bricas/Proyecto%20BiciPlay/BiciPlay/, , Project: ProjectReference(file:/Users/jose/Documents/DatosMac/Jose/Universidad/2016-2/F%C3%A1bricas/Proyecto%20BiciPlay/BiciPlay/,root))),true,None)
Sending msg to client play-fork-run-db963be1-12e8-41f2-85b3-9f7a6ed5b015: TaskFinished(17,1265,None,true,None)
Sending msg to client play-fork-run-db963be1-12e8-41f2-85b3-9f7a6ed5b015: TaskStarted(17,1264,Some(AttributeKey[scala.collection.Seq[sbt.UpdateReport]]("transitiveUpdate") in Scope(Build: file:/Users/jose/Documents/DatosMac/Jose/Universidad/2016-2/F%C3%A1bricas/Proyecto%20BiciPlay/BiciPlay/, , Project: ProjectReference(file:/Users/jose/Documents/DatosMac/Jose/Universidad/2016-2/F%C3%A1bricas/Proyecto%20BiciPlay/BiciPlay/,root))))
Sending msg to client play-fork-run-db963be1-12e8-41f2-85b3-9f7a6ed5b015: TaskFinished(17,1267,None,true,None)
Sending msg to client play-fork-run-db963be1-12e8-41f2-85b3-9f7a6ed5b015: TaskStarted(17,1271,Some(AttributeKey[sbt.BuildStructure]("buildStructure") in Scope(Global)))
Sending msg to client play-fork-run-db963be1-12e8-41f2-85b3-9f7a6ed5b015: TaskStarted(17,1289,Some(AttributeKey[java.io.File]("dependencyCacheDirectory") in Scope(Build: file:/Users/jose/Documents/DatosMac/Jose/Universidad/2016-2/F%C3%A1bricas/Proyecto%20BiciPlay/BiciPlay/, , Project: ProjectReference(file:/Users/jose/Documents/DatosMac/Jose/Universidad/2016-2/F%C3%A1bricas/Proyecto%20BiciPlay/BiciPlay/,root))))
Sending msg to client play-fork-run-db963be1-12e8-41f2-85b3-9f7a6ed5b015: TaskFinished(17,1257,Some(AttributeKey[scala.collection.Seq[java.lang.String]]("javaOptions") in Scope(Global)),true,None)
Sending msg to client play-fork-run-db963be1-12e8-41f2-85b3-9f7a6ed5b015: TaskStarted(17,1255,Some(AttributeKey[scala.collection.Seq[java.lang.String]]("javaOptions") in Scope(Build: file:/Users/jose/Documents/DatosMac/Jose/Universidad/2016-2/F%C3%A1bricas/Proyecto%20BiciPlay/BiciPlay/, )))
Sending msg to client play-fork-run-db963be1-12e8-41f2-85b3-9f7a6ed5b015: TaskFinished(17,1272,None,true,None)
Sending msg to client play-fork-run-db963be1-12e8-41f2-85b3-9f7a6ed5b015: TaskFinished(17,1273,None,true,None)
Sending msg to client play-fork-run-db963be1-12e8-41f2-85b3-9f7a6ed5b015: TaskFinished(17,1279,Some(AttributeKey[scala.collection.Seq[sbt.Credentials]]("credentials") in Scope(Global)),true,None)
Sending msg to client play-fork-run-db963be1-12e8-41f2-85b3-9f7a6ed5b015: TaskFinished(17,1282,Some(AttributeKey[scala.Option[scala.collection.Seq[sbt.Resolver]]]("bootResolvers") in Scope(Build: file:/Users/jose/Documents/DatosMac/Jose/Universidad/2016-2/F%C3%A1bricas/Proyecto%20BiciPlay/BiciPlay/, , Project: ProjectReference(file:/Users/jose/Documents/DatosMac/Jose/Universidad/2016-2/F%C3%A1bricas/Proyecto%20BiciPlay/BiciPlay/,root))),true,None)
Sending msg to client play-fork-run-db963be1-12e8-41f2-85b3-9f7a6ed5b015: TaskFinished(17,1283,Some(AttributeKey[scala.collection.Seq[sbt.Resolver]]("externalResolvers") in Scope(Build: file:/Users/jose/Documents/DatosMac/Jose/Universidad/2016-2/F%C3%A1bricas/Proyecto%20BiciPlay/BiciPlay/, , Project: ProjectReference(file:/Users/jose/Documents/DatosMac/Jose/Universidad/2016-2/F%C3%A1bricas/Proyecto%20BiciPlay/BiciPlay/,root))),true,None)
Sending msg to client play-fork-run-db963be1-12e8-41f2-85b3-9f7a6ed5b015: TaskFinished(17,1293,Some(AttributeKey[boolean]("skip") in Scope(Global)),true,None)
Sending msg to client play-fork-run-db963be1-12e8-41f2-85b3-9f7a6ed5b015: TaskFinished(17,1302,None,true,None)
Sending msg to client play-fork-run-db963be1-12e8-41f2-85b3-9f7a6ed5b015: TaskFinished(17,1307,Some(AttributeKey[scala.Option[java.lang.String]]("mainClass") in Scope(Build: file:/Users/jose/Documents/DatosMac/Jose/Universidad/2016-2/F%C3%A1bricas/Proyecto%20BiciPlay/BiciPlay/, , Project: ProjectReference(file:/Users/jose/Documents/DatosMac/Jose/Universidad/2016-2/F%C3%A1bricas/Proyecto%20BiciPlay/BiciPlay/,root), Config: compile, Task: AttributeKey[void]("run"))),true,None)
Sending msg to client play-fork-run-db963be1-12e8-41f2-85b3-9f7a6ed5b015: TaskFinished(17,1309,Some(AttributeKey[scala.Tuple2[java.lang.String,java.io.File]]("playPrefixAndAssets") in Scope(Build: file:/Users/jose/Documents/DatosMac/Jose/Universidad/2016-2/F%C3%A1bricas/Proyecto%20BiciPlay/BiciPlay/, , Project: ProjectReference(file:/Users/jose/Documents/DatosMac/Jose/Universidad/2016-2/F%C3%A1bricas/Proyecto%20BiciPlay/BiciPlay/,root))),true,None)
Sending msg to client play-fork-run-db963be1-12e8-41f2-85b3-9f7a6ed5b015: TaskStarted(17,1308,Some(AttributeKey[scala.collection.Seq[scala.Tuple2[java.lang.String,java.io.File]]]("playAllAssets") in Scope(Build: file:/Users/jose/Documents/DatosMac/Jose/Universidad/2016-2/F%C3%A1bricas/Proyecto%20BiciPlay/BiciPlay/, , Project: ProjectReference(file:/Users/jose/Documents/DatosMac/Jose/Universidad/2016-2/F%C3%A1bricas/Proyecto%20BiciPlay/BiciPlay/,root))))
Sending msg to client play-fork-run-db963be1-12e8-41f2-85b3-9f7a6ed5b015: TaskFinished(17,1311,None,true,None)
Sending msg to client play-fork-run-db963be1-12e8-41f2-85b3-9f7a6ed5b015: TaskFinished(17,1261,None,true,None)
Sending msg to client play-fork-run-db963be1-12e8-41f2-85b3-9f7a6ed5b015: TaskFinished(17,1286,None,true,None)
Sending msg to client play-fork-run-db963be1-12e8-41f2-85b3-9f7a6ed5b015: TaskFinished(17,1288,None,true,None)
Sending msg to client play-fork-run-db963be1-12e8-41f2-85b3-9f7a6ed5b015: TaskFinished(17,1287,None,true,None)
Sending msg to client play-fork-run-db963be1-12e8-41f2-85b3-9f7a6ed5b015: TaskFinished(17,1292,None,true,None)
Sending msg to client play-fork-run-db963be1-12e8-41f2-85b3-9f7a6ed5b015: TaskStarted(17,1291,Some(AttributeKey[scala.collection.immutable.Map[sbt.ModuleID,sbt.SourcePosition]]("dependencyPositions") in Scope(Build: file:/Users/jose/Documents/DatosMac/Jose/Universidad/2016-2/F%C3%A1bricas/Proyecto%20BiciPlay/BiciPlay/, , Project: ProjectReference(file:/Users/jose/Documents/DatosMac/Jose/Universidad/2016-2/F%C3%A1bricas/Proyecto%20BiciPlay/BiciPlay/,root))))
Sending msg to client play-fork-run-db963be1-12e8-41f2-85b3-9f7a6ed5b015: TaskFinished(17,1297,None,true,None)
Sending msg to client play-fork-run-db963be1-12e8-41f2-85b3-9f7a6ed5b015: TaskFinished(17,1305,None,true,None)
Sending msg to client play-fork-run-db963be1-12e8-41f2-85b3-9f7a6ed5b015: TaskFinished(17,1306,None,true,None)
Sending msg to client play-fork-run-db963be1-12e8-41f2-85b3-9f7a6ed5b015: TaskFinished(17,1264,Some(AttributeKey[scala.collection.Seq[sbt.UpdateReport]]("transitiveUpdate") in Scope(Build: file:/Users/jose/Documents/DatosMac/Jose/Universidad/2016-2/F%C3%A1bricas/Proyecto%20BiciPlay/BiciPlay/, , Project: ProjectReference(file:/Users/jose/Documents/DatosMac/Jose/Universidad/2016-2/F%C3%A1bricas/Proyecto%20BiciPlay/BiciPlay/,root))),true,None)
Sending msg to client play-fork-run-db963be1-12e8-41f2-85b3-9f7a6ed5b015: TaskFinished(17,1271,Some(AttributeKey[sbt.BuildStructure]("buildStructure") in Scope(Global)),true,None)
Sending msg to client play-fork-run-db963be1-12e8-41f2-85b3-9f7a6ed5b015: TaskStarted(17,1270,Some(AttributeKey[sbt.Settings[sbt.Scope]]("settingsData") in Scope(Global)))
Sending msg to client play-fork-run-db963be1-12e8-41f2-85b3-9f7a6ed5b015: TaskFinished(17,1289,Some(AttributeKey[java.io.File]("dependencyCacheDirectory") in Scope(Build: file:/Users/jose/Documents/DatosMac/Jose/Universidad/2016-2/F%C3%A1bricas/Proyecto%20BiciPlay/BiciPlay/, , Project: ProjectReference(file:/Users/jose/Documents/DatosMac/Jose/Universidad/2016-2/F%C3%A1bricas/Proyecto%20BiciPlay/BiciPlay/,root))),true,None)
Sending msg to client play-fork-run-db963be1-12e8-41f2-85b3-9f7a6ed5b015: TaskFinished(17,1255,Some(AttributeKey[scala.collection.Seq[java.lang.String]]("javaOptions") in Scope(Build: file:/Users/jose/Documents/DatosMac/Jose/Universidad/2016-2/F%C3%A1bricas/Proyecto%20BiciPlay/BiciPlay/, )),true,None)
Sending msg to client play-fork-run-db963be1-12e8-41f2-85b3-9f7a6ed5b015: TaskFinished(17,1308,Some(AttributeKey[scala.collection.Seq[scala.Tuple2[java.lang.String,java.io.File]]]("playAllAssets") in Scope(Build: file:/Users/jose/Documents/DatosMac/Jose/Universidad/2016-2/F%C3%A1bricas/Proyecto%20BiciPlay/BiciPlay/, , Project: ProjectReference(file:/Users/jose/Documents/DatosMac/Jose/Universidad/2016-2/F%C3%A1bricas/Proyecto%20BiciPlay/BiciPlay/,root))),true,None)
Sending msg to client play-fork-run-db963be1-12e8-41f2-85b3-9f7a6ed5b015: TaskFinished(17,1291,Some(AttributeKey[scala.collection.immutable.Map[sbt.ModuleID,sbt.SourcePosition]]("dependencyPositions") in Scope(Build: file:/Users/jose/Documents/DatosMac/Jose/Universidad/2016-2/F%C3%A1bricas/Proyecto%20BiciPlay/BiciPlay/, , Project: ProjectReference(file:/Users/jose/Documents/DatosMac/Jose/Universidad/2016-2/F%C3%A1bricas/Proyecto%20BiciPlay/BiciPlay/,root))),true,None)
Sending msg to client play-fork-run-db963be1-12e8-41f2-85b3-9f7a6ed5b015: TaskStarted(17,1290,Some(AttributeKey[sbt.UnresolvedWarningConfiguration]("unresolvedWarningConfiguration") in Scope(Build: file:/Users/jose/Documents/DatosMac/Jose/Universidad/2016-2/F%C3%A1bricas/Proyecto%20BiciPlay/BiciPlay/, , Project: ProjectReference(file:/Users/jose/Documents/DatosMac/Jose/Universidad/2016-2/F%C3%A1bricas/Proyecto%20BiciPlay/BiciPlay/,root), Task: AttributeKey[sbt.UpdateReport]("update"))))
Sending msg to client play-fork-run-db963be1-12e8-41f2-85b3-9f7a6ed5b015: TaskFinished(17,1270,Some(AttributeKey[sbt.Settings[sbt.Scope]]("settingsData") in Scope(Global)),true,None)
Sending msg to client play-fork-run-db963be1-12e8-41f2-85b3-9f7a6ed5b015: TaskStarted(17,1269,None)
Sending msg to client play-fork-run-db963be1-12e8-41f2-85b3-9f7a6ed5b015: TaskStarted(17,1277,Some(AttributeKey[scala.collection.Seq[sbt.ModuleID]]("projectDependencies") in Scope(Build: file:/Users/jose/Documents/DatosMac/Jose/Universidad/2016-2/F%C3%A1bricas/Proyecto%20BiciPlay/BiciPlay/, , Project: ProjectReference(file:/Users/jose/Documents/DatosMac/Jose/Universidad/2016-2/F%C3%A1bricas/Proyecto%20BiciPlay/BiciPlay/,root))))
Sending msg to client play-fork-run-db963be1-12e8-41f2-85b3-9f7a6ed5b015: TaskStarted(17,1285,Some(AttributeKey[scala.collection.immutable.Map[org.apache.ivy.core.module.id.ModuleRevisionId,org.apache.ivy.core.module.descriptor.ModuleDescriptor]]("projectDescriptors") in Scope(Build: file:/Users/jose/Documents/DatosMac/Jose/Universidad/2016-2/F%C3%A1bricas/Proyecto%20BiciPlay/BiciPlay/, , Project: ProjectReference(file:/Users/jose/Documents/DatosMac/Jose/Universidad/2016-2/F%C3%A1bricas/Proyecto%20BiciPlay/BiciPlay/,root))))
Sending msg to client play-fork-run-db963be1-12e8-41f2-85b3-9f7a6ed5b015: TaskStarted(17,1304,None)
Sending msg to client play-fork-run-db963be1-12e8-41f2-85b3-9f7a6ed5b015: TaskStarted(17,1310,Some(AttributeKey[scala.collection.Seq[java.io.File]]("playMonitoredFiles") in Scope(Build: file:/Users/jose/Documents/DatosMac/Jose/Universidad/2016-2/F%C3%A1bricas/Proyecto%20BiciPlay/BiciPlay/, , Project: ProjectReference(file:/Users/jose/Documents/DatosMac/Jose/Universidad/2016-2/F%C3%A1bricas/Proyecto%20BiciPlay/BiciPlay/,root))))
Sending msg to client play-fork-run-db963be1-12e8-41f2-85b3-9f7a6ed5b015: TaskFinished(17,1290,Some(AttributeKey[sbt.UnresolvedWarningConfiguration]("unresolvedWarningConfiguration") in Scope(Build: file:/Users/jose/Documents/DatosMac/Jose/Universidad/2016-2/F%C3%A1bricas/Proyecto%20BiciPlay/BiciPlay/, , Project: ProjectReference(file:/Users/jose/Documents/DatosMac/Jose/Universidad/2016-2/F%C3%A1bricas/Proyecto%20BiciPlay/BiciPlay/,root), Task: AttributeKey[sbt.UpdateReport]("update"))),true,None)
Sending msg to client play-fork-run-db963be1-12e8-41f2-85b3-9f7a6ed5b015: TaskStarted(17,1312,None)
Sending msg to client play-fork-run-db963be1-12e8-41f2-85b3-9f7a6ed5b015: TaskFinished(17,1277,Some(AttributeKey[scala.collection.Seq[sbt.ModuleID]]("projectDependencies") in Scope(Build: file:/Users/jose/Documents/DatosMac/Jose/Universidad/2016-2/F%C3%A1bricas/Proyecto%20BiciPlay/BiciPlay/, , Project: ProjectReference(file:/Users/jose/Documents/DatosMac/Jose/Universidad/2016-2/F%C3%A1bricas/Proyecto%20BiciPlay/BiciPlay/,root))),true,None)
Sending msg to client play-fork-run-db963be1-12e8-41f2-85b3-9f7a6ed5b015: TaskStarted(17,1276,Some(AttributeKey[scala.collection.Seq[sbt.ModuleID]]("allDependencies") in Scope(Build: file:/Users/jose/Documents/DatosMac/Jose/Universidad/2016-2/F%C3%A1bricas/Proyecto%20BiciPlay/BiciPlay/, , Project: ProjectReference(file:/Users/jose/Documents/DatosMac/Jose/Universidad/2016-2/F%C3%A1bricas/Proyecto%20BiciPlay/BiciPlay/,root))))
Sending msg to client play-fork-run-db963be1-12e8-41f2-85b3-9f7a6ed5b015: TaskStarted(17,1314,None)
Sending msg to client play-fork-run-db963be1-12e8-41f2-85b3-9f7a6ed5b015: TaskStarted(17,1319,None)
Sending msg to client play-fork-run-db963be1-12e8-41f2-85b3-9f7a6ed5b015: TaskStarted(17,1320,None)
Sending msg to client play-fork-run-db963be1-12e8-41f2-85b3-9f7a6ed5b015: TaskStarted(17,1322,None)
Sending msg to client play-fork-run-db963be1-12e8-41f2-85b3-9f7a6ed5b015: TaskStarted(17,1324,None)
Sending msg to client play-fork-run-db963be1-12e8-41f2-85b3-9f7a6ed5b015: TaskStarted(17,1325,None)
Sending msg to client play-fork-run-db963be1-12e8-41f2-85b3-9f7a6ed5b015: TaskStarted(17,1326,None)
Sending msg to client play-fork-run-db963be1-12e8-41f2-85b3-9f7a6ed5b015: TaskFinished(17,1312,None,true,None)
Sending msg to client play-fork-run-db963be1-12e8-41f2-85b3-9f7a6ed5b015: TaskFinished(17,1269,None,true,None)
Sending msg to client play-fork-run-db963be1-12e8-41f2-85b3-9f7a6ed5b015: TaskFinished(17,1276,Some(AttributeKey[scala.collection.Seq[sbt.ModuleID]]("allDependencies") in Scope(Build: file:/Users/jose/Documents/DatosMac/Jose/Universidad/2016-2/F%C3%A1bricas/Proyecto%20BiciPlay/BiciPlay/, , Project: ProjectReference(file:/Users/jose/Documents/DatosMac/Jose/Universidad/2016-2/F%C3%A1bricas/Proyecto%20BiciPlay/BiciPlay/,root))),true,None)
Sending msg to client play-fork-run-db963be1-12e8-41f2-85b3-9f7a6ed5b015: TaskStarted(17,1275,Some(AttributeKey[sbt.ModuleSettings]("moduleSettings") in Scope(Build: file:/Users/jose/Documents/DatosMac/Jose/Universidad/2016-2/F%C3%A1bricas/Proyecto%20BiciPlay/BiciPlay/, , Project: ProjectReference(file:/Users/jose/Documents/DatosMac/Jose/Universidad/2016-2/F%C3%A1bricas/Proyecto%20BiciPlay/BiciPlay/,root))))
Sending msg to client play-fork-run-db963be1-12e8-41f2-85b3-9f7a6ed5b015: TaskFinished(17,1314,None,true,None)
Sending msg to client play-fork-run-db963be1-12e8-41f2-85b3-9f7a6ed5b015: TaskStarted(17,1313,None)
Sending msg to client play-fork-run-db963be1-12e8-41f2-85b3-9f7a6ed5b015: TaskFinished(17,1319,None,true,None)
Sending msg to client play-fork-run-db963be1-12e8-41f2-85b3-9f7a6ed5b015: TaskFinished(17,1322,None,true,None)
Sending msg to client play-fork-run-db963be1-12e8-41f2-85b3-9f7a6ed5b015: TaskStarted(17,1321,None)
Sending msg to client play-fork-run-db963be1-12e8-41f2-85b3-9f7a6ed5b015: TaskFinished(17,1324,None,true,None)
Sending msg to client play-fork-run-db963be1-12e8-41f2-85b3-9f7a6ed5b015: TaskFinished(17,1320,None,true,None)
Sending msg to client play-fork-run-db963be1-12e8-41f2-85b3-9f7a6ed5b015: TaskStarted(17,1318,Some(AttributeKey[scala.collection.Seq[sbt.Attributed[java.io.File]]]("unmanagedJars") in Scope(Build: file:/Users/jose/Documents/DatosMac/Jose/Universidad/2016-2/F%C3%A1bricas/Proyecto%20BiciPlay/BiciPlay/, , Project: ProjectReference(file:/Users/jose/Documents/DatosMac/Jose/Universidad/2016-2/F%C3%A1bricas/Proyecto%20BiciPlay/BiciPlay/,root), Config: compile)))
Sending msg to client play-fork-run-db963be1-12e8-41f2-85b3-9f7a6ed5b015: TaskFinished(17,1325,None,true,None)
Sending msg to client play-fork-run-db963be1-12e8-41f2-85b3-9f7a6ed5b015: TaskStarted(17,1323,Some(AttributeKey[scala.collection.Seq[sbt.Attributed[java.io.File]]]("unmanagedJars") in Scope(Build: file:/Users/jose/Documents/DatosMac/Jose/Universidad/2016-2/F%C3%A1bricas/Proyecto%20BiciPlay/BiciPlay/, , Project: ProjectReference(file:/Users/jose/Documents/DatosMac/Jose/Universidad/2016-2/F%C3%A1bricas/Proyecto%20BiciPlay/BiciPlay/,root), Config: runtime)))
Sending msg to client play-fork-run-db963be1-12e8-41f2-85b3-9f7a6ed5b015: TaskFinished(17,1326,None,true,None)
Sending msg to client play-fork-run-db963be1-12e8-41f2-85b3-9f7a6ed5b015: TaskFinished(17,1310,Some(AttributeKey[scala.collection.Seq[java.io.File]]("playMonitoredFiles") in Scope(Build: file:/Users/jose/Documents/DatosMac/Jose/Universidad/2016-2/F%C3%A1bricas/Proyecto%20BiciPlay/BiciPlay/, , Project: ProjectReference(file:/Users/jose/Documents/DatosMac/Jose/Universidad/2016-2/F%C3%A1bricas/Proyecto%20BiciPlay/BiciPlay/,root))),true,None)
Sending msg to client play-fork-run-db963be1-12e8-41f2-85b3-9f7a6ed5b015: TaskFinished(17,1275,Some(AttributeKey[sbt.ModuleSettings]("moduleSettings") in Scope(Build: file:/Users/jose/Documents/DatosMac/Jose/Universidad/2016-2/F%C3%A1bricas/Proyecto%20BiciPlay/BiciPlay/, , Project: ProjectReference(file:/Users/jose/Documents/DatosMac/Jose/Universidad/2016-2/F%C3%A1bricas/Proyecto%20BiciPlay/BiciPlay/,root))),true,None)
Sending msg to client play-fork-run-db963be1-12e8-41f2-85b3-9f7a6ed5b015: TaskFinished(17,1313,None,true,None)
Sending msg to client play-fork-run-db963be1-12e8-41f2-85b3-9f7a6ed5b015: TaskFinished(17,1285,Some(AttributeKey[scala.collection.immutable.Map[org.apache.ivy.core.module.id.ModuleRevisionId,org.apache.ivy.core.module.descriptor.ModuleDescriptor]]("projectDescriptors") in Scope(Build: file:/Users/jose/Documents/DatosMac/Jose/Universidad/2016-2/F%C3%A1bricas/Proyecto%20BiciPlay/BiciPlay/, , Project: ProjectReference(file:/Users/jose/Documents/DatosMac/Jose/Universidad/2016-2/F%C3%A1bricas/Proyecto%20BiciPlay/BiciPlay/,root))),true,None)
Sending msg to client play-fork-run-db963be1-12e8-41f2-85b3-9f7a6ed5b015: TaskStarted(17,1284,Some(AttributeKey[sbt.Resolver]("projectResolver") in Scope(Build: file:/Users/jose/Documents/DatosMac/Jose/Universidad/2016-2/F%C3%A1bricas/Proyecto%20BiciPlay/BiciPlay/, , Project: ProjectReference(file:/Users/jose/Documents/DatosMac/Jose/Universidad/2016-2/F%C3%A1bricas/Proyecto%20BiciPlay/BiciPlay/,root))))
Sending msg to client play-fork-run-db963be1-12e8-41f2-85b3-9f7a6ed5b015: TaskStarted(17,1327,None)
Sending msg to client play-fork-run-db963be1-12e8-41f2-85b3-9f7a6ed5b015: TaskFinished(17,1318,Some(AttributeKey[scala.collection.Seq[sbt.Attributed[java.io.File]]]("unmanagedJars") in Scope(Build: file:/Users/jose/Documents/DatosMac/Jose/Universidad/2016-2/F%C3%A1bricas/Proyecto%20BiciPlay/BiciPlay/, , Project: ProjectReference(file:/Users/jose/Documents/DatosMac/Jose/Universidad/2016-2/F%C3%A1bricas/Proyecto%20BiciPlay/BiciPlay/,root), Config: compile)),true,None)
Sending msg to client play-fork-run-db963be1-12e8-41f2-85b3-9f7a6ed5b015: TaskFinished(17,1323,Some(AttributeKey[scala.collection.Seq[sbt.Attributed[java.io.File]]]("unmanagedJars") in Scope(Build: file:/Users/jose/Documents/DatosMac/Jose/Universidad/2016-2/F%C3%A1bricas/Proyecto%20BiciPlay/BiciPlay/, , Project: ProjectReference(file:/Users/jose/Documents/DatosMac/Jose/Universidad/2016-2/F%C3%A1bricas/Proyecto%20BiciPlay/BiciPlay/,root), Config: runtime)),true,None)
Sending msg to client play-fork-run-db963be1-12e8-41f2-85b3-9f7a6ed5b015: TaskFinished(17,1284,Some(AttributeKey[sbt.Resolver]("projectResolver") in Scope(Build: file:/Users/jose/Documents/DatosMac/Jose/Universidad/2016-2/F%C3%A1bricas/Proyecto%20BiciPlay/BiciPlay/, , Project: ProjectReference(file:/Users/jose/Documents/DatosMac/Jose/Universidad/2016-2/F%C3%A1bricas/Proyecto%20BiciPlay/BiciPlay/,root))),true,None)
Sending msg to client play-fork-run-db963be1-12e8-41f2-85b3-9f7a6ed5b015: TaskStarted(17,1281,Some(AttributeKey[scala.collection.Seq[sbt.Resolver]]("fullResolvers") in Scope(Build: file:/Users/jose/Documents/DatosMac/Jose/Universidad/2016-2/F%C3%A1bricas/Proyecto%20BiciPlay/BiciPlay/, , Project: ProjectReference(file:/Users/jose/Documents/DatosMac/Jose/Universidad/2016-2/F%C3%A1bricas/Proyecto%20BiciPlay/BiciPlay/,root))))
Sending msg to client play-fork-run-db963be1-12e8-41f2-85b3-9f7a6ed5b015: TaskFinished(17,1327,None,true,None)
Sending msg to client play-fork-run-db963be1-12e8-41f2-85b3-9f7a6ed5b015: TaskFinished(17,1321,None,true,None)
Sending msg to client play-fork-run-db963be1-12e8-41f2-85b3-9f7a6ed5b015: TaskStarted(17,1317,Some(AttributeKey[scala.collection.Seq[sbt.Attributed[java.io.File]]]("unmanagedJars") in Scope(Build: file:/Users/jose/Documents/DatosMac/Jose/Universidad/2016-2/F%C3%A1bricas/Proyecto%20BiciPlay/BiciPlay/, , Project: ProjectReference(file:/Users/jose/Documents/DatosMac/Jose/Universidad/2016-2/F%C3%A1bricas/Proyecto%20BiciPlay/BiciPlay/,root), Config: compile)))
Sending msg to client play-fork-run-db963be1-12e8-41f2-85b3-9f7a6ed5b015: TaskFinished(17,1281,Some(AttributeKey[scala.collection.Seq[sbt.Resolver]]("fullResolvers") in Scope(Build: file:/Users/jose/Documents/DatosMac/Jose/Universidad/2016-2/F%C3%A1bricas/Proyecto%20BiciPlay/BiciPlay/, , Project: ProjectReference(file:/Users/jose/Documents/DatosMac/Jose/Universidad/2016-2/F%C3%A1bricas/Proyecto%20BiciPlay/BiciPlay/,root))),true,None)
Sending msg to client play-fork-run-db963be1-12e8-41f2-85b3-9f7a6ed5b015: TaskStarted(17,1280,Some(AttributeKey[sbt.IvyConfiguration]("ivyConfiguration") in Scope(Build: file:/Users/jose/Documents/DatosMac/Jose/Universidad/2016-2/F%C3%A1bricas/Proyecto%20BiciPlay/BiciPlay/, , Project: ProjectReference(file:/Users/jose/Documents/DatosMac/Jose/Universidad/2016-2/F%C3%A1bricas/Proyecto%20BiciPlay/BiciPlay/,root))))
Sending msg to client play-fork-run-db963be1-12e8-41f2-85b3-9f7a6ed5b015: TaskFinished(17,1317,Some(AttributeKey[scala.collection.Seq[sbt.Attributed[java.io.File]]]("unmanagedJars") in Scope(Build: file:/Users/jose/Documents/DatosMac/Jose/Universidad/2016-2/F%C3%A1bricas/Proyecto%20BiciPlay/BiciPlay/, , Project: ProjectReference(file:/Users/jose/Documents/DatosMac/Jose/Universidad/2016-2/F%C3%A1bricas/Proyecto%20BiciPlay/BiciPlay/,root), Config: compile)),true,None)
Sending msg to client play-fork-run-db963be1-12e8-41f2-85b3-9f7a6ed5b015: TaskStarted(17,1316,None)
Sending msg to client play-fork-run-db963be1-12e8-41f2-85b3-9f7a6ed5b015: TaskFinished(17,1280,Some(AttributeKey[sbt.IvyConfiguration]("ivyConfiguration") in Scope(Build: file:/Users/jose/Documents/DatosMac/Jose/Universidad/2016-2/F%C3%A1bricas/Proyecto%20BiciPlay/BiciPlay/, , Project: ProjectReference(file:/Users/jose/Documents/DatosMac/Jose/Universidad/2016-2/F%C3%A1bricas/Proyecto%20BiciPlay/BiciPlay/,root))),true,None)
Sending msg to client play-fork-run-db963be1-12e8-41f2-85b3-9f7a6ed5b015: TaskStarted(17,1278,Some(AttributeKey[sbt.IvySbt]("ivySbt") in Scope(Build: file:/Users/jose/Documents/DatosMac/Jose/Universidad/2016-2/F%C3%A1bricas/Proyecto%20BiciPlay/BiciPlay/, , Project: ProjectReference(file:/Users/jose/Documents/DatosMac/Jose/Universidad/2016-2/F%C3%A1bricas/Proyecto%20BiciPlay/BiciPlay/,root))))
Sending msg to client play-fork-run-db963be1-12e8-41f2-85b3-9f7a6ed5b015: TaskFinished(17,1316,None,true,None)
Sending msg to client play-fork-run-db963be1-12e8-41f2-85b3-9f7a6ed5b015: TaskStarted(17,1315,None)
Sending msg to client play-fork-run-db963be1-12e8-41f2-85b3-9f7a6ed5b015: TaskFinished(17,1278,Some(AttributeKey[sbt.IvySbt]("ivySbt") in Scope(Build: file:/Users/jose/Documents/DatosMac/Jose/Universidad/2016-2/F%C3%A1bricas/Proyecto%20BiciPlay/BiciPlay/, , Project: ProjectReference(file:/Users/jose/Documents/DatosMac/Jose/Universidad/2016-2/F%C3%A1bricas/Proyecto%20BiciPlay/BiciPlay/,root))),true,None)
Sending msg to client play-fork-run-db963be1-12e8-41f2-85b3-9f7a6ed5b015: TaskStarted(17,1274,Some(AttributeKey[sbt.IvySbt$Module]("ivyModule") in Scope(Build: file:/Users/jose/Documents/DatosMac/Jose/Universidad/2016-2/F%C3%A1bricas/Proyecto%20BiciPlay/BiciPlay/, , Project: ProjectReference(file:/Users/jose/Documents/DatosMac/Jose/Universidad/2016-2/F%C3%A1bricas/Proyecto%20BiciPlay/BiciPlay/,root))))
Sending msg to client play-fork-run-db963be1-12e8-41f2-85b3-9f7a6ed5b015: TaskFinished(17,1315,None,true,None)
Sending msg to client play-fork-run-db963be1-12e8-41f2-85b3-9f7a6ed5b015: TaskFinished(17,1304,None,true,None)
Sending msg to client play-fork-run-db963be1-12e8-41f2-85b3-9f7a6ed5b015: TaskStarted(17,1303,Some(AttributeKey[scala.collection.Seq[sbt.Attributed[java.io.File]]]("unmanagedClasspath") in Scope(Build: file:/Users/jose/Documents/DatosMac/Jose/Universidad/2016-2/F%C3%A1bricas/Proyecto%20BiciPlay/BiciPlay/, , Project: ProjectReference(file:/Users/jose/Documents/DatosMac/Jose/Universidad/2016-2/F%C3%A1bricas/Proyecto%20BiciPlay/BiciPlay/,root), Config: runtime)))
Sending msg to client play-fork-run-db963be1-12e8-41f2-85b3-9f7a6ed5b015: TaskFinished(17,1274,Some(AttributeKey[sbt.IvySbt$Module]("ivyModule") in Scope(Build: file:/Users/jose/Documents/DatosMac/Jose/Universidad/2016-2/F%C3%A1bricas/Proyecto%20BiciPlay/BiciPlay/, , Project: ProjectReference(file:/Users/jose/Documents/DatosMac/Jose/Universidad/2016-2/F%C3%A1bricas/Proyecto%20BiciPlay/BiciPlay/,root))),true,None)
Sending msg to client play-fork-run-db963be1-12e8-41f2-85b3-9f7a6ed5b015: TaskStarted(17,1263,Some(AttributeKey[sbt.UpdateReport]("update") in Scope(Build: file:/Users/jose/Documents/DatosMac/Jose/Universidad/2016-2/F%C3%A1bricas/Proyecto%20BiciPlay/BiciPlay/, , Project: ProjectReference(file:/Users/jose/Documents/DatosMac/Jose/Universidad/2016-2/F%C3%A1bricas/Proyecto%20BiciPlay/BiciPlay/,root))))
Sending msg to client play-fork-run-db963be1-12e8-41f2-85b3-9f7a6ed5b015: TaskFinished(17,1303,Some(AttributeKey[scala.collection.Seq[sbt.Attributed[java.io.File]]]("unmanagedClasspath") in Scope(Build: file:/Users/jose/Documents/DatosMac/Jose/Universidad/2016-2/F%C3%A1bricas/Proyecto%20BiciPlay/BiciPlay/, , Project: ProjectReference(file:/Users/jose/Documents/DatosMac/Jose/Universidad/2016-2/F%C3%A1bricas/Proyecto%20BiciPlay/BiciPlay/,root), Config: runtime)),true,None)
Sending msg to client play-fork-run-db963be1-12e8-41f2-85b3-9f7a6ed5b015: TaskFinished(17,1263,Some(AttributeKey[sbt.UpdateReport]("update") in Scope(Build: file:/Users/jose/Documents/DatosMac/Jose/Universidad/2016-2/F%C3%A1bricas/Proyecto%20BiciPlay/BiciPlay/, , Project: ProjectReference(file:/Users/jose/Documents/DatosMac/Jose/Universidad/2016-2/F%C3%A1bricas/Proyecto%20BiciPlay/BiciPlay/,root))),true,None)
Sending msg to client play-fork-run-db963be1-12e8-41f2-85b3-9f7a6ed5b015: TaskStarted(17,1260,Some(AttributeKey[sbt.UpdateReport]("update") in Scope(Build: file:/Users/jose/Documents/DatosMac/Jose/Universidad/2016-2/F%C3%A1bricas/Proyecto%20BiciPlay/BiciPlay/, , Project: ProjectReference(file:/Users/jose/Documents/DatosMac/Jose/Universidad/2016-2/F%C3%A1bricas/Proyecto%20BiciPlay/BiciPlay/,root))))
Sending msg to client play-fork-run-db963be1-12e8-41f2-85b3-9f7a6ed5b015: TaskFinished(17,1260,Some(AttributeKey[sbt.UpdateReport]("update") in Scope(Build: file:/Users/jose/Documents/DatosMac/Jose/Universidad/2016-2/F%C3%A1bricas/Proyecto%20BiciPlay/BiciPlay/, , Project: ProjectReference(file:/Users/jose/Documents/DatosMac/Jose/Universidad/2016-2/F%C3%A1bricas/Proyecto%20BiciPlay/BiciPlay/,root))),true,None)
Sending msg to client play-fork-run-db963be1-12e8-41f2-85b3-9f7a6ed5b015: TaskStarted(17,1259,Some(AttributeKey[scala.collection.Seq[sbt.Attributed[java.io.File]]]("managedClasspath") in Scope(Build: file:/Users/jose/Documents/DatosMac/Jose/Universidad/2016-2/F%C3%A1bricas/Proyecto%20BiciPlay/BiciPlay/, , Project: ProjectReference(file:/Users/jose/Documents/DatosMac/Jose/Universidad/2016-2/F%C3%A1bricas/Proyecto%20BiciPlay/BiciPlay/,root), Config: docs)))
Sending msg to client play-fork-run-db963be1-12e8-41f2-85b3-9f7a6ed5b015: TaskStarted(17,1301,Some(AttributeKey[sbt.Configuration]("classpathConfiguration") in Scope(Build: file:/Users/jose/Documents/DatosMac/Jose/Universidad/2016-2/F%C3%A1bricas/Proyecto%20BiciPlay/BiciPlay/, , Project: ProjectReference(file:/Users/jose/Documents/DatosMac/Jose/Universidad/2016-2/F%C3%A1bricas/Proyecto%20BiciPlay/BiciPlay/,root), Config: compile)))
Sending msg to client play-fork-run-db963be1-12e8-41f2-85b3-9f7a6ed5b015: TaskFinished(17,1301,Some(AttributeKey[sbt.Configuration]("classpathConfiguration") in Scope(Build: file:/Users/jose/Documents/DatosMac/Jose/Universidad/2016-2/F%C3%A1bricas/Proyecto%20BiciPlay/BiciPlay/, , Project: ProjectReference(file:/Users/jose/Documents/DatosMac/Jose/Universidad/2016-2/F%C3%A1bricas/Proyecto%20BiciPlay/BiciPlay/,root), Config: compile)),true,None)
Sending msg to client play-fork-run-db963be1-12e8-41f2-85b3-9f7a6ed5b015: TaskStarted(17,1300,None)
Sending msg to client play-fork-run-db963be1-12e8-41f2-85b3-9f7a6ed5b015: TaskFinished(17,1300,None,true,None)
Sending msg to client play-fork-run-db963be1-12e8-41f2-85b3-9f7a6ed5b015: TaskStarted(17,1299,Some(AttributeKey[sbt.Configuration]("classpathConfiguration") in Scope(Build: file:/Users/jose/Documents/DatosMac/Jose/Universidad/2016-2/F%C3%A1bricas/Proyecto%20BiciPlay/BiciPlay/, , Project: ProjectReference(file:/Users/jose/Documents/DatosMac/Jose/Universidad/2016-2/F%C3%A1bricas/Proyecto%20BiciPlay/BiciPlay/,root), Config: runtime)))
Sending msg to client play-fork-run-db963be1-12e8-41f2-85b3-9f7a6ed5b015: TaskFinished(17,1299,Some(AttributeKey[sbt.Configuration]("classpathConfiguration") in Scope(Build: file:/Users/jose/Documents/DatosMac/Jose/Universidad/2016-2/F%C3%A1bricas/Proyecto%20BiciPlay/BiciPlay/, , Project: ProjectReference(file:/Users/jose/Documents/DatosMac/Jose/Universidad/2016-2/F%C3%A1bricas/Proyecto%20BiciPlay/BiciPlay/,root), Config: runtime)),true,None)
Sending msg to client play-fork-run-db963be1-12e8-41f2-85b3-9f7a6ed5b015: TaskStarted(17,1298,None)
Sending msg to client play-fork-run-db963be1-12e8-41f2-85b3-9f7a6ed5b015: TaskFinished(17,1298,None,true,None)
Sending msg to client play-fork-run-db963be1-12e8-41f2-85b3-9f7a6ed5b015: TaskStarted(17,1296,Some(AttributeKey[scala.collection.Seq[sbt.Attributed[java.io.File]]]("managedClasspath") in Scope(Build: file:/Users/jose/Documents/DatosMac/Jose/Universidad/2016-2/F%C3%A1bricas/Proyecto%20BiciPlay/BiciPlay/, , Project: ProjectReference(file:/Users/jose/Documents/DatosMac/Jose/Universidad/2016-2/F%C3%A1bricas/Proyecto%20BiciPlay/BiciPlay/,root), Config: runtime)))
Sending msg to client play-fork-run-db963be1-12e8-41f2-85b3-9f7a6ed5b015: TaskFinished(17,1296,Some(AttributeKey[scala.collection.Seq[sbt.Attributed[java.io.File]]]("managedClasspath") in Scope(Build: file:/Users/jose/Documents/DatosMac/Jose/Universidad/2016-2/F%C3%A1bricas/Proyecto%20BiciPlay/BiciPlay/, , Project: ProjectReference(file:/Users/jose/Documents/DatosMac/Jose/Universidad/2016-2/F%C3%A1bricas/Proyecto%20BiciPlay/BiciPlay/,root), Config: runtime)),true,None)
Sending msg to client play-fork-run-db963be1-12e8-41f2-85b3-9f7a6ed5b015: TaskStarted(17,1295,None)
Sending msg to client play-fork-run-db963be1-12e8-41f2-85b3-9f7a6ed5b015: TaskFinished(17,1295,None,true,None)
Sending msg to client play-fork-run-db963be1-12e8-41f2-85b3-9f7a6ed5b015: TaskStarted(17,1294,Some(AttributeKey[scala.collection.Seq[sbt.Attributed[java.io.File]]]("playDependencyClasspath") in Scope(Build: file:/Users/jose/Documents/DatosMac/Jose/Universidad/2016-2/F%C3%A1bricas/Proyecto%20BiciPlay/BiciPlay/, , Project: ProjectReference(file:/Users/jose/Documents/DatosMac/Jose/Universidad/2016-2/F%C3%A1bricas/Proyecto%20BiciPlay/BiciPlay/,root))))
Sending msg to client play-fork-run-db963be1-12e8-41f2-85b3-9f7a6ed5b015: TaskFinished(17,1294,Some(AttributeKey[scala.collection.Seq[sbt.Attributed[java.io.File]]]("playDependencyClasspath") in Scope(Build: file:/Users/jose/Documents/DatosMac/Jose/Universidad/2016-2/F%C3%A1bricas/Proyecto%20BiciPlay/BiciPlay/, , Project: ProjectReference(file:/Users/jose/Documents/DatosMac/Jose/Universidad/2016-2/F%C3%A1bricas/Proyecto%20BiciPlay/BiciPlay/,root))),true,None)
Sending msg to client play-fork-run-db963be1-12e8-41f2-85b3-9f7a6ed5b015: TaskFinished(17,1259,Some(AttributeKey[scala.collection.Seq[sbt.Attributed[java.io.File]]]("managedClasspath") in Scope(Build: file:/Users/jose/Documents/DatosMac/Jose/Universidad/2016-2/F%C3%A1bricas/Proyecto%20BiciPlay/BiciPlay/, , Project: ProjectReference(file:/Users/jose/Documents/DatosMac/Jose/Universidad/2016-2/F%C3%A1bricas/Proyecto%20BiciPlay/BiciPlay/,root), Config: docs)),true,None)
Sending msg to client play-fork-run-db963be1-12e8-41f2-85b3-9f7a6ed5b015: TaskStarted(17,1258,Some(AttributeKey[scala.Option[java.io.File]]("playDocsJar") in Scope(Build: file:/Users/jose/Documents/DatosMac/Jose/Universidad/2016-2/F%C3%A1bricas/Proyecto%20BiciPlay/BiciPlay/, , Project: ProjectReference(file:/Users/jose/Documents/DatosMac/Jose/Universidad/2016-2/F%C3%A1bricas/Proyecto%20BiciPlay/BiciPlay/,root))))
Sending msg to client play-fork-run-db963be1-12e8-41f2-85b3-9f7a6ed5b015: TaskFinished(17,1258,Some(AttributeKey[scala.Option[java.io.File]]("playDocsJar") in Scope(Build: file:/Users/jose/Documents/DatosMac/Jose/Universidad/2016-2/F%C3%A1bricas/Proyecto%20BiciPlay/BiciPlay/, , Project: ProjectReference(file:/Users/jose/Documents/DatosMac/Jose/Universidad/2016-2/F%C3%A1bricas/Proyecto%20BiciPlay/BiciPlay/,root))),true,None)
Sending msg to client play-fork-run-db963be1-12e8-41f2-85b3-9f7a6ed5b015: TaskStarted(17,1254,Some(AttributeKey[play.forkrun.protocol.ForkConfig]("playForkConfig") in Scope(Build: file:/Users/jose/Documents/DatosMac/Jose/Universidad/2016-2/F%C3%A1bricas/Proyecto%20BiciPlay/BiciPlay/, , Project: ProjectReference(file:/Users/jose/Documents/DatosMac/Jose/Universidad/2016-2/F%C3%A1bricas/Proyecto%20BiciPlay/BiciPlay/,root))))
Sending msg to client play-fork-run-db963be1-12e8-41f2-85b3-9f7a6ed5b015: TaskFinished(17,1254,Some(AttributeKey[play.forkrun.protocol.ForkConfig]("playForkConfig") in Scope(Build: file:/Users/jose/Documents/DatosMac/Jose/Universidad/2016-2/F%C3%A1bricas/Proyecto%20BiciPlay/BiciPlay/, , Project: ProjectReference(file:/Users/jose/Documents/DatosMac/Jose/Universidad/2016-2/F%C3%A1bricas/Proyecto%20BiciPlay/BiciPlay/,root))),true,None)
Sending msg to client play-fork-run-db963be1-12e8-41f2-85b3-9f7a6ed5b015: ValueChanged(AttributeKey[play.forkrun.protocol.ForkConfig]("playForkConfig") in Scope(Build: file:/Users/jose/Documents/DatosMac/Jose/Universidad/2016-2/F%C3%A1bricas/Proyecto%20BiciPlay/BiciPlay/, , Project: ProjectReference(file:/Users/jose/Documents/DatosMac/Jose/Universidad/2016-2/F%C3%A1bricas/Proyecto%20BiciPlay/BiciPlay/,root)),TaskSuccess(BuildValue(LazyValue(ForkConfig(/Users/jose/Documents/DatosMac/Jose/Universidad/2016-2/Fábricas/Proyecto BiciPlay/BiciPlay,List(-Djna.nosys=true),List(/Users/jose/Documents/DatosMac/Jose/Universidad/2016-2/Fábricas/Proyecto BiciPlay/BiciPlay/lib/antlr-2.7.7.jar, /Users/jose/Documents/DatosMac/Jose/Universidad/2016-2/Fábricas/Proyecto BiciPlay/BiciPlay/lib/cdi-api-1.1.jar, /Users/jose/Documents/DatosMac/Jose/Universidad/2016-2/Fábricas/Proyecto BiciPlay/BiciPlay/lib/classmate-1.3.0.jar, /Users/jose/Documents/DatosMac/Jose/Universidad/2016-2/Fábricas/Proyecto BiciPlay/BiciPlay/lib/dom4j-1.6.1.jar, /Users/jose/Documents/DatosMac/Jose/Universidad/2016-2/Fábricas/Proyecto BiciPlay/BiciPlay/lib/el-api-2.2.jar, /Users/jose/Documents/DatosMac/Jose/Universidad/2016-2/Fábricas/Proyecto BiciPlay/BiciPlay/lib/geronimo-jta_1.1_spec-1.1.1.jar, /Users/jose/Documents/DatosMac/Jose/Universidad/2016-2/Fábricas/Proyecto BiciPlay/BiciPlay/lib/hibernate-commons-annotations-5.0.1.Final.jar, /Users/jose/Documents/DatosMac/Jose/Universidad/2016-2/Fábricas/Proyecto BiciPlay/BiciPlay/lib/hibernate-core-5.2.2.Final.jar, /Users/jose/Documents/DatosMac/Jose/Universidad/2016-2/Fábricas/Proyecto BiciPlay/BiciPlay/lib/hibernate-jpa-2.1-api-1.0.0.Final.jar, /Users/jose/Documents/DatosMac/Jose/Universidad/2016-2/Fábricas/Proyecto BiciPlay/BiciPlay/lib/jandex-2.0.0.Final.jar, /Users/jose/Documents/DatosMac/Jose/Universidad/2016-2/Fábricas/Proyecto BiciPlay/BiciPlay/lib/javassist-3.20.0-GA.jar, /Users/jose/Documents/DatosMac/Jose/Universidad/2016-2/Fábricas/Proyecto BiciPlay/BiciPlay/lib/javax.inject-1.jar, /Users/jose/Documents/DatosMac/Jose/Universidad/2016-2/Fábricas/Proyecto BiciPlay/BiciPlay/lib/jboss-interceptors-api_1.1_spec-1.0.0.Beta1.jar, /Users/jose/Documents/DatosMac/Jose/Universidad/2016-2/Fábricas/Proyecto BiciPlay/BiciPlay/lib/jboss-logging-3.3.0.Final.jar, /Users/jose/Documents/DatosMac/Jose/Universidad/2016-2/Fábricas/Proyecto BiciPlay/BiciPlay/lib/jsr250-api-1.0.jar, /Users/jose/.ivy2/cache/org.scala-lang/scala-library/jars/scala-library-2.11.7.jar, /Users/jose/.ivy2/cache/com.typesafe.play/play-enhancer/jars/play-enhancer-1.1.0.jar, /Users/jose/.ivy2/cache/com.typesafe.play/twirl-api_2.11/jars/twirl-api_2.11-1.1.1.jar, /Users/jose/.ivy2/cache/org.apache.commons/commons-lang3/jars/commons-lang3-3.4.jar, /Users/jose/.ivy2/cache/org.scala-lang.modules/scala-xml_2.11/bundles/scala-xml_2.11-1.0.1.jar, /Users/jose/.ivy2/cache/com.typesafe.play/play-ebean_2.11/jars/play-ebean_2.11-3.0.0.jar, /Users/jose/.ivy2/cache/com.typesafe.play/play-java-jdbc_2.11/jars/play-java-jdbc_2.11-2.5.6.jar, /Users/jose/.ivy2/cache/com.typesafe.play/play-jdbc_2.11/jars/play-jdbc_2.11-2.5.6.jar, /Users/jose/.ivy2/cache/com.typesafe.play/play-jdbc-api_2.11/jars/play-jdbc-api_2.11-2.5.6.jar, /Users/jose/.ivy2/cache/com.typesafe.play/play_2.11/jars/play_2.11-2.5.6.jar, /Users/jose/.ivy2/cache/com.typesafe.play/build-link/jars/build-link-2.5.6.jar, /Users/jose/.ivy2/cache/com.typesafe.play/play-exceptions/jars/play-exceptions-2.5.6.jar, /Users/jose/.ivy2/cache/com.typesafe.play/play-iteratees_2.11/jars/play-iteratees_2.11-2.5.6.jar, /Users/jose/.ivy2/cache/org.scala-stm/scala-stm_2.11/jars/scala-stm_2.11-0.7.jar, /Users/jose/.ivy2/cache/com.typesafe/config/bundles/config-1.3.0.jar, /Users/jose/.ivy2/cache/com.typesafe.play/play-json_2.11/jars/play-json_2.11-2.5.6.jar, /Users/jose/.ivy2/cache/com.typesafe.play/play-functional_2.11/jars/play-functional_2.11-2.5.6.jar, /Users/jose/.ivy2/cache/com.typesafe.play/play-datacommons_2.11/jars/play-datacommons_2.11-2.5.6.jar, /Users/jose/.ivy2/cache/joda-time/joda-time/jars/joda-time-2.9.4.jar, /Users/jose/Documents/software/activator-dist-1.3.10/repository/org.joda/joda-convert/1.8.1/jars/joda-convert.jar, /Users/jose/.ivy2/cache/org.scala-lang/scala-reflect/jars/scala-reflect-2.11.7.jar, /Users/jose/.ivy2/cache/com.fasterxml.jackson.core/jackson-core/bundles/jackson-core-2.7.6.jar, /Users/jose/.ivy2/cache/com.fasterxml.jackson.core/jackson-annotations/bundles/jackson-annotations-2.7.6.jar, /Users/jose/.ivy2/cache/com.fasterxml.jackson.core/jackson-databind/bundles/jackson-databind-2.7.6.jar, /Users/jose/.ivy2/cache/com.fasterxml.jackson.datatype/jackson-datatype-jdk8/bundles/jackson-datatype-jdk8-2.7.6.jar, /Users/jose/.ivy2/cache/com.fasterxml.jackson.datatype/jackson-datatype-jsr310/bundles/jackson-datatype-jsr310-2.7.6.jar, /Users/jose/.ivy2/cache/com.typesafe.play/play-netty-utils/jars/play-netty-utils-2.5.6.jar, /Users/jose/Documents/software/activator-dist-1.3.10/repository/org.slf4j/slf4j-api/1.7.21/jars/slf4j-api.jar, /Users/jose/.ivy2/cache/org.slf4j/jul-to-slf4j/jars/jul-to-slf4j-1.7.21.jar, /Users/jose/.ivy2/cache/org.slf4j/jcl-over-slf4j/jars/jcl-over-slf4j-1.7.21.jar, /Users/jose/.ivy2/cache/com.typesafe.play/play-streams_2.11/jars/play-streams_2.11-2.5.6.jar, /Users/jose/Documents/software/activator-dist-1.3.10/repository/org.reactivestreams/reactive-streams/1.0.0/jars/reactive-streams.jar, /Users/jose/.ivy2/cache/com.typesafe.akka/akka-stream_2.11/jars/akka-stream_2.11-2.4.9.jar, /Users/jose/.ivy2/cache/com.typesafe.akka/akka-actor_2.11/jars/akka-actor_2.11-2.4.9.jar, /Users/jose/Documents/software/activator-dist-1.3.10/repository/org.scala-lang.modules/scala-java8-compat_2.11/0.7.0/bundles/scala-java8-compat_2.11.jar, /Users/jose/.ivy2/cache/com.typesafe/ssl-config-akka_2.11/bundles/ssl-config-akka_2.11-0.2.1.jar, /Users/jose/.ivy2/cache/com.typesafe/ssl-config-core_2.11/bundles/ssl-config-core_2.11-0.2.1.jar, /Users/jose/.ivy2/cache/org.scala-lang.modules/scala-parser-combinators_2.11/bundles/scala-parser-combinators_2.11-1.0.4.jar, /Users/jose/.ivy2/cache/com.typesafe.akka/akka-slf4j_2.11/jars/akka-slf4j_2.11-2.4.9.jar, /Users/jose/.ivy2/cache/commons-codec/commons-codec/jars/commons-codec-1.10.jar, /Users/jose/.ivy2/cache/xerces/xercesImpl/jars/xercesImpl-2.11.0.jar, /Users/jose/.ivy2/cache/xml-apis/xml-apis/jars/xml-apis-1.4.01.jar, /Users/jose/.ivy2/cache/javax.transaction/jta/jars/jta-1.1.jar, /Users/jose/.ivy2/cache/com.google.inject/guice/jars/guice-4.0.jar, /Users/jose/.ivy2/cache/javax.inject/javax.inject/jars/javax.inject-1.jar, /Users/jose/.ivy2/cache/aopalliance/aopalliance/jars/aopalliance-1.0.jar, /Users/jose/.ivy2/cache/com.google.inject.extensions/guice-assistedinject/jars/guice-assistedinject-4.0.jar, /Users/jose/.ivy2/cache/com.jolbox/bonecp/bundles/bonecp-0.8.0.RELEASE.jar, /Users/jose/.ivy2/cache/com.zaxxer/HikariCP/bundles/HikariCP-2.4.7.jar, /Users/jose/Documents/software/activator-dist-1.3.10/repository/com.googlecode.usc/jdbcdslog/1.0.6.2/jars/jdbcdslog.jar, /Users/jose/.ivy2/cache/com.h2database/h2/jars/h2-1.4.192.jar, /Users/jose/.ivy2/cache/tyrex/tyrex/jars/tyrex-1.0.1.jar, /Users/jose/.ivy2/cache/com.typesafe.play/play-java_2.11/jars/play-java_2.11-2.5.6.jar, /Users/jose/Documents/software/activator-dist-1.3.10/repository/org.yaml/snakeyaml/1.16/bundles/snakeyaml.jar, /Users/jose/Documents/software/activator-dist-1.3.10/repository/org.hibernate/hibernate-validator/5.2.4.Final/jars/hibernate-validator.jar, /Users/jose/.ivy2/cache/javax.validation/validation-api/jars/validation-api-1.1.0.Final.jar, /Users/jose/Documents/software/activator-dist-1.3.10/repository/javax.el/javax.el-api/3.0.0/jars/javax.el-api.jar, /Users/jose/.ivy2/cache/org.springframework/spring-context/jars/spring-context-4.2.7.RELEASE.jar, /Users/jose/.ivy2/cache/org.springframework/spring-core/jars/spring-core-4.2.7.RELEASE.jar, /Users/jose/.ivy2/cache/org.springframework/spring-beans/jars/spring-beans-4.2.7.RELEASE.jar, /Users/jose/Documents/software/activator-dist-1.3.10/repository/org.reflections/reflections/0.9.10/jars/reflections.jar, /Users/jose/Documents/software/activator-dist-1.3.10/repository/com.google.guava/guava/19.0/bundles/guava.jar, /Users/jose/Documents/software/activator-dist-1.3.10/repository/net.jodah/typetools/0.4.4/bundles/typetools.jar, /Users/jose/Documents/software/activator-dist-1.3.10/repository/com.google.code.findbugs/jsr305/3.0.1/jars/jsr305.jar, /Users/jose/.ivy2/cache/org.apache.tomcat/tomcat-servlet-api/jars/tomcat-servlet-api-8.0.33.jar, /Users/jose/.ivy2/cache/com.typesafe.play/play-jdbc-evolutions_2.11/jars/play-jdbc-evolutions_2.11-2.5.0.jar, /Users/jose/.ivy2/cache/org.avaje.ebeanorm/avaje-ebeanorm/jars/avaje-ebeanorm-6.18.1.jar, /Users/jose/.ivy2/cache/org.jetbrains/annotations/jars/annotations-13.0.jar, /Users/jose/.ivy2/cache/javax.persistence/persistence-api/jars/persistence-api-1.0.jar, /Users/jose/.ivy2/cache/org.avaje.ebeanorm/avaje-ebeanorm-agent/jars/avaje-ebeanorm-agent-4.9.1.jar, /Users/jose/.ivy2/cache/com.typesafe.play/play-server_2.11/jars/play-server_2.11-2.5.6.jar, /Users/jose/.ivy2/cache/com.typesafe.play/play-netty-server_2.11/jars/play-netty-server_2.11-2.5.6.jar, /Users/jose/.ivy2/cache/com.typesafe.netty/netty-reactive-streams-http/jars/netty-reactive-streams-http-1.0.7.jar, /Users/jose/.ivy2/cache/com.typesafe.netty/netty-reactive-streams/jars/netty-reactive-streams-1.0.7.jar, /Users/jose/.ivy2/cache/io.netty/netty-handler/jars/netty-handler-4.0.39.Final.jar, /Users/jose/.ivy2/cache/io.netty/netty-buffer/jars/netty-buffer-4.0.39.Final.jar, /Users/jose/.ivy2/cache/io.netty/netty-common/jars/netty-common-4.0.39.Final.jar, /Users/jose/.ivy2/cache/io.netty/netty-transport/jars/netty-transport-4.0.39.Final.jar, /Users/jose/.ivy2/cache/io.netty/netty-codec/jars/netty-codec-4.0.39.Final.jar, /Users/jose/.ivy2/cache/io.netty/netty-codec-http/jars/netty-codec-http-4.0.39.Final.jar, /Users/jose/.ivy2/cache/io.netty/netty-transport-native-epoll/jars/netty-transport-native-epoll-4.0.39.Final-linux-x86_64.jar, /Users/jose/.ivy2/cache/com.typesafe.play/play-logback_2.11/jars/play-logback_2.11-2.5.6.jar, /Users/jose/.ivy2/cache/ch.qos.logback/logback-classic/jars/logback-classic-1.1.7.jar, /Users/jose/.ivy2/cache/ch.qos.logback/logback-core/jars/logback-core-1.1.7.jar, /Users/jose/.ivy2/cache/com.typesafe.play/play-cache_2.11/jars/play-cache_2.11-2.5.6.jar, /Users/jose/.ivy2/cache/net.sf.ehcache/ehcache-core/jars/ehcache-core-2.6.11.jar, /Users/jose/.ivy2/cache/com.typesafe.play/play-java-ws_2.11/jars/play-java-ws_2.11-2.5.6.jar, /Users/jose/.ivy2/cache/com.typesafe.play/play-ws_2.11/jars/play-ws_2.11-2.5.6.jar, /Users/jose/.ivy2/cache/org.asynchttpclient/async-http-client/jars/async-http-client-2.0.11.jar, /Users/jose/.ivy2/cache/org.asynchttpclient/netty-resolver-dns/jars/netty-resolver-dns-2.0.11.jar, /Users/jose/.ivy2/cache/org.asynchttpclient/netty-resolver/jars/netty-resolver-2.0.11.jar, /Users/jose/.ivy2/cache/org.asynchttpclient/netty-codec-dns/jars/netty-codec-dns-2.0.11.jar, /Users/jose/Documents/software/activator-dist-1.3.10/repository/org.javassist/javassist/3.20.0-GA/bundles/javassist.jar, /Users/jose/.ivy2/cache/oauth.signpost/signpost-core/jars/signpost-core-1.2.1.2.jar, /Users/jose/.ivy2/cache/oauth.signpost/signpost-commonshttp4/jars/signpost-commonshttp4-1.2.1.2.jar, /Users/jose/.ivy2/cache/org.apache.httpcomponents/httpcore/jars/httpcore-4.0.1.jar, /Users/jose/.ivy2/cache/org.apache.httpcomponents/httpclient/jars/httpclient-4.0.1.jar, /Users/jose/.ivy2/cache/commons-logging/commons-logging/jars/commons-logging-1.1.1.jar, /Users/jose/.ivy2/cache/com.typesafe.play/play-java-jpa_2.11/jars/play-java-jpa_2.11-2.5.6.jar, /Users/jose/.ivy2/cache/org.hibernate.javax.persistence/hibernate-jpa-2.1-api/jars/hibernate-jpa-2.1-api-1.0.0.Final.jar, /Users/jose/.ivy2/cache/org.hibernate/hibernate-entitymanager/jars/hibernate-entitymanager-5.1.0.Final.jar, /Users/jose/.ivy2/cache/org.jboss.logging/jboss-logging/jars/jboss-logging-3.3.0.Final.jar, /Users/jose/.ivy2/cache/org.hibernate/hibernate-core/jars/hibernate-core-5.1.0.Final.jar, /Users/jose/.ivy2/cache/antlr/antlr/jars/antlr-2.7.7.jar, /Users/jose/.ivy2/cache/org.apache.geronimo.specs/geronimo-jta_1.1_spec/jars/geronimo-jta_1.1_spec-1.1.1.jar, /Users/jose/.ivy2/cache/org.jboss/jandex/bundles/jandex-2.0.0.Final.jar, /Users/jose/.ivy2/cache/com.fasterxml/classmate/bundles/classmate-1.3.0.jar, /Users/jose/.ivy2/cache/dom4j/dom4j/jars/dom4j-1.6.1.jar, /Users/jose/.ivy2/cache/org.hibernate.common/hibernate-commons-annotations/jars/hibernate-commons-annotations-5.0.1.Final.jar, /Users/jose/.ivy2/cache/com.typesafe.play/filters-helpers_2.11/jars/filters-helpers_2.11-2.5.6.jar, /Users/jose/.ivy2/cache/org.postgresql/postgresql/jars/postgresql-9.4-1206-jdbc42.jar, /Users/jose/.ivy2/cache/com.google.code.gson/gson/jars/gson-2.7.jar),List((public/,/Users/jose/Documents/DatosMac/Jose/Universidad/2016-2/Fábricas/Proyecto BiciPlay/BiciPlay/target/web/public/main)),List(/Users/jose/.ivy2/cache/com.typesafe.play/play-omnidoc_2.11/jars/play-omnidoc_2.11-2.5.6.jar, /Users/jose/.ivy2/cache/org.scala-lang/scala-library/jars/scala-library-2.11.7.jar, /Users/jose/.ivy2/cache/com.typesafe.play/play-docs_2.11/jars/play-docs_2.11-2.5.6.jar, /Users/jose/.ivy2/cache/com.typesafe.play/play-netty-server_2.11/jars/play-netty-server_2.11-2.5.6.jar, /Users/jose/.ivy2/cache/com.typesafe.play/play-server_2.11/jars/play-server_2.11-2.5.6.jar, /Users/jose/.ivy2/cache/com.typesafe.play/play_2.11/jars/play_2.11-2.5.6.jar, /Users/jose/.ivy2/cache/com.typesafe.play/build-link/jars/build-link-2.5.6.jar, /Users/jose/.ivy2/cache/com.typesafe.play/play-exceptions/jars/play-exceptions-2.5.6.jar, /Users/jose/.ivy2/cache/com.typesafe.play/play-iteratees_2.11/jars/play-iteratees_2.11-2.5.6.jar, /Users/jose/.ivy2/cache/org.scala-stm/scala-stm_2.11/jars/scala-stm_2.11-0.7.jar, /Users/jose/.ivy2/cache/com.typesafe/config/bundles/config-1.3.0.jar, /Users/jose/.ivy2/cache/com.typesafe.play/play-json_2.11/jars/play-json_2.11-2.5.6.jar, /Users/jose/.ivy2/cache/com.typesafe.play/play-functional_2.11/jars/play-functional_2.11-2.5.6.jar, /Users/jose/.ivy2/cache/com.typesafe.play/play-datacommons_2.11/jars/play-datacommons_2.11-2.5.6.jar, /Users/jose/.ivy2/cache/joda-time/joda-time/jars/joda-time-2.9.4.jar, /Users/jose/Documents/software/activator-dist-1.3.10/repository/org.joda/joda-convert/1.8.1/jars/joda-convert.jar, /Users/jose/.ivy2/cache/org.scala-lang/scala-reflect/jars/scala-reflect-2.11.7.jar, /Users/jose/.ivy2/cache/com.fasterxml.jackson.core/jackson-core/bundles/jackson-core-2.7.6.jar, /Users/jose/.ivy2/cache/com.fasterxml.jackson.core/jackson-annotations/bundles/jackson-annotations-2.7.6.jar, /Users/jose/.ivy2/cache/com.fasterxml.jackson.core/jackson-databind/bundles/jackson-databind-2.7.6.jar, /Users/jose/.ivy2/cache/com.fasterxml.jackson.datatype/jackson-datatype-jdk8/bundles/jackson-datatype-jdk8-2.7.6.jar, /Users/jose/.ivy2/cache/com.fasterxml.jackson.datatype/jackson-datatype-jsr310/bundles/jackson-datatype-jsr310-2.7.6.jar, /Users/jose/.ivy2/cache/com.typesafe.play/play-netty-utils/jars/play-netty-utils-2.5.6.jar, /Users/jose/Documents/software/activator-dist-1.3.10/repository/org.slf4j/slf4j-api/1.7.21/jars/slf4j-api.jar, /Users/jose/.ivy2/cache/org.slf4j/jul-to-slf4j/jars/jul-to-slf4j-1.7.21.jar, /Users/jose/.ivy2/cache/org.slf4j/jcl-over-slf4j/jars/jcl-over-slf4j-1.7.21.jar, /Users/jose/.ivy2/cache/com.typesafe.play/play-streams_2.11/jars/play-streams_2.11-2.5.6.jar, /Users/jose/Documents/software/activator-dist-1.3.10/repository/org.reactivestreams/reactive-streams/1.0.0/jars/reactive-streams.jar, /Users/jose/.ivy2/cache/com.typesafe.akka/akka-stream_2.11/jars/akka-stream_2.11-2.4.9.jar, /Users/jose/.ivy2/cache/com.typesafe.akka/akka-actor_2.11/jars/akka-actor_2.11-2.4.9.jar, /Users/jose/Documents/software/activator-dist-1.3.10/repository/org.scala-lang.modules/scala-java8-compat_2.11/0.7.0/bundles/scala-java8-compat_2.11.jar, /Users/jose/.ivy2/cache/com.typesafe/ssl-config-akka_2.11/bundles/ssl-config-akka_2.11-0.2.1.jar, /Users/jose/.ivy2/cache/com.typesafe/ssl-config-core_2.11/bundles/ssl-config-core_2.11-0.2.1.jar, /Users/jose/.ivy2/cache/org.scala-lang.modules/scala-parser-combinators_2.11/bundles/scala-parser-combinators_2.11-1.0.4.jar, /Users/jose/.ivy2/cache/com.typesafe.play/twirl-api_2.11/jars/twirl-api_2.11-1.1.1.jar, /Users/jose/.ivy2/cache/org.apache.commons/commons-lang3/jars/commons-lang3-3.4.jar, /Users/jose/.ivy2/cache/org.scala-lang.modules/scala-xml_2.11/bundles/scala-xml_2.11-1.0.1.jar, /Users/jose/.ivy2/cache/com.typesafe.akka/akka-slf4j_2.11/jars/akka-slf4j_2.11-2.4.9.jar, /Users/jose/.ivy2/cache/commons-codec/commons-codec/jars/commons-codec-1.10.jar, /Users/jose/.ivy2/cache/xerces/xercesImpl/jars/xercesImpl-2.11.0.jar, /Users/jose/.ivy2/cache/xml-apis/xml-apis/jars/xml-apis-1.4.01.jar, /Users/jose/.ivy2/cache/javax.transaction/jta/jars/jta-1.1.jar, /Users/jose/.ivy2/cache/com.google.inject/guice/jars/guice-4.0.jar, /Users/jose/.ivy2/cache/javax.inject/javax.inject/jars/javax.inject-1.jar, /Users/jose/.ivy2/cache/aopalliance/aopalliance/jars/aopalliance-1.0.jar, /Users/jose/.ivy2/cache/com.google.guava/guava/bundles/guava-16.0.1.jar, /Users/jose/.ivy2/cache/com.google.inject.extensions/guice-assistedinject/jars/guice-assistedinject-4.0.jar, /Users/jose/.ivy2/cache/com.typesafe.netty/netty-reactive-streams-http/jars/netty-reactive-streams-http-1.0.7.jar, /Users/jose/.ivy2/cache/com.typesafe.netty/netty-reactive-streams/jars/netty-reactive-streams-1.0.7.jar, /Users/jose/.ivy2/cache/io.netty/netty-handler/jars/netty-handler-4.0.39.Final.jar, /Users/jose/.ivy2/cache/io.netty/netty-buffer/jars/netty-buffer-4.0.39.Final.jar, /Users/jose/.ivy2/cache/io.netty/netty-common/jars/netty-common-4.0.39.Final.jar, /Users/jose/.ivy2/cache/io.netty/netty-transport/jars/netty-transport-4.0.39.Final.jar, /Users/jose/.ivy2/cache/io.netty/netty-codec/jars/netty-codec-4.0.39.Final.jar, /Users/jose/.ivy2/cache/io.netty/netty-codec-http/jars/netty-codec-http-4.0.39.Final.jar, /Users/jose/.ivy2/cache/io.netty/netty-transport-native-epoll/jars/netty-transport-native-epoll-4.0.39.Final-linux-x86_64.jar, /Users/jose/.ivy2/cache/com.typesafe.play/play-doc_2.11/jars/play-doc_2.11-1.2.2.jar, /Users/jose/.ivy2/cache/org.pegdown/pegdown/jars/pegdown-1.4.0.jar, /Users/jose/.ivy2/cache/org.parboiled/parboiled-java/bundles/parboiled-java-1.1.5.jar, /Users/jose/.ivy2/cache/org.parboiled/parboiled-core/bundles/parboiled-core-1.1.5.jar, /Users/jose/.ivy2/cache/org.ow2.asm/asm/jars/asm-4.1.jar, /Users/jose/.ivy2/cache/org.ow2.asm/asm-tree/jars/asm-tree-4.1.jar, /Users/jose/.ivy2/cache/org.ow2.asm/asm-analysis/jars/asm-analysis-4.1.jar, /Users/jose/.ivy2/cache/org.ow2.asm/asm-util/jars/asm-util-4.1.jar, /Users/jose/.ivy2/cache/commons-io/commons-io/jars/commons-io-2.4.jar),Some(/Users/jose/.ivy2/cache/com.typesafe.play/play-omnidoc_2.11/jars/play-omnidoc_2.11-2.5.6.jar),List(),9000,0.0.0.0,DefaultWatchService,List(/Users/jose/Documents/DatosMac/Jose/Universidad/2016-2/Fábricas/Proyecto BiciPlay/BiciPlay/public, /Users/jose/Documents/DatosMac/Jose/Universidad/2016-2/Fábricas/Proyecto BiciPlay/BiciPlay/conf, /Users/jose/Documents/DatosMac/Jose/Universidad/2016-2/Fábricas/Proyecto BiciPlay/BiciPlay/app),/Users/jose/Documents/DatosMac/Jose/Universidad/2016-2/Fábricas/Proyecto BiciPlay/BiciPlay/target,500,root/playForkNotifyStart,root/playForkReload,300000,play.core.server.DevServerStart),scala.pickling.PicklerUnpickler$DelegatingPicklerUnpickler@184d332f),ForkConfig(/Users/jose/Documents/DatosMac/Jose/Universidad/2016-2/Fábricas/Proyecto BiciPlay/BiciPlay,List(-Djna.nosys=true),List(/Users/jose/Documents/DatosMac/Jose/Universidad/2016-2/Fábricas/Proyecto BiciPlay/BiciPlay/lib/antlr-2.7.7.jar, /Users/jose/Documents/DatosMac/Jose/Universidad/2016-2/Fábricas/Proyecto BiciPlay/BiciPlay/lib/cdi-api-1.1.jar, /Users/jose/Documents/DatosMac/Jose/Universidad/2016-2/Fábricas/Proyecto BiciPlay/BiciPlay/lib/classmate-1.3.0.jar, /Users/jose/Documents/DatosMac/Jose/Universidad/2016-2/Fábricas/Proyecto BiciPlay/BiciPlay/lib/dom4j-1.6.1.jar, /Users/jose/Documents/DatosMac/Jose/Universidad/2016-2/Fábricas/Proyecto BiciPlay/BiciPlay/lib/el-api-2.2.jar, /Users/jose/Documents/DatosMac/Jose/Universidad/2016-2/Fábricas/Proyecto BiciPlay/BiciPlay/lib/geronimo-jta_1.1_spec-1.1.1.jar, /Users/jose/Documents/DatosMac/Jose/Universidad/2016-2/Fábricas/Proyecto BiciPlay/BiciPlay/lib/hibernate-commons-annotations-5.0.1.Final.jar, /Users/jose/Documents/DatosMac/Jose/Universidad/2016-2/Fábricas/Proyecto BiciPlay/BiciPlay/lib/hibernate-core-5.2.2.Final.jar, /Users/jose/Documents/DatosMac/Jose/Universidad/2016-2/Fábricas/Proyecto BiciPlay/BiciPlay/lib/hibernate-jpa-2.1-api-1.0.0.Final.jar, /Users/jose/Documents/DatosMac/Jose/Universidad/2016-2/Fábricas/Proyecto BiciPlay/BiciPlay/lib/jandex-2.0.0.Final.jar, /Users/jose/Documents/DatosMac/Jose/Universidad/2016-2/Fábricas/Proyecto BiciPlay/BiciPlay/lib/javassist-3.20.0-GA.jar, /Users/jose/Documents/DatosMac/Jose/Universidad/2016-2/Fábricas/Proyecto BiciPlay/BiciPlay/lib/javax.inject-1.jar, /Users/jose/Documents/DatosMac/Jose/Universidad/2016-2/Fábricas/Proyecto BiciPlay/BiciPlay/lib/jboss-interceptors-api_1.1_spec-1.0.0.Beta1.jar, /Users/jose/Documents/DatosMac/Jose/Universidad/2016-2/Fábricas/Proyecto BiciPlay/BiciPlay/lib/jboss-logging-3.3.0.Final.jar, /Users/jose/Documents/DatosMac/Jose/Universidad/2016-2/Fábricas/Proyecto BiciPlay/BiciPlay/lib/jsr250-api-1.0.jar, /Users/jose/.ivy2/cache/org.scala-lang/scala-library/jars/scala-library-2.11.7.jar, /Users/jose/.ivy2/cache/com.typesafe.play/play-enhancer/jars/play-enhancer-1.1.0.jar, /Users/jose/.ivy2/cache/com.typesafe.play/twirl-api_2.11/jars/twirl-api_2.11-1.1.1.jar, /Users/jose/.ivy2/cache/org.apache.commons/commons-lang3/jars/commons-lang3-3.4.jar, /Users/jose/.ivy2/cache/org.scala-lang.modules/scala-xml_2.11/bundles/scala-xml_2.11-1.0.1.jar, /Users/jose/.ivy2/cache/com.typesafe.play/play-ebean_2.11/jars/play-ebean_2.11-3.0.0.jar, /Users/jose/.ivy2/cache/com.typesafe.play/play-java-jdbc_2.11/jars/play-java-jdbc_2.11-2.5.6.jar, /Users/jose/.ivy2/cache/com.typesafe.play/play-jdbc_2.11/jars/play-jdbc_2.11-2.5.6.jar, /Users/jose/.ivy2/cache/com.typesafe.play/play-jdbc-api_2.11/jars/play-jdbc-api_2.11-2.5.6.jar, /Users/jose/.ivy2/cache/com.typesafe.play/play_2.11/jars/play_2.11-2.5.6.jar, /Users/jose/.ivy2/cache/com.typesafe.play/build-link/jars/build-link-2.5.6.jar, /Users/jose/.ivy2/cache/com.typesafe.play/play-exceptions/jars/play-exceptions-2.5.6.jar, /Users/jose/.ivy2/cache/com.typesafe.play/play-iteratees_2.11/jars/play-iteratees_2.11-2.5.6.jar, /Users/jose/.ivy2/cache/org.scala-stm/scala-stm_2.11/jars/scala-stm_2.11-0.7.jar, /Users/jose/.ivy2/cache/com.typesafe/config/bundles/config-1.3.0.jar, /Users/jose/.ivy2/cache/com.typesafe.play/play-json_2.11/jars/play-json_2.11-2.5.6.jar, /Users/jose/.ivy2/cache/com.typesafe.play/play-functional_2.11/jars/play-functional_2.11-2.5.6.jar, /Users/jose/.ivy2/cache/com.typesafe.play/play-datacommons_2.11/jars/play-datacommons_2.11-2.5.6.jar, /Users/jose/.ivy2/cache/joda-time/joda-time/jars/joda-time-2.9.4.jar, /Users/jose/Documents/software/activator-dist-1.3.10/repository/org.joda/joda-convert/1.8.1/jars/joda-convert.jar, /Users/jose/.ivy2/cache/org.scala-lang/scala-reflect/jars/scala-reflect-2.11.7.jar, /Users/jose/.ivy2/cache/com.fasterxml.jackson.core/jackson-core/bundles/jackson-core-2.7.6.jar, /Users/jose/.ivy2/cache/com.fasterxml.jackson.core/jackson-annotations/bundles/jackson-annotations-2.7.6.jar, /Users/jose/.ivy2/cache/com.fasterxml.jackson.core/jackson-databind/bundles/jackson-databind-2.7.6.jar, /Users/jose/.ivy2/cache/com.fasterxml.jackson.datatype/jackson-datatype-jdk8/bundles/jackson-datatype-jdk8-2.7.6.jar, /Users/jose/.ivy2/cache/com.fasterxml.jackson.datatype/jackson-datatype-jsr310/bundles/jackson-datatype-jsr310-2.7.6.jar, /Users/jose/.ivy2/cache/com.typesafe.play/play-netty-utils/jars/play-netty-utils-2.5.6.jar, /Users/jose/Documents/software/activator-dist-1.3.10/repository/org.slf4j/slf4j-api/1.7.21/jars/slf4j-api.jar, /Users/jose/.ivy2/cache/org.slf4j/jul-to-slf4j/jars/jul-to-slf4j-1.7.21.jar, /Users/jose/.ivy2/cache/org.slf4j/jcl-over-slf4j/jars/jcl-over-slf4j-1.7.21.jar, /Users/jose/.ivy2/cache/com.typesafe.play/play-streams_2.11/jars/play-streams_2.11-2.5.6.jar, /Users/jose/Documents/software/activator-dist-1.3.10/repository/org.reactivestreams/reactive-streams/1.0.0/jars/reactive-streams.jar, /Users/jose/.ivy2/cache/com.typesafe.akka/akka-stream_2.11/jars/akka-stream_2.11-2.4.9.jar, /Users/jose/.ivy2/cache/com.typesafe.akka/akka-actor_2.11/jars/akka-actor_2.11-2.4.9.jar, /Users/jose/Documents/software/activator-dist-1.3.10/repository/org.scala-lang.modules/scala-java8-compat_2.11/0.7.0/bundles/scala-java8-compat_2.11.jar, /Users/jose/.ivy2/cache/com.typesafe/ssl-config-akka_2.11/bundles/ssl-config-akka_2.11-0.2.1.jar, /Users/jose/.ivy2/cache/com.typesafe/ssl-config-core_2.11/bundles/ssl-config-core_2.11-0.2.1.jar, /Users/jose/.ivy2/cache/org.scala-lang.modules/scala-parser-combinators_2.11/bundles/scala-parser-combinators_2.11-1.0.4.jar, /Users/jose/.ivy2/cache/com.typesafe.akka/akka-slf4j_2.11/jars/akka-slf4j_2.11-2.4.9.jar, /Users/jose/.ivy2/cache/commons-codec/commons-codec/jars/commons-codec-1.10.jar, /Users/jose/.ivy2/cache/xerces/xercesImpl/jars/xercesImpl-2.11.0.jar, /Users/jose/.ivy2/cache/xml-apis/xml-apis/jars/xml-apis-1.4.01.jar, /Users/jose/.ivy2/cache/javax.transaction/jta/jars/jta-1.1.jar, /Users/jose/.ivy2/cache/com.google.inject/guice/jars/guice-4.0.jar, /Users/jose/.ivy2/cache/javax.inject/javax.inject/jars/javax.inject-1.jar, /Users/jose/.ivy2/cache/aopalliance/aopalliance/jars/aopalliance-1.0.jar, /Users/jose/.ivy2/cache/com.google.inject.extensions/guice-assistedinject/jars/guice-assistedinject-4.0.jar, /Users/jose/.ivy2/cache/com.jolbox/bonecp/bundles/bonecp-0.8.0.RELEASE.jar, /Users/jose/.ivy2/cache/com.zaxxer/HikariCP/bundles/HikariCP-2.4.7.jar, /Users/jose/Documents/software/activator-dist-1.3.10/repository/com.googlecode.usc/jdbcdslog/1.0.6.2/jars/jdbcdslog.jar, /Users/jose/.ivy2/cache/com.h2database/h2/jars/h2-1.4.192.jar, /Users/jose/.ivy2/cache/tyrex/tyrex/jars/tyrex-1.0.1.jar, /Users/jose/.ivy2/cache/com.typesafe.play/play-java_2.11/jars/play-java_2.11-2.5.6.jar, /Users/jose/Documents/software/activator-dist-1.3.10/repository/org.yaml/snakeyaml/1.16/bundles/snakeyaml.jar, /Users/jose/Documents/software/activator-dist-1.3.10/repository/org.hibernate/hibernate-validator/5.2.4.Final/jars/hibernate-validator.jar, /Users/jose/.ivy2/cache/javax.validation/validation-api/jars/validation-api-1.1.0.Final.jar, /Users/jose/Documents/software/activator-dist-1.3.10/repository/javax.el/javax.el-api/3.0.0/jars/javax.el-api.jar, /Users/jose/.ivy2/cache/org.springframework/spring-context/jars/spring-context-4.2.7.RELEASE.jar, /Users/jose/.ivy2/cache/org.springframework/spring-core/jars/spring-core-4.2.7.RELEASE.jar, /Users/jose/.ivy2/cache/org.springframework/spring-beans/jars/spring-beans-4.2.7.RELEASE.jar, /Users/jose/Documents/software/activator-dist-1.3.10/repository/org.reflections/reflections/0.9.10/jars/reflections.jar, /Users/jose/Documents/software/activator-dist-1.3.10/repository/com.google.guava/guava/19.0/bundles/guava.jar, /Users/jose/Documents/software/activator-dist-1.3.10/repository/net.jodah/typetools/0.4.4/bundles/typetools.jar, /Users/jose/Documents/software/activator-dist-1.3.10/repository/com.google.code.findbugs/jsr305/3.0.1/jars/jsr305.jar, /Users/jose/.ivy2/cache/org.apache.tomcat/tomcat-servlet-api/jars/tomcat-servlet-api-8.0.33.jar, /Users/jose/.ivy2/cache/com.typesafe.play/play-jdbc-evolutions_2.11/jars/play-jdbc-evolutions_2.11-2.5.0.jar, /Users/jose/.ivy2/cache/org.avaje.ebeanorm/avaje-ebeanorm/jars/avaje-ebeanorm-6.18.1.jar, /Users/jose/.ivy2/cache/org.jetbrains/annotations/jars/annotations-13.0.jar, /Users/jose/.ivy2/cache/javax.persistence/persistence-api/jars/persistence-api-1.0.jar, /Users/jose/.ivy2/cache/org.avaje.ebeanorm/avaje-ebeanorm-agent/jars/avaje-ebeanorm-agent-4.9.1.jar, /Users/jose/.ivy2/cache/com.typesafe.play/play-server_2.11/jars/play-server_2.11-2.5.6.jar, /Users/jose/.ivy2/cache/com.typesafe.play/play-netty-server_2.11/jars/play-netty-server_2.11-2.5.6.jar, /Users/jose/.ivy2/cache/com.typesafe.netty/netty-reactive-streams-http/jars/netty-reactive-streams-http-1.0.7.jar, /Users/jose/.ivy2/cache/com.typesafe.netty/netty-reactive-streams/jars/netty-reactive-streams-1.0.7.jar, /Users/jose/.ivy2/cache/io.netty/netty-handler/jars/netty-handler-4.0.39.Final.jar, /Users/jose/.ivy2/cache/io.netty/netty-buffer/jars/netty-buffer-4.0.39.Final.jar, /Users/jose/.ivy2/cache/io.netty/netty-common/jars/netty-common-4.0.39.Final.jar, /Users/jose/.ivy2/cache/io.netty/netty-transport/jars/netty-transport-4.0.39.Final.jar, /Users/jose/.ivy2/cache/io.netty/netty-codec/jars/netty-codec-4.0.39.Final.jar, /Users/jose/.ivy2/cache/io.netty/netty-codec-http/jars/netty-codec-http-4.0.39.Final.jar, /Users/jose/.ivy2/cache/io.netty/netty-transport-native-epoll/jars/netty-transport-native-epoll-4.0.39.Final-linux-x86_64.jar, /Users/jose/.ivy2/cache/com.typesafe.play/play-logback_2.11/jars/play-logback_2.11-2.5.6.jar, /Users/jose/.ivy2/cache/ch.qos.logback/logback-classic/jars/logback-classic-1.1.7.jar, /Users/jose/.ivy2/cache/ch.qos.logback/logback-core/jars/logback-core-1.1.7.jar, /Users/jose/.ivy2/cache/com.typesafe.play/play-cache_2.11/jars/play-cache_2.11-2.5.6.jar, /Users/jose/.ivy2/cache/net.sf.ehcache/ehcache-core/jars/ehcache-core-2.6.11.jar, /Users/jose/.ivy2/cache/com.typesafe.play/play-java-ws_2.11/jars/play-java-ws_2.11-2.5.6.jar, /Users/jose/.ivy2/cache/com.typesafe.play/play-ws_2.11/jars/play-ws_2.11-2.5.6.jar, /Users/jose/.ivy2/cache/org.asynchttpclient/async-http-client/jars/async-http-client-2.0.11.jar, /Users/jose/.ivy2/cache/org.asynchttpclient/netty-resolver-dns/jars/netty-resolver-dns-2.0.11.jar, /Users/jose/.ivy2/cache/org.asynchttpclient/netty-resolver/jars/netty-resolver-2.0.11.jar, /Users/jose/.ivy2/cache/org.asynchttpclient/netty-codec-dns/jars/netty-codec-dns-2.0.11.jar, /Users/jose/Documents/software/activator-dist-1.3.10/repository/org.javassist/javassist/3.20.0-GA/bundles/javassist.jar, /Users/jose/.ivy2/cache/oauth.signpost/signpost-core/jars/signpost-core-1.2.1.2.jar, /Users/jose/.ivy2/cache/oauth.signpost/signpost-commonshttp4/jars/signpost-commonshttp4-1.2.1.2.jar, /Users/jose/.ivy2/cache/org.apache.httpcomponents/httpcore/jars/httpcore-4.0.1.jar, /Users/jose/.ivy2/cache/org.apache.httpcomponents/httpclient/jars/httpclient-4.0.1.jar, /Users/jose/.ivy2/cache/commons-logging/commons-logging/jars/commons-logging-1.1.1.jar, /Users/jose/.ivy2/cache/com.typesafe.play/play-java-jpa_2.11/jars/play-java-jpa_2.11-2.5.6.jar, /Users/jose/.ivy2/cache/org.hibernate.javax.persistence/hibernate-jpa-2.1-api/jars/hibernate-jpa-2.1-api-1.0.0.Final.jar, /Users/jose/.ivy2/cache/org.hibernate/hibernate-entitymanager/jars/hibernate-entitymanager-5.1.0.Final.jar, /Users/jose/.ivy2/cache/org.jboss.logging/jboss-logging/jars/jboss-logging-3.3.0.Final.jar, /Users/jose/.ivy2/cache/org.hibernate/hibernate-core/jars/hibernate-core-5.1.0.Final.jar, /Users/jose/.ivy2/cache/antlr/antlr/jars/antlr-2.7.7.jar, /Users/jose/.ivy2/cache/org.apache.geronimo.specs/geronimo-jta_1.1_spec/jars/geronimo-jta_1.1_spec-1.1.1.jar, /Users/jose/.ivy2/cache/org.jboss/jandex/bundles/jandex-2.0.0.Final.jar, /Users/jose/.ivy2/cache/com.fasterxml/classmate/bundles/classmate-1.3.0.jar, /Users/jose/.ivy2/cache/dom4j/dom4j/jars/dom4j-1.6.1.jar, /Users/jose/.ivy2/cache/org.hibernate.common/hibernate-commons-annotations/jars/hibernate-commons-annotations-5.0.1.Final.jar, /Users/jose/.ivy2/cache/com.typesafe.play/filters-helpers_2.11/jars/filters-helpers_2.11-2.5.6.jar, /Users/jose/.ivy2/cache/org.postgresql/postgresql/jars/postgresql-9.4-1206-jdbc42.jar, /Users/jose/.ivy2/cache/com.google.code.gson/gson/jars/gson-2.7.jar),List((public/,/Users/jose/Documents/DatosMac/Jose/Universidad/2016-2/Fábricas/Proyecto BiciPlay/BiciPlay/target/web/public/main)),List(/Users/jose/.ivy2/cache/com.typesafe.play/play-omnidoc_2.11/jars/play-omnidoc_2.11-2.5.6.jar, /Users/jose/.ivy2/cache/org.scala-lang/scala-library/jars/scala-library-2.11.7.jar, /Users/jose/.ivy2/cache/com.typesafe.play/play-docs_2.11/jars/play-docs_2.11-2.5.6.jar, /Users/jose/.ivy2/cache/com.typesafe.play/play-netty-server_2.11/jars/play-netty-server_2.11-2.5.6.jar, /Users/jose/.ivy2/cache/com.typesafe.play/play-server_2.11/jars/play-server_2.11-2.5.6.jar, /Users/jose/.ivy2/cache/com.typesafe.play/play_2.11/jars/play_2.11-2.5.6.jar, /Users/jose/.ivy2/cache/com.typesafe.play/build-link/jars/build-link-2.5.6.jar, /Users/jose/.ivy2/cache/com.typesafe.play/play-exceptions/jars/play-exceptions-2.5.6.jar, /Users/jose/.ivy2/cache/com.typesafe.play/play-iteratees_2.11/jars/play-iteratees_2.11-2.5.6.jar, /Users/jose/.ivy2/cache/org.scala-stm/scala-stm_2.11/jars/scala-stm_2.11-0.7.jar, /Users/jose/.ivy2/cache/com.typesafe/config/bundles/config-1.3.0.jar, /Users/jose/.ivy2/cache/com.typesafe.play/play-json_2.11/jars/play-json_2.11-2.5.6.jar, /Users/jose/.ivy2/cache/com.typesafe.play/play-functional_2.11/jars/play-functional_2.11-2.5.6.jar, /Users/jose/.ivy2/cache/com.typesafe.play/play-datacommons_2.11/jars/play-datacommons_2.11-2.5.6.jar, /Users/jose/.ivy2/cache/joda-time/joda-time/jars/joda-time-2.9.4.jar, /Users/jose/Documents/software/activator-dist-1.3.10/repository/org.joda/joda-convert/1.8.1/jars/joda-convert.jar, /Users/jose/.ivy2/cache/org.scala-lang/scala-reflect/jars/scala-reflect-2.11.7.jar, /Users/jose/.ivy2/cache/com.fasterxml.jackson.core/jackson-core/bundles/jackson-core-2.7.6.jar, /Users/jose/.ivy2/cache/com.fasterxml.jackson.core/jackson-annotations/bundles/jackson-annotations-2.7.6.jar, /Users/jose/.ivy2/cache/com.fasterxml.jackson.core/jackson-databind/bundles/jackson-databind-2.7.6.jar, /Users/jose/.ivy2/cache/com.fasterxml.jackson.datatype/jackson-datatype-jdk8/bundles/jackson-datatype-jdk8-2.7.6.jar, /Users/jose/.ivy2/cache/com.fasterxml.jackson.datatype/jackson-datatype-jsr310/bundles/jackson-datatype-jsr310-2.7.6.jar, /Users/jose/.ivy2/cache/com.typesafe.play/play-netty-utils/jars/play-netty-utils-2.5.6.jar, /Users/jose/Documents/software/activator-dist-1.3.10/repository/org.slf4j/slf4j-api/1.7.21/jars/slf4j-api.jar, /Users/jose/.ivy2/cache/org.slf4j/jul-to-slf4j/jars/jul-to-slf4j-1.7.21.jar, /Users/jose/.ivy2/cache/org.slf4j/jcl-over-slf4j/jars/jcl-over-slf4j-1.7.21.jar, /Users/jose/.ivy2/cache/com.typesafe.play/play-streams_2.11/jars/play-streams_2.11-2.5.6.jar, /Users/jose/Documents/software/activator-dist-1.3.10/repository/org.reactivestreams/reactive-streams/1.0.0/jars/reactive-streams.jar, /Users/jose/.ivy2/cache/com.typesafe.akka/akka-stream_2.11/jars/akka-stream_2.11-2.4.9.jar, /Users/jose/.ivy2/cache/com.typesafe.akka/akka-actor_2.11/jars/akka-actor_2.11-2.4.9.jar, /Users/jose/Documents/software/activator-dist-1.3.10/repository/org.scala-lang.modules/scala-java8-compat_2.11/0.7.0/bundles/scala-java8-compat_2.11.jar, /Users/jose/.ivy2/cache/com.typesafe/ssl-config-akka_2.11/bundles/ssl-config-akka_2.11-0.2.1.jar, /Users/jose/.ivy2/cache/com.typesafe/ssl-config-core_2.11/bundles/ssl-config-core_2.11-0.2.1.jar, /Users/jose/.ivy2/cache/org.scala-lang.modules/scala-parser-combinators_2.11/bundles/scala-parser-combinators_2.11-1.0.4.jar, /Users/jose/.ivy2/cache/com.typesafe.play/twirl-api_2.11/jars/twirl-api_2.11-1.1.1.jar, /Users/jose/.ivy2/cache/org.apache.commons/commons-lang3/jars/commons-lang3-3.4.jar, /Users/jose/.ivy2/cache/org.scala-lang.modules/scala-xml_2.11/bundles/scala-xml_2.11-1.0.1.jar, /Users/jose/.ivy2/cache/com.typesafe.akka/akka-slf4j_2.11/jars/akka-slf4j_2.11-2.4.9.jar, /Users/jose/.ivy2/cache/commons-codec/commons-codec/jars/commons-codec-1.10.jar, /Users/jose/.ivy2/cache/xerces/xercesImpl/jars/xercesImpl-2.11.0.jar, /Users/jose/.ivy2/cache/xml-apis/xml-apis/jars/xml-apis-1.4.01.jar, /Users/jose/.ivy2/cache/javax.transaction/jta/jars/jta-1.1.jar, /Users/jose/.ivy2/cache/com.google.inject/guice/jars/guice-4.0.jar, /Users/jose/.ivy2/cache/javax.inject/javax.inject/jars/javax.inject-1.jar, /Users/jose/.ivy2/cache/aopalliance/aopalliance/jars/aopalliance-1.0.jar, /Users/jose/.ivy2/cache/com.google.guava/guava/bundles/guava-16.0.1.jar, /Users/jose/.ivy2/cache/com.google.inject.extensions/guice-assistedinject/jars/guice-assistedinject-4.0.jar, /Users/jose/.ivy2/cache/com.typesafe.netty/netty-reactive-streams-http/jars/netty-reactive-streams-http-1.0.7.jar, /Users/jose/.ivy2/cache/com.typesafe.netty/netty-reactive-streams/jars/netty-reactive-streams-1.0.7.jar, /Users/jose/.ivy2/cache/io.netty/netty-handler/jars/netty-handler-4.0.39.Final.jar, /Users/jose/.ivy2/cache/io.netty/netty-buffer/jars/netty-buffer-4.0.39.Final.jar, /Users/jose/.ivy2/cache/io.netty/netty-common/jars/netty-common-4.0.39.Final.jar, /Users/jose/.ivy2/cache/io.netty/netty-transport/jars/netty-transport-4.0.39.Final.jar, /Users/jose/.ivy2/cache/io.netty/netty-codec/jars/netty-codec-4.0.39.Final.jar, /Users/jose/.ivy2/cache/io.netty/netty-codec-http/jars/netty-codec-http-4.0.39.Final.jar, /Users/jose/.ivy2/cache/io.netty/netty-transport-native-epoll/jars/netty-transport-native-epoll-4.0.39.Final-linux-x86_64.jar, /Users/jose/.ivy2/cache/com.typesafe.play/play-doc_2.11/jars/play-doc_2.11-1.2.2.jar, /Users/jose/.ivy2/cache/org.pegdown/pegdown/jars/pegdown-1.4.0.jar, /Users/jose/.ivy2/cache/org.parboiled/parboiled-java/bundles/parboiled-java-1.1.5.jar, /Users/jose/.ivy2/cache/org.parboiled/parboiled-core/bundles/parboiled-core-1.1.5.jar, /Users/jose/.ivy2/cache/org.ow2.asm/asm/jars/asm-4.1.jar, /Users/jose/.ivy2/cache/org.ow2.asm/asm-tree/jars/asm-tree-4.1.jar, /Users/jose/.ivy2/cache/org.ow2.asm/asm-analysis/jars/asm-analysis-4.1.jar, /Users/jose/.ivy2/cache/org.ow2.asm/asm-util/jars/asm-util-4.1.jar, /Users/jose/.ivy2/cache/commons-io/commons-io/jars/commons-io-2.4.jar),Some(/Users/jose/.ivy2/cache/com.typesafe.play/play-omnidoc_2.11/jars/play-omnidoc_2.11-2.5.6.jar),List(),9000,0.0.0.0,DefaultWatchService,List(/Users/jose/Documents/DatosMac/Jose/Universidad/2016-2/Fábricas/Proyecto BiciPlay/BiciPlay/public, /Users/jose/Documents/DatosMac/Jose/Universidad/2016-2/Fábricas/Proyecto BiciPlay/BiciPlay/conf, /Users/jose/Documents/DatosMac/Jose/Universidad/2016-2/Fábricas/Proyecto BiciPlay/BiciPlay/app),/Users/jose/Documents/DatosMac/Jose/Universidad/2016-2/Fábricas/Proyecto BiciPlay/BiciPlay/target,500,root/playForkNotifyStart,root/playForkReload,300000,play.core.server.DevServerStart))))
Sending msg to client play-fork-run-db963be1-12e8-41f2-85b3-9f7a6ed5b015: TaskStarted(17,1253,None)
Sending msg to client play-fork-run-db963be1-12e8-41f2-85b3-9f7a6ed5b015: TaskFinished(17,1253,None,true,None)
Sending msg to client play-fork-run-db963be1-12e8-41f2-85b3-9f7a6ed5b015: TaskStarted(17,1252,None)
Sending msg to client play-fork-run-db963be1-12e8-41f2-85b3-9f7a6ed5b015: TaskFinished(17,1252,None,true,None)
Sending msg to client play-fork-run-db963be1-12e8-41f2-85b3-9f7a6ed5b015: DetachedLogEvent(LogMessage(debug,cancel strategy finish enabled=false lastCommand=Some(LastCommand(CommandExecutionWork(ExecutionId(17),{file:/Users/jose/Documents/DatosMac/Jose/Universidad/2016-2/F%C3%A1bricas/Proyecto%20BiciPlay/BiciPlay/}root/*:playForkConfig,Set(LiveClient(play-fork-run db963be1-12e8-41f2-85b3-9f7a6ed5b015)),sbt.server.WorkCancellationStatus$$anon$1@58194b15)))))
Sending msg to client play-fork-run-db963be1-12e8-41f2-85b3-9f7a6ed5b015: DetachedLogEvent(LogSuccess(Total time: 0 s, completed Nov 29, 2016 12:24:25 PM))
Sending msg to client play-fork-run-db963be1-12e8-41f2-85b3-9f7a6ed5b015: DetachedLogEvent(LogMessage(debug,> server-post-command-cleanup))
Sending msg to client play-fork-run-db963be1-12e8-41f2-85b3-9f7a6ed5b015: ExecutionSuccess(17)
Sending msg to client play-fork-run-db963be1-12e8-41f2-85b3-9f7a6ed5b015: DetachedLogEvent(LogMessage(debug,> server-handle-next-server-request))
Sending msg to client play-fork-run-db963be1-12e8-41f2-85b3-9f7a6ed5b015: BackgroundJobLogEvent(3,LogMessage(info,))
Sending msg to client play-fork-run-db963be1-12e8-41f2-85b3-9f7a6ed5b015: BackgroundJobLogEvent(2,LogMessage(info,JVM exiting, shutting down Play fork run ...))
Sending msg to client play-fork-run-db963be1-12e8-41f2-85b3-9f7a6ed5b015: BackgroundJobLogEvent(2,LogMessage(info,Play fork run already stopped ...))
Sending msg to client play-fork-run-db963be1-12e8-41f2-85b3-9f7a6ed5b015: BackgroundJobLogEvent(2,LogMessage(info,Forked Play process exited with status: 0))
Sending msg to client play-fork-run-db963be1-12e8-41f2-85b3-9f7a6ed5b015: BackgroundJobFinished(11,2)
Sending msg to client play-fork-run-db963be1-12e8-41f2-85b3-9f7a6ed5b015: BackgroundJobLogEvent(3,LogMessage(info,[35m--- (Running the application, auto-reloading is enabled) ---[0m))
Sending msg to client play-fork-run-db963be1-12e8-41f2-85b3-9f7a6ed5b015: BackgroundJobLogEvent(3,LogMessage(info,))
Sending msg to client play-fork-run-db963be1-12e8-41f2-85b3-9f7a6ed5b015: BackgroundJobLogEvent(3,LogMessage(info,p.c.s.NettyServer - Listening for HTTP on /0:0:0:0:0:0:0:0:9000))
Sending msg to client play-fork-run-db963be1-12e8-41f2-85b3-9f7a6ed5b015: BackgroundJobLogEvent(3,LogMessage(info,))
Sending msg to client play-fork-run-db963be1-12e8-41f2-85b3-9f7a6ed5b015: BackgroundJobLogEvent(3,LogMessage(info,[32m(Server started, use Ctrl+D to stop and go back to the console...)[0m))
Sending msg to client play-fork-run-db963be1-12e8-41f2-85b3-9f7a6ed5b015: BackgroundJobLogEvent(3,LogMessage(info,))
Got request: ExecutionRequest(root/playForkNotifyStart http://localhost:9000)
Reading next message from client.
Sending msg to client play-fork-run-db963be1-12e8-41f2-85b3-9f7a6ed5b015: (8,ExecutionRequestReceived(18))
Sending msg to client play-fork-run-db963be1-12e8-41f2-85b3-9f7a6ed5b015: ExecutionWaiting(18,root/playForkNotifyStart http://localhost:9000,ClientInfo(db963be1-12e8-41f2-85b3-9f7a6ed5b015,play-fork-run,Play Fork Run,1,Vector()))
Sending msg to client play-fork-run-db963be1-12e8-41f2-85b3-9f7a6ed5b015: ExecutionStarting(18)
Sending msg to client play-fork-run-db963be1-12e8-41f2-85b3-9f7a6ed5b015: DetachedLogEvent(LogMessage(debug,> root/playForkNotifyStart http://localhost:9000))
Sending msg to client play-fork-run-db963be1-12e8-41f2-85b3-9f7a6ed5b015: DetachedLogEvent(LogMessage(debug,Evaluating tasks: *:playForkNotifyStart))
Sending msg to client play-fork-run-db963be1-12e8-41f2-85b3-9f7a6ed5b015: DetachedLogEvent(LogMessage(debug,Running task... Cancel: sbt.server.ServerTaskCancellation@4de3bb51, check cycles: false))
Sending msg to client play-fork-run-db963be1-12e8-41f2-85b3-9f7a6ed5b015: DetachedLogEvent(LogMessage(debug,cancel strategy start enabled=true lastCommand=Some(LastCommand(CommandExecutionWork(ExecutionId(18),root/playForkNotifyStart http://localhost:9000,Set(LiveClient(play-fork-run db963be1-12e8-41f2-85b3-9f7a6ed5b015)),sbt.server.WorkCancellationStatus$$anon$1@76974229)))))
Sending msg to client play-fork-run-db963be1-12e8-41f2-85b3-9f7a6ed5b015: TaskStarted(18,1332,Some(AttributeKey[sbt.SendEventService]("sendEventService") in Scope(Global)))
Sending msg to client play-fork-run-db963be1-12e8-41f2-85b3-9f7a6ed5b015: TaskFinished(18,1332,Some(AttributeKey[sbt.SendEventService]("sendEventService") in Scope(Global)),true,None)
Sending msg to client play-fork-run-db963be1-12e8-41f2-85b3-9f7a6ed5b015: TaskStarted(18,1331,Some(AttributeKey[scala.Function1[java.lang.String,void]]("playForkStarted") in Scope(Build: file:/Users/jose/Documents/DatosMac/Jose/Universidad/2016-2/F%C3%A1bricas/Proyecto%20BiciPlay/BiciPlay/, , Project: ProjectReference(file:/Users/jose/Documents/DatosMac/Jose/Universidad/2016-2/F%C3%A1bricas/Proyecto%20BiciPlay/BiciPlay/,root))))
Sending msg to client play-fork-run-db963be1-12e8-41f2-85b3-9f7a6ed5b015: TaskFinished(18,1331,Some(AttributeKey[scala.Function1[java.lang.String,void]]("playForkStarted") in Scope(Build: file:/Users/jose/Documents/DatosMac/Jose/Universidad/2016-2/F%C3%A1bricas/Proyecto%20BiciPlay/BiciPlay/, , Project: ProjectReference(file:/Users/jose/Documents/DatosMac/Jose/Universidad/2016-2/F%C3%A1bricas/Proyecto%20BiciPlay/BiciPlay/,root))),true,None)
Sending msg to client play-fork-run-db963be1-12e8-41f2-85b3-9f7a6ed5b015: TaskStarted(18,1330,Some(AttributeKey[void]("playForkNotifyStart") in Scope(Build: file:/Users/jose/Documents/DatosMac/Jose/Universidad/2016-2/F%C3%A1bricas/Proyecto%20BiciPlay/BiciPlay/, , Project: ProjectReference(file:/Users/jose/Documents/DatosMac/Jose/Universidad/2016-2/F%C3%A1bricas/Proyecto%20BiciPlay/BiciPlay/,root))))
Sending msg to client play-fork-run-db963be1-12e8-41f2-85b3-9f7a6ed5b015: TaskEvent(1330,LazyValue(PlayServerStarted(http://localhost:9000),play.forkrun.protocol.Serializers$PlayForkrunProtocolPlayServerStartedPickler1$2$@917812e))
Sending msg to client play-fork-run-db963be1-12e8-41f2-85b3-9f7a6ed5b015: TaskFinished(18,1330,Some(AttributeKey[void]("playForkNotifyStart") in Scope(Build: file:/Users/jose/Documents/DatosMac/Jose/Universidad/2016-2/F%C3%A1bricas/Proyecto%20BiciPlay/BiciPlay/, , Project: ProjectReference(file:/Users/jose/Documents/DatosMac/Jose/Universidad/2016-2/F%C3%A1bricas/Proyecto%20BiciPlay/BiciPlay/,root))),true,None)
Sending msg to client play-fork-run-db963be1-12e8-41f2-85b3-9f7a6ed5b015: TaskStarted(18,1329,None)
Sending msg to client play-fork-run-db963be1-12e8-41f2-85b3-9f7a6ed5b015: TaskFinished(18,1329,None,true,None)
Sending msg to client play-fork-run-db963be1-12e8-41f2-85b3-9f7a6ed5b015: TaskStarted(18,1328,None)
Sending msg to client play-fork-run-db963be1-12e8-41f2-85b3-9f7a6ed5b015: TaskFinished(18,1328,None,true,None)
Sending msg to client play-fork-run-db963be1-12e8-41f2-85b3-9f7a6ed5b015: DetachedLogEvent(LogMessage(debug,cancel strategy finish enabled=false lastCommand=Some(LastCommand(CommandExecutionWork(ExecutionId(18),root/playForkNotifyStart http://localhost:9000,Set(LiveClient(play-fork-run db963be1-12e8-41f2-85b3-9f7a6ed5b015)),sbt.server.WorkCancellationStatus$$anon$1@76974229)))))
Sending msg to client play-fork-run-db963be1-12e8-41f2-85b3-9f7a6ed5b015: DetachedLogEvent(LogSuccess(Total time: 0 s, completed Nov 29, 2016 12:24:33 PM))
Sending msg to client play-fork-run-db963be1-12e8-41f2-85b3-9f7a6ed5b015: DetachedLogEvent(LogMessage(debug,> server-post-command-cleanup))
Sending msg to client play-fork-run-db963be1-12e8-41f2-85b3-9f7a6ed5b015: ExecutionSuccess(18)
Sending msg to client play-fork-run-db963be1-12e8-41f2-85b3-9f7a6ed5b015: DetachedLogEvent(LogMessage(debug,> server-handle-next-server-request))
